#
# There is insufficient memory for the Java Runtime Environment to continue.
# Native memory allocation (mmap) failed to map 270532608 bytes for Failed to commit area from 0x0000000090200000 to 0x00000000a0400000 of length 270532608.
# Possible reasons:
#   The system is out of physical RAM or swap space
#   The process is running with CompressedOops enabled, and the Java Heap may be blocking the growth of the native heap
# Possible solutions:
#   Reduce memory load on the system
#   Increase physical memory or swap space
#   Check if swap backing store is full
#   Decrease Java heap size (-Xmx/-Xms)
#   Decrease number of Java threads
#   Decrease Java thread stack sizes (-Xss)
#   Set larger code cache with -XX:ReservedCodeCacheSize=
#   JVM is running with Unscaled Compressed Oops mode in which the Java heap is
#     placed in the first 4GB address space. The Java Heap base address is the
#     maximum limit for the native heap growth. Please use -XX:HeapBaseMinAddress
#     to set the Java Heap base and to place the Java Heap above 4GB virtual address.
# This output file may be truncated or incomplete.
#
#  Out of Memory Error (./src/hotspot/os/windows/os_windows.cpp:3521), pid=2176, tid=13580
#
# JRE version: OpenJDK Runtime Environment (11.0.12+7) (build 11.0.12+7-b1504.28-7817840)
# Java VM: OpenJDK 64-Bit Server VM (11.0.12+7-b1504.28-7817840, mixed mode, tiered, compressed oops, g1 gc, windows-amd64)
# No core dump will be written. Minidumps are not enabled by default on client versions of Windows
#

---------------  S U M M A R Y ------------

Command Line: --add-opens=java.base/java.util=ALL-UNNAMED --add-opens=java.base/java.lang=ALL-UNNAMED --add-opens=java.base/java.lang.invoke=ALL-UNNAMED --add-opens=java.base/java.util=ALL-UNNAMED --add-opens=java.prefs/java.util.prefs=ALL-UNNAMED --add-opens=java.prefs/java.util.prefs=ALL-UNNAMED --add-opens=java.base/java.nio.charset=ALL-UNNAMED --add-opens=java.base/java.net=ALL-UNNAMED --add-opens=java.base/java.util.concurrent.atomic=ALL-UNNAMED -Xmx2048m -Dfile.encoding=UTF-8 -Duser.country=US -Duser.language=en -Duser.variant org.gradle.launcher.daemon.bootstrap.GradleDaemon 7.3.3

Host: 11th Gen Intel(R) Core(TM) i3-1115G4 @ 3.00GHz, 4 cores, 7G,  Windows 10 , 64 bit Build 19041 (10.0.19041.1889)
Time: Sat Oct 29 10:50:22 2022 Sri Lanka Standard Time elapsed time: 1628.334291 seconds (0d 0h 27m 8s)

---------------  T H R E A D  ---------------

Current thread (0x0000026e7baae800):  VMThread "VM Thread" [stack: 0x0000009b1a700000,0x0000009b1a800000] [id=13580]

Stack: [0x0000009b1a700000,0x0000009b1a800000]
[error occurred during error reporting (printing stack bounds), id 0xc0000005, EXCEPTION_ACCESS_VIOLATION (0xc0000005) at pc=0x0000026e000012e7]

Native frames: (J=compiled Java code, j=interpreted, Vv=VM code, C=native code)
V  [jvm.dll+0x5fbcea]
V  [jvm.dll+0x731905]
V  [jvm.dll+0x732f1d]
V  [jvm.dll+0x733535]
V  [jvm.dll+0x7334eb]
V  [jvm.dll+0x5fb080]
V  [jvm.dll+0x5fb818]
C  [ntdll.dll+0xa241f]
C  [ntdll.dll+0x514a4]
C  [ntdll.dll+0xa0f4e]
C  0x0000026e000012e7

VM_Operation (0x0000009b1fbfc010): G1CollectForAllocation, mode: safepoint, requested by thread 0x0000026e134ba800


---------------  P R O C E S S  ---------------

Threads class SMR info:
_java_thread_list=0x0000026e12f40080, length=94, elements={
0x0000026e70ec0000, 0x0000026e7bab3000, 0x0000026e7babd000, 0x0000026e7bad7800,
0x0000026e7c445000, 0x0000026e7c448800, 0x0000026e7c44b000, 0x0000026e7c44e800,
0x0000026e7bae8800, 0x0000026e7c5c8000, 0x0000026e7db42800, 0x0000026e7dc79800,
0x0000026e7d90a000, 0x0000026e7e882800, 0x0000026e7e882000, 0x0000026e7e881000,
0x0000026e7e880000, 0x0000026e7e883800, 0x0000026e7efec000, 0x0000026e7efeb000,
0x0000026e7efed000, 0x0000026e7eff1800, 0x0000026e7eff2800, 0x0000026e7eb36000,
0x0000026e7eb36800, 0x0000026e10ca5800, 0x0000026e10cb3800, 0x0000026e7eb31000,
0x0000026e7eb2b800, 0x0000026e7eb2e800, 0x0000026e7eb30000, 0x0000026e7eb32000,
0x0000026e7eb2d000, 0x0000026e7eb2c000, 0x0000026e7eb2d800, 0x0000026e7eb34800,
0x0000026e7eb32800, 0x0000026e7eb33800, 0x0000026e7eb35000, 0x0000026e7eb2f800,
0x0000026e7eb37800, 0x0000026e7eb38800, 0x0000026e7eb39000, 0x0000026e10cac000,
0x0000026e10ca8000, 0x0000026e10caa800, 0x0000026e10ca6800, 0x0000026e10ca7800,
0x0000026e10cae800, 0x0000026e10cae000, 0x0000026e10ca9000, 0x0000026e10caf800,
0x0000026e10caa000, 0x0000026e10cb0800, 0x0000026e10cb1000, 0x0000026e10cb4800,
0x0000026e10cb2000, 0x0000026e10cb2800, 0x0000026e7efef000, 0x0000026e7efee800,
0x0000026e7eff0000, 0x0000026e7efea800, 0x0000026e7eff3800, 0x0000026e7eff4000,
0x0000026e7eff5000, 0x0000026e7eff6000, 0x0000026e7eff6800, 0x0000026e7eff1000,
0x0000026e7e884000, 0x0000026e7e87e800, 0x0000026e7e885000, 0x0000026e7e87f800,
0x0000026e134ad800, 0x0000026e134b2800, 0x0000026e134b2000, 0x0000026e134b3800,
0x0000026e134ae800, 0x0000026e134b4000, 0x0000026e134b5000, 0x0000026e134af800,
0x0000026e134b1000, 0x0000026e134b6000, 0x0000026e134b0000, 0x0000026e134ba800,
0x0000026e134ba000, 0x0000026e134b8800, 0x0000026e134b7800, 0x0000026e134b9000,
0x0000026e134bb800, 0x0000026e134b6800, 0x0000026e134bc800, 0x0000026e7f126000,
0x0000026e7f127000, 0x0000026e7f121000
}

Java Threads: ( => current thread )
  0x0000026e70ec0000 JavaThread "main" [_thread_blocked, id=15232, stack(0x0000009b1a100000,0x0000009b1a200000)]
  0x0000026e7bab3000 JavaThread "Reference Handler" daemon [_thread_blocked, id=9116, stack(0x0000009b1a800000,0x0000009b1a900000)]
  0x0000026e7babd000 JavaThread "Finalizer" daemon [_thread_blocked, id=4460, stack(0x0000009b1a900000,0x0000009b1aa00000)]
  0x0000026e7bad7800 JavaThread "Signal Dispatcher" daemon [_thread_blocked, id=16780, stack(0x0000009b1aa00000,0x0000009b1ab00000)]
  0x0000026e7c445000 JavaThread "Attach Listener" daemon [_thread_blocked, id=14480, stack(0x0000009b1ab00000,0x0000009b1ac00000)]
  0x0000026e7c448800 JavaThread "Service Thread" daemon [_thread_blocked, id=9028, stack(0x0000009b1ac00000,0x0000009b1ad00000)]
  0x0000026e7c44b000 JavaThread "C2 CompilerThread0" daemon [_thread_blocked, id=11744, stack(0x0000009b1ad00000,0x0000009b1ae00000)]
  0x0000026e7c44e800 JavaThread "C1 CompilerThread0" daemon [_thread_blocked, id=13172, stack(0x0000009b1ae00000,0x0000009b1af00000)]
  0x0000026e7bae8800 JavaThread "Sweeper thread" daemon [_thread_blocked, id=3888, stack(0x0000009b1af00000,0x0000009b1b000000)]
  0x0000026e7c5c8000 JavaThread "Common-Cleaner" daemon [_thread_blocked, id=7956, stack(0x0000009b1b000000,0x0000009b1b100000)]
  0x0000026e7db42800 JavaThread "Daemon health stats" [_thread_blocked, id=7408, stack(0x0000009b1b400000,0x0000009b1b500000)]
  0x0000026e7dc79800 JavaThread "Incoming local TCP Connector on port 62831" [_thread_in_native, id=15848, stack(0x0000009b1b200000,0x0000009b1b300000)]
  0x0000026e7d90a000 JavaThread "Daemon periodic checks" [_thread_blocked, id=2328, stack(0x0000009b1b500000,0x0000009b1b600000)]
  0x0000026e7e882800 JavaThread "Cache worker for journal cache (C:\Users\EACMS\.gradle\caches\journal-1)" [_thread_blocked, id=2596, stack(0x0000009b1c000000,0x0000009b1c100000)]
  0x0000026e7e882000 JavaThread "File lock request listener" [_thread_in_native, id=7448, stack(0x0000009b1c100000,0x0000009b1c200000)]
  0x0000026e7e881000 JavaThread "Cache worker for file hash cache (C:\Users\EACMS\.gradle\caches\7.3.3\fileHashes)" [_thread_blocked, id=14024, stack(0x0000009b1c200000,0x0000009b1c300000)]
  0x0000026e7e880000 JavaThread "File watcher server" daemon [_thread_blocked, id=12592, stack(0x0000009b1c400000,0x0000009b1c500000)]
  0x0000026e7e883800 JavaThread "File watcher consumer" daemon [_thread_blocked, id=7192, stack(0x0000009b1c500000,0x0000009b1c600000)]
  0x0000026e7efec000 JavaThread "Cache worker for execution history cache (C:\Users\EACMS\.gradle\caches\7.3.3\executionHistory)" [_thread_blocked, id=5392, stack(0x0000009b1c900000,0x0000009b1ca00000)]
  0x0000026e7efeb000 JavaThread "jar transforms" [_thread_blocked, id=10500, stack(0x0000009b1ca00000,0x0000009b1cb00000)]
  0x0000026e7efed000 JavaThread "Cache worker for file content cache (C:\Users\EACMS\.gradle\caches\7.3.3\fileContent)" [_thread_blocked, id=10564, stack(0x0000009b1cb00000,0x0000009b1cc00000)]
  0x0000026e7eff1800 JavaThread "jar transforms Thread 2" [_thread_blocked, id=2108, stack(0x0000009b1cc00000,0x0000009b1cd00000)]
  0x0000026e7eff2800 JavaThread "jar transforms Thread 3" [_thread_blocked, id=1920, stack(0x0000009b1ce00000,0x0000009b1cf00000)]
  0x0000026e7eb36000 JavaThread "jar transforms Thread 4" [_thread_blocked, id=12252, stack(0x0000009b1f800000,0x0000009b1f900000)]
  0x0000026e7eb36800 JavaThread "Memory manager" [_thread_blocked, id=6156, stack(0x0000009b1f900000,0x0000009b1fa00000)]
  0x0000026e10ca5800 JavaThread "Cache worker for Java compile cache (C:\Users\EACMS\.gradle\caches\7.3.3\javaCompile)" [_thread_blocked, id=1640, stack(0x0000009b1bd00000,0x0000009b1be00000)]
  0x0000026e10cb3800 JavaThread "ForkJoinPool.commonPool-worker-5" daemon [_thread_blocked, id=14200, stack(0x0000009b20900000,0x0000009b20a00000)]
  0x0000026e7eb31000 JavaThread "Daemon Thread 3" [_thread_blocked, id=10352, stack(0x0000009b19e00000,0x0000009b19f00000)]
  0x0000026e7eb2b800 JavaThread "Handler for socket connection from /127.0.0.1:62831 to /127.0.0.1:63947" [_thread_in_native, id=17004, stack(0x0000009b19f00000,0x0000009b1a000000)]
  0x0000026e7eb2e800 JavaThread "Cancel handler" [_thread_blocked, id=7188, stack(0x0000009b1a000000,0x0000009b1a100000)]
  0x0000026e7eb30000 JavaThread "Daemon worker Thread 3" [_thread_blocked, id=12632, stack(0x0000009b1b600000,0x0000009b1b700000)]
  0x0000026e7eb32000 JavaThread "Asynchronous log dispatcher for DefaultDaemonConnection: socket connection from /127.0.0.1:62831 to /127.0.0.1:63947" [_thread_blocked, id=3268, stack(0x0000009b1b700000,0x0000009b1b800000)]
  0x0000026e7eb2d000 JavaThread "Stdin handler" [_thread_blocked, id=7460, stack(0x0000009b1b800000,0x0000009b1b900000)]
  0x0000026e7eb2c000 JavaThread "Daemon client event forwarder" [_thread_blocked, id=11732, stack(0x0000009b1b900000,0x0000009b1ba00000)]
  0x0000026e7eb2d800 JavaThread "Cache worker for file hash cache (E:\Campus\4-year\sem-1\MObile_application\nipuni\.gradle\7.3.3\fileHashes)" [_thread_blocked, id=6804, stack(0x0000009b1ba00000,0x0000009b1bb00000)]
  0x0000026e7eb34800 JavaThread "Cache worker for checksums cache (E:\Campus\4-year\sem-1\MObile_application\nipuni\.gradle\7.3.3\checksums)" [_thread_blocked, id=8600, stack(0x0000009b1bb00000,0x0000009b1bc00000)]
  0x0000026e7eb32800 JavaThread "Cache worker for cache directory md-supplier (C:\Users\EACMS\.gradle\caches\7.3.3\md-supplier)" [_thread_blocked, id=9320, stack(0x0000009b1bc00000,0x0000009b1bd00000)]
  0x0000026e7eb33800 JavaThread "Cache worker for cache directory md-rule (C:\Users\EACMS\.gradle\caches\7.3.3\md-rule)" [_thread_blocked, id=4976, stack(0x0000009b1c300000,0x0000009b1c400000)]
  0x0000026e7eb35000 JavaThread "Cache worker for dependencies-accessors (E:\Campus\4-year\sem-1\MObile_application\nipuni\.gradle\7.3.3\dependencies-accessors)" [_thread_blocked, id=8104, stack(0x0000009b1c600000,0x0000009b1c700000)]
  0x0000026e7eb2f800 JavaThread "Cache worker for Build Output Cleanup Cache (E:\Campus\4-year\sem-1\MObile_application\nipuni\.gradle\buildOutputCleanup)" [_thread_blocked, id=9364, stack(0x0000009b1c700000,0x0000009b1c800000)]
  0x0000026e7eb37800 JavaThread "Unconstrained build operations" [_thread_blocked, id=16296, stack(0x0000009b1c800000,0x0000009b1c900000)]
  0x0000026e7eb38800 JavaThread "Unconstrained build operations Thread 2" [_thread_blocked, id=12128, stack(0x0000009b1cd00000,0x0000009b1ce00000)]
  0x0000026e7eb39000 JavaThread "Unconstrained build operations Thread 3" [_thread_blocked, id=9628, stack(0x0000009b1cf00000,0x0000009b1d000000)]
  0x0000026e10cac000 JavaThread "Unconstrained build operations Thread 4" [_thread_blocked, id=8808, stack(0x0000009b1d000000,0x0000009b1d100000)]
  0x0000026e10ca8000 JavaThread "Unconstrained build operations Thread 5" [_thread_blocked, id=2200, stack(0x0000009b1d100000,0x0000009b1d200000)]
  0x0000026e10caa800 JavaThread "Unconstrained build operations Thread 6" [_thread_blocked, id=12412, stack(0x0000009b1d200000,0x0000009b1d300000)]
  0x0000026e10ca6800 JavaThread "Unconstrained build operations Thread 7" [_thread_blocked, id=12900, stack(0x0000009b1d300000,0x0000009b1d400000)]
  0x0000026e10ca7800 JavaThread "Unconstrained build operations Thread 8" [_thread_blocked, id=15176, stack(0x0000009b1d400000,0x0000009b1d500000)]
  0x0000026e10cae800 JavaThread "Unconstrained build operations Thread 9" [_thread_blocked, id=472, stack(0x0000009b1d500000,0x0000009b1d600000)]
  0x0000026e10cae000 JavaThread "Unconstrained build operations Thread 10" [_thread_blocked, id=1456, stack(0x0000009b1d700000,0x0000009b1d800000)]
  0x0000026e10ca9000 JavaThread "Unconstrained build operations Thread 11" [_thread_blocked, id=7036, stack(0x0000009b1d800000,0x0000009b1d900000)]
  0x0000026e10caf800 JavaThread "Unconstrained build operations Thread 12" [_thread_blocked, id=10100, stack(0x0000009b1d900000,0x0000009b1da00000)]
  0x0000026e10caa000 JavaThread "Unconstrained build operations Thread 13" [_thread_blocked, id=6944, stack(0x0000009b1da00000,0x0000009b1db00000)]
  0x0000026e10cb0800 JavaThread "Unconstrained build operations Thread 14" [_thread_blocked, id=14516, stack(0x0000009b1db00000,0x0000009b1dc00000)]
  0x0000026e10cb1000 JavaThread "Unconstrained build operations Thread 15" [_thread_blocked, id=9876, stack(0x0000009b1dc00000,0x0000009b1dd00000)]
  0x0000026e10cb4800 JavaThread "Unconstrained build operations Thread 16" [_thread_blocked, id=8856, stack(0x0000009b1dd00000,0x0000009b1de00000)]
  0x0000026e10cb2000 JavaThread "Unconstrained build operations Thread 17" [_thread_blocked, id=2352, stack(0x0000009b1de00000,0x0000009b1df00000)]
  0x0000026e10cb2800 JavaThread "Unconstrained build operations Thread 18" [_thread_blocked, id=14004, stack(0x0000009b1df00000,0x0000009b1e000000)]
  0x0000026e7efef000 JavaThread "Unconstrained build operations Thread 19" [_thread_blocked, id=8984, stack(0x0000009b1e000000,0x0000009b1e100000)]
  0x0000026e7efee800 JavaThread "Unconstrained build operations Thread 20" [_thread_blocked, id=11132, stack(0x0000009b1e100000,0x0000009b1e200000)]
  0x0000026e7eff0000 JavaThread "Unconstrained build operations Thread 21" [_thread_blocked, id=7316, stack(0x0000009b1e200000,0x0000009b1e300000)]
  0x0000026e7efea800 JavaThread "Unconstrained build operations Thread 22" [_thread_blocked, id=2728, stack(0x0000009b1e300000,0x0000009b1e400000)]
  0x0000026e7eff3800 JavaThread "Unconstrained build operations Thread 23" [_thread_blocked, id=2668, stack(0x0000009b1e400000,0x0000009b1e500000)]
  0x0000026e7eff4000 JavaThread "Unconstrained build operations Thread 24" [_thread_blocked, id=952, stack(0x0000009b1e500000,0x0000009b1e600000)]
  0x0000026e7eff5000 JavaThread "Unconstrained build operations Thread 25" [_thread_blocked, id=5008, stack(0x0000009b1e600000,0x0000009b1e700000)]
  0x0000026e7eff6000 JavaThread "Unconstrained build operations Thread 26" [_thread_blocked, id=7156, stack(0x0000009b1e700000,0x0000009b1e800000)]
  0x0000026e7eff6800 JavaThread "Unconstrained build operations Thread 27" [_thread_blocked, id=12912, stack(0x0000009b1e800000,0x0000009b1e900000)]
  0x0000026e7eff1000 JavaThread "Unconstrained build operations Thread 28" [_thread_blocked, id=14476, stack(0x0000009b1e900000,0x0000009b1ea00000)]
  0x0000026e7e884000 JavaThread "Unconstrained build operations Thread 29" [_thread_blocked, id=11952, stack(0x0000009b1ea00000,0x0000009b1eb00000)]
  0x0000026e7e87e800 JavaThread "Unconstrained build operations Thread 30" [_thread_blocked, id=3408, stack(0x0000009b1eb00000,0x0000009b1ec00000)]
  0x0000026e7e885000 JavaThread "Unconstrained build operations Thread 31" [_thread_blocked, id=604, stack(0x0000009b1ec00000,0x0000009b1ed00000)]
  0x0000026e7e87f800 JavaThread "Unconstrained build operations Thread 32" [_thread_blocked, id=14056, stack(0x0000009b1ed00000,0x0000009b1ee00000)]
  0x0000026e134ad800 JavaThread "Unconstrained build operations Thread 33" [_thread_blocked, id=7676, stack(0x0000009b1ee00000,0x0000009b1ef00000)]
  0x0000026e134b2800 JavaThread "Unconstrained build operations Thread 34" [_thread_blocked, id=9560, stack(0x0000009b1ef00000,0x0000009b1f000000)]
  0x0000026e134b2000 JavaThread "Unconstrained build operations Thread 35" [_thread_blocked, id=12484, stack(0x0000009b1f000000,0x0000009b1f100000)]
  0x0000026e134b3800 JavaThread "Unconstrained build operations Thread 36" [_thread_blocked, id=820, stack(0x0000009b1f100000,0x0000009b1f200000)]
  0x0000026e134ae800 JavaThread "Unconstrained build operations Thread 37" [_thread_blocked, id=10444, stack(0x0000009b1f200000,0x0000009b1f300000)]
  0x0000026e134b4000 JavaThread "Unconstrained build operations Thread 38" [_thread_blocked, id=12576, stack(0x0000009b1f300000,0x0000009b1f400000)]
  0x0000026e134b5000 JavaThread "Unconstrained build operations Thread 39" [_thread_blocked, id=12316, stack(0x0000009b1f400000,0x0000009b1f500000)]
  0x0000026e134af800 JavaThread "Unconstrained build operations Thread 40" [_thread_blocked, id=13508, stack(0x0000009b1f500000,0x0000009b1f600000)]
  0x0000026e134b1000 JavaThread "build event listener" [_thread_blocked, id=8040, stack(0x0000009b1f600000,0x0000009b1f700000)]
  0x0000026e134b6000 JavaThread "Execution worker for ':'" [_thread_blocked, id=15152, stack(0x0000009b1f700000,0x0000009b1f800000)]
  0x0000026e134b0000 JavaThread "Execution worker for ':' Thread 2" [_thread_blocked, id=10104, stack(0x0000009b1fa00000,0x0000009b1fb00000)]
  0x0000026e134ba800 JavaThread "Execution worker for ':' Thread 3" [_thread_blocked, id=14116, stack(0x0000009b1fb00000,0x0000009b1fc00000)]
  0x0000026e134ba000 JavaThread "Cache worker for execution history cache (E:\Campus\4-year\sem-1\MObile_application\nipuni\.gradle\7.3.3\executionHistory)" [_thread_blocked, id=7800, stack(0x0000009b1fc00000,0x0000009b1fd00000)]
  0x0000026e134b8800 JavaThread "Build operations" [_thread_blocked, id=9288, stack(0x0000009b1d600000,0x0000009b1d700000)]
  0x0000026e134b7800 JavaThread "Build operations Thread 2" [_thread_blocked, id=9556, stack(0x0000009b1fd00000,0x0000009b1fe00000)]
  0x0000026e134b9000 JavaThread "Build operations Thread 3" [_thread_blocked, id=16816, stack(0x0000009b1fe00000,0x0000009b1ff00000)]
  0x0000026e134bb800 JavaThread "Build operations Thread 4" [_thread_blocked, id=7752, stack(0x0000009b1ff00000,0x0000009b20000000)]
  0x0000026e134b6800 JavaThread "WorkerExecutor Queue" [_thread_blocked, id=16180, stack(0x0000009b20000000,0x0000009b20100000)]
  0x0000026e134bc800 JavaThread "WorkerExecutor Queue Thread 2" [_thread_blocked, id=3360, stack(0x0000009b20100000,0x0000009b20200000)]
  0x0000026e7f126000 JavaThread "WorkerExecutor Queue Thread 3" [_thread_blocked, id=7196, stack(0x0000009b20200000,0x0000009b20300000)]
  0x0000026e7f127000 JavaThread "WorkerExecutor Queue Thread 4" [_thread_blocked, id=15768, stack(0x0000009b20300000,0x0000009b20400000)]
  0x0000026e7f121000 JavaThread "WorkerExecutor Queue Thread 5" [_thread_blocked, id=2300, stack(0x0000009b20400000,0x0000009b20500000)]

Other Threads:
=>0x0000026e7baae800 VMThread "VM Thread" [stack: 0x0000009b1a700000,0x0000009b1a800000] [id=13580]
  0x0000026e7c602800 WatcherThread [stack: 0x0000009b1b100000,0x0000009b1b200000] [id=10908]
  0x0000026e70eda000 GCTaskThread "GC Thread#0" [stack: 0x0000009b1a200000,0x0000009b1a300000] [id=14796]
  0x0000026e7cd53000 GCTaskThread "GC Thread#1" [stack: 0x0000009b1b300000,0x0000009b1b400000] [id=2568]
  0x0000026e7e8dc000 GCTaskThread "GC Thread#2" [stack: 0x0000009b1be00000,0x0000009b1bf00000] [id=13188]
  0x0000026e7dc05800 GCTaskThread "GC Thread#3" [stack: 0x0000009b1bf00000,0x0000009b1c000000] [id=15260]
  0x0000026e70f0d800 ConcurrentGCThread "G1 Main Marker" [stack: 0x0000009b1a300000,0x0000009b1a400000] [id=10904]
  0x0000026e70f0e800 ConcurrentGCThread "G1 Conc#0" [stack: 0x0000009b1a400000,0x0000009b1a500000] [id=12344]
  0x0000026e70f9c000 ConcurrentGCThread "G1 Refine#0" [stack: 0x0000009b1a500000,0x0000009b1a600000] [id=17044]
  0x0000026e70f9d000 ConcurrentGCThread "G1 Young RemSet Sampling" [stack: 0x0000009b1a600000,0x0000009b1a700000] [id=3520]

Threads with active compile tasks:
C2 CompilerThread01628484 15185       4       java.io.ObjectOutputStream::writeClassDesc (60 bytes)
C1 CompilerThread01628484 15198       3       org.gradle.internal.build.event.types.AbstractResult::<init> (21 bytes)

VM state:at safepoint (normal execution)

VM Mutex/Monitor currently owned by a thread:  ([mutex/lock_event])
[0x0000026e70ebe4a0] Threads_lock - owner thread: 0x0000026e7baae800
[0x0000026e70ebe6e0] Heap_lock - owner thread: 0x0000026e134ba800

Heap address: 0x0000000080000000, size: 2048 MB, Compressed Oops mode: 32-bit
Narrow klass base: 0x0000000000000000, Narrow klass shift: 3
Compressed class space size: 1073741824 Address: 0x0000000100000000

Heap:
 garbage-first heap   total 528384K, used 112797K [0x0000000080000000, 0x0000000100000000)
  region size 1024K, 2 young (2048K), 2 survivors (2048K)
 Metaspace       used 111871K, capacity 115111K, committed 115224K, reserved 1148928K
  class space    used 14639K, capacity 15895K, committed 15980K, reserved 1048576K
Heap Regions: E=young(eden), S=young(survivor), O=old, HS=humongous(starts), HC=humongous(continues), CS=collection set, F=free, A=archive, TAMS=top-at-mark-start (previous, next)
|   0|0x0000000080000000, 0x0000000080100000, 0x0000000080100000|100%| O|  |TAMS 0x0000000080100000, 0x0000000080000000| Untracked 
|   1|0x0000000080100000, 0x0000000080200000, 0x0000000080200000|100%| O|  |TAMS 0x0000000080200000, 0x0000000080100000| Untracked 
|   2|0x0000000080200000, 0x0000000080300000, 0x0000000080300000|100%| O|  |TAMS 0x0000000080300000, 0x0000000080200000| Untracked 
|   3|0x0000000080300000, 0x0000000080400000, 0x0000000080400000|100%|HS|  |TAMS 0x0000000080400000, 0x0000000080300000| Complete 
|   4|0x0000000080400000, 0x0000000080500000, 0x0000000080500000|100%|HC|  |TAMS 0x0000000080500000, 0x0000000080400000| Complete 
|   5|0x0000000080500000, 0x0000000080600000, 0x0000000080600000|100%|HC|  |TAMS 0x0000000080600000, 0x0000000080500000| Complete 
|   6|0x0000000080600000, 0x0000000080700000, 0x0000000080700000|100%| O|  |TAMS 0x0000000080700000, 0x0000000080600000| Untracked 
|   7|0x0000000080700000, 0x0000000080800000, 0x0000000080800000|100%| O|  |TAMS 0x0000000080800000, 0x0000000080700000| Untracked 
|   8|0x0000000080800000, 0x0000000080900000, 0x0000000080900000|100%| O|  |TAMS 0x0000000080900000, 0x0000000080800000| Untracked 
|   9|0x0000000080900000, 0x0000000080a00000, 0x0000000080a00000|100%| O|  |TAMS 0x0000000080a00000, 0x0000000080900000| Untracked 
|  10|0x0000000080a00000, 0x0000000080b00000, 0x0000000080b00000|100%| O|  |TAMS 0x0000000080b00000, 0x0000000080a00000| Untracked 
|  11|0x0000000080b00000, 0x0000000080c00000, 0x0000000080c00000|100%| O|  |TAMS 0x0000000080c00000, 0x0000000080b00000| Untracked 
|  12|0x0000000080c00000, 0x0000000080d00000, 0x0000000080d00000|100%| O|  |TAMS 0x0000000080d00000, 0x0000000080c00000| Untracked 
|  13|0x0000000080d00000, 0x0000000080e00000, 0x0000000080e00000|100%| O|  |TAMS 0x0000000080e00000, 0x0000000080d00000| Untracked 
|  14|0x0000000080e00000, 0x0000000080f00000, 0x0000000080f00000|100%| O|  |TAMS 0x0000000080f00000, 0x0000000080e00000| Untracked 
|  15|0x0000000080f00000, 0x0000000081000000, 0x0000000081000000|100%| O|  |TAMS 0x0000000081000000, 0x0000000080f00000| Untracked 
|  16|0x0000000081000000, 0x0000000081100000, 0x0000000081100000|100%|HS|  |TAMS 0x0000000081100000, 0x0000000081000000| Complete 
|  17|0x0000000081100000, 0x0000000081200000, 0x0000000081200000|100%| O|  |TAMS 0x0000000081200000, 0x0000000081100000| Untracked 
|  18|0x0000000081200000, 0x0000000081300000, 0x0000000081300000|100%| O|  |TAMS 0x0000000081300000, 0x0000000081200000| Untracked 
|  19|0x0000000081300000, 0x0000000081400000, 0x0000000081400000|100%| O|  |TAMS 0x0000000081400000, 0x0000000081300000| Untracked 
|  20|0x0000000081400000, 0x0000000081500000, 0x0000000081500000|100%| O|  |TAMS 0x0000000081500000, 0x0000000081400000| Untracked 
|  21|0x0000000081500000, 0x0000000081600000, 0x0000000081600000|100%| O|  |TAMS 0x0000000081600000, 0x0000000081500000| Untracked 
|  22|0x0000000081600000, 0x0000000081700000, 0x0000000081700000|100%| O|  |TAMS 0x0000000081700000, 0x0000000081600000| Untracked 
|  23|0x0000000081700000, 0x0000000081800000, 0x0000000081800000|100%| O|  |TAMS 0x0000000081800000, 0x0000000081700000| Untracked 
|  24|0x0000000081800000, 0x0000000081900000, 0x0000000081900000|100%| O|  |TAMS 0x0000000081900000, 0x0000000081800000| Untracked 
|  25|0x0000000081900000, 0x0000000081a00000, 0x0000000081a00000|100%| O|  |TAMS 0x0000000081a00000, 0x0000000081900000| Untracked 
|  26|0x0000000081a00000, 0x0000000081b00000, 0x0000000081b00000|100%| O|  |TAMS 0x0000000081b00000, 0x0000000081a00000| Untracked 
|  27|0x0000000081b00000, 0x0000000081c00000, 0x0000000081c00000|100%| O|  |TAMS 0x0000000081c00000, 0x0000000081b00000| Untracked 
|  28|0x0000000081c00000, 0x0000000081d00000, 0x0000000081d00000|100%|HS|  |TAMS 0x0000000081d00000, 0x0000000081c00000| Complete 
|  29|0x0000000081d00000, 0x0000000081e00000, 0x0000000081e00000|100%|HS|  |TAMS 0x0000000081e00000, 0x0000000081d00000| Complete 
|  30|0x0000000081e00000, 0x0000000081f00000, 0x0000000081f00000|100%|HC|  |TAMS 0x0000000081f00000, 0x0000000081e00000| Complete 
|  31|0x0000000081f00000, 0x0000000082000000, 0x0000000082000000|100%| O|  |TAMS 0x0000000082000000, 0x0000000081f00000| Untracked 
|  32|0x0000000082000000, 0x0000000082100000, 0x0000000082100000|100%| O|  |TAMS 0x0000000082100000, 0x0000000082000000| Untracked 
|  33|0x0000000082100000, 0x0000000082200000, 0x0000000082200000|100%| O|  |TAMS 0x0000000082200000, 0x0000000082100000| Untracked 
|  34|0x0000000082200000, 0x0000000082300000, 0x0000000082300000|100%| O|  |TAMS 0x0000000082300000, 0x0000000082200000| Untracked 
|  35|0x0000000082300000, 0x0000000082400000, 0x0000000082400000|100%| O|  |TAMS 0x0000000082400000, 0x0000000082300000| Untracked 
|  36|0x0000000082400000, 0x0000000082500000, 0x0000000082500000|100%| O|  |TAMS 0x0000000082500000, 0x0000000082400000| Untracked 
|  37|0x0000000082500000, 0x0000000082600000, 0x0000000082600000|100%| O|  |TAMS 0x0000000082600000, 0x0000000082500000| Untracked 
|  38|0x0000000082600000, 0x0000000082700000, 0x0000000082700000|100%| O|  |TAMS 0x0000000082700000, 0x0000000082600000| Untracked 
|  39|0x0000000082700000, 0x0000000082800000, 0x0000000082800000|100%| O|  |TAMS 0x0000000082800000, 0x0000000082700000| Untracked 
|  40|0x0000000082800000, 0x0000000082900000, 0x0000000082900000|100%| O|  |TAMS 0x0000000082900000, 0x0000000082800000| Untracked 
|  41|0x0000000082900000, 0x0000000082a00000, 0x0000000082a00000|100%| O|  |TAMS 0x0000000082a00000, 0x0000000082900000| Untracked 
|  42|0x0000000082a00000, 0x0000000082b00000, 0x0000000082b00000|100%| O|  |TAMS 0x0000000082b00000, 0x0000000082a00000| Untracked 
|  43|0x0000000082b00000, 0x0000000082c00000, 0x0000000082c00000|100%| O|  |TAMS 0x0000000082c00000, 0x0000000082b00000| Untracked 
|  44|0x0000000082c00000, 0x0000000082d00000, 0x0000000082d00000|100%| O|  |TAMS 0x0000000082d00000, 0x0000000082c00000| Untracked 
|  45|0x0000000082d00000, 0x0000000082e00000, 0x0000000082e00000|100%| O|  |TAMS 0x0000000082e00000, 0x0000000082d00000| Untracked 
|  46|0x0000000082e00000, 0x0000000082f00000, 0x0000000082f00000|100%| O|  |TAMS 0x0000000082f00000, 0x0000000082e00000| Untracked 
|  47|0x0000000082f00000, 0x0000000083000000, 0x0000000083000000|100%| O|  |TAMS 0x0000000083000000, 0x0000000082f00000| Untracked 
|  48|0x0000000083000000, 0x0000000083100000, 0x0000000083100000|100%| O|  |TAMS 0x0000000083100000, 0x0000000083000000| Untracked 
|  49|0x0000000083100000, 0x0000000083200000, 0x0000000083200000|100%| O|  |TAMS 0x0000000083200000, 0x0000000083100000| Untracked 
|  50|0x0000000083200000, 0x0000000083300000, 0x0000000083300000|100%| O|  |TAMS 0x0000000083300000, 0x0000000083200000| Untracked 
|  51|0x0000000083300000, 0x0000000083400000, 0x0000000083400000|100%| O|  |TAMS 0x0000000083400000, 0x0000000083300000| Untracked 
|  52|0x0000000083400000, 0x0000000083500000, 0x0000000083500000|100%| O|  |TAMS 0x0000000083500000, 0x0000000083400000| Untracked 
|  53|0x0000000083500000, 0x0000000083600000, 0x0000000083600000|100%| O|  |TAMS 0x0000000083600000, 0x0000000083500000| Untracked 
|  54|0x0000000083600000, 0x0000000083700000, 0x0000000083700000|100%| O|  |TAMS 0x0000000083700000, 0x0000000083600000| Untracked 
|  55|0x0000000083700000, 0x0000000083800000, 0x0000000083800000|100%| O|  |TAMS 0x0000000083800000, 0x0000000083700000| Untracked 
|  56|0x0000000083800000, 0x0000000083900000, 0x0000000083900000|100%| O|  |TAMS 0x0000000083900000, 0x0000000083800000| Untracked 
|  57|0x0000000083900000, 0x0000000083a00000, 0x0000000083a00000|100%| O|  |TAMS 0x0000000083a00000, 0x0000000083900000| Untracked 
|  58|0x0000000083a00000, 0x0000000083b00000, 0x0000000083b00000|100%| O|  |TAMS 0x0000000083b00000, 0x0000000083a00000| Untracked 
|  59|0x0000000083b00000, 0x0000000083c00000, 0x0000000083c00000|100%| O|  |TAMS 0x0000000083c00000, 0x0000000083b00000| Untracked 
|  60|0x0000000083c00000, 0x0000000083d00000, 0x0000000083d00000|100%| O|  |TAMS 0x0000000083d00000, 0x0000000083c00000| Untracked 
|  61|0x0000000083d00000, 0x0000000083e00000, 0x0000000083e00000|100%| O|  |TAMS 0x0000000083e00000, 0x0000000083d00000| Untracked 
|  62|0x0000000083e00000, 0x0000000083f00000, 0x0000000083f00000|100%| O|  |TAMS 0x0000000083f00000, 0x0000000083e00000| Untracked 
|  63|0x0000000083f00000, 0x0000000084000000, 0x0000000084000000|100%| O|  |TAMS 0x0000000084000000, 0x0000000083f00000| Untracked 
|  64|0x0000000084000000, 0x0000000084100000, 0x0000000084100000|100%| O|  |TAMS 0x0000000084100000, 0x0000000084000000| Untracked 
|  65|0x0000000084100000, 0x0000000084200000, 0x0000000084200000|100%| O|  |TAMS 0x0000000084200000, 0x0000000084100000| Untracked 
|  66|0x0000000084200000, 0x0000000084300000, 0x0000000084300000|100%| O|  |TAMS 0x0000000084300000, 0x0000000084200000| Untracked 
|  67|0x0000000084300000, 0x0000000084400000, 0x0000000084400000|100%| O|  |TAMS 0x0000000084400000, 0x0000000084300000| Untracked 
|  68|0x0000000084400000, 0x0000000084500000, 0x0000000084500000|100%| O|  |TAMS 0x0000000084500000, 0x0000000084400000| Untracked 
|  69|0x0000000084500000, 0x0000000084600000, 0x0000000084600000|100%| O|  |TAMS 0x0000000084600000, 0x0000000084500000| Untracked 
|  70|0x0000000084600000, 0x0000000084700000, 0x0000000084700000|100%| O|  |TAMS 0x0000000084700000, 0x0000000084600000| Untracked 
|  71|0x0000000084700000, 0x0000000084800000, 0x0000000084800000|100%| O|  |TAMS 0x0000000084800000, 0x0000000084700000| Untracked 
|  72|0x0000000084800000, 0x0000000084900000, 0x0000000084900000|100%| O|  |TAMS 0x0000000084900000, 0x0000000084800000| Untracked 
|  73|0x0000000084900000, 0x0000000084a00000, 0x0000000084a00000|100%| O|  |TAMS 0x0000000084a00000, 0x0000000084900000| Untracked 
|  74|0x0000000084a00000, 0x0000000084b00000, 0x0000000084b00000|100%| O|  |TAMS 0x0000000084b00000, 0x0000000084a00000| Untracked 
|  75|0x0000000084b00000, 0x0000000084c00000, 0x0000000084c00000|100%| O|  |TAMS 0x0000000084c00000, 0x0000000084b00000| Untracked 
|  76|0x0000000084c00000, 0x0000000084d00000, 0x0000000084d00000|100%| O|  |TAMS 0x0000000084d00000, 0x0000000084c00000| Untracked 
|  77|0x0000000084d00000, 0x0000000084e00000, 0x0000000084e00000|100%| O|  |TAMS 0x0000000084e00000, 0x0000000084d00000| Untracked 
|  78|0x0000000084e00000, 0x0000000084f00000, 0x0000000084f00000|100%| O|  |TAMS 0x0000000084f00000, 0x0000000084e00000| Untracked 
|  79|0x0000000084f00000, 0x0000000085000000, 0x0000000085000000|100%| O|  |TAMS 0x0000000084f49400, 0x0000000084f00000| Untracked 
|  80|0x0000000085000000, 0x0000000085100000, 0x0000000085100000|100%| O|  |TAMS 0x0000000085000000, 0x0000000085000000| Untracked 
|  81|0x0000000085100000, 0x0000000085200000, 0x0000000085200000|100%| O|  |TAMS 0x0000000085100000, 0x0000000085100000| Untracked 
|  82|0x0000000085200000, 0x0000000085300000, 0x0000000085300000|100%| O|  |TAMS 0x0000000085200000, 0x0000000085200000| Untracked 
|  83|0x0000000085300000, 0x0000000085400000, 0x0000000085400000|100%| O|  |TAMS 0x0000000085300000, 0x0000000085300000| Untracked 
|  84|0x0000000085400000, 0x0000000085500000, 0x0000000085500000|100%| O|  |TAMS 0x0000000085400000, 0x0000000085400000| Untracked 
|  85|0x0000000085500000, 0x0000000085600000, 0x0000000085600000|100%| O|  |TAMS 0x0000000085500000, 0x0000000085500000| Untracked 
|  86|0x0000000085600000, 0x0000000085700000, 0x0000000085700000|100%| O|  |TAMS 0x0000000085600000, 0x0000000085600000| Untracked 
|  87|0x0000000085700000, 0x0000000085800000, 0x0000000085800000|100%| O|  |TAMS 0x0000000085700000, 0x0000000085700000| Untracked 
|  88|0x0000000085800000, 0x0000000085900000, 0x0000000085900000|100%| O|  |TAMS 0x0000000085800000, 0x0000000085800000| Untracked 
|  89|0x0000000085900000, 0x0000000085a00000, 0x0000000085a00000|100%| O|  |TAMS 0x0000000085900000, 0x0000000085900000| Untracked 
|  90|0x0000000085a00000, 0x0000000085b00000, 0x0000000085b00000|100%| O|  |TAMS 0x0000000085a00000, 0x0000000085a00000| Untracked 
|  91|0x0000000085b00000, 0x0000000085c00000, 0x0000000085c00000|100%| O|  |TAMS 0x0000000085b00000, 0x0000000085b00000| Untracked 
|  92|0x0000000085c00000, 0x0000000085d00000, 0x0000000085d00000|100%| O|  |TAMS 0x0000000085c00000, 0x0000000085c00000| Untracked 
|  93|0x0000000085d00000, 0x0000000085e00000, 0x0000000085e00000|100%| O|  |TAMS 0x0000000085d00000, 0x0000000085d00000| Untracked 
|  94|0x0000000085e00000, 0x0000000085f00000, 0x0000000085f00000|100%| O|  |TAMS 0x0000000085e00000, 0x0000000085e00000| Untracked 
|  95|0x0000000085f00000, 0x0000000086000000, 0x0000000086000000|100%|HS|  |TAMS 0x0000000085f00000, 0x0000000085f00000| Complete 
|  96|0x0000000086000000, 0x0000000086100000, 0x0000000086100000|100%|HC|  |TAMS 0x0000000086000000, 0x0000000086000000| Complete 
|  97|0x0000000086100000, 0x0000000086200000, 0x0000000086200000|100%| O|  |TAMS 0x0000000086100000, 0x0000000086100000| Untracked 
|  98|0x0000000086200000, 0x0000000086300000, 0x0000000086300000|100%| O|  |TAMS 0x0000000086200000, 0x0000000086200000| Untracked 
|  99|0x0000000086300000, 0x0000000086400000, 0x0000000086400000|100%| O|  |TAMS 0x0000000086300000, 0x0000000086300000| Untracked 
| 100|0x0000000086400000, 0x0000000086500000, 0x0000000086500000|100%| O|  |TAMS 0x0000000086400000, 0x0000000086400000| Untracked 
| 101|0x0000000086500000, 0x0000000086600000, 0x0000000086600000|100%| O|  |TAMS 0x0000000086500000, 0x0000000086500000| Untracked 
| 102|0x0000000086600000, 0x0000000086700000, 0x0000000086700000|100%| O|  |TAMS 0x0000000086600000, 0x0000000086600000| Untracked 
| 103|0x0000000086700000, 0x0000000086800000, 0x0000000086800000|100%| O|  |TAMS 0x0000000086700000, 0x0000000086700000| Untracked 
| 104|0x0000000086800000, 0x0000000086900000, 0x0000000086900000|100%| O|  |TAMS 0x0000000086800000, 0x0000000086800000| Untracked 
| 105|0x0000000086900000, 0x0000000086a00000, 0x0000000086a00000|100%| O|  |TAMS 0x0000000086900000, 0x0000000086900000| Untracked 
| 106|0x0000000086a00000, 0x0000000086b00000, 0x0000000086b00000|100%| O|  |TAMS 0x0000000086a00000, 0x0000000086a00000| Untracked 
| 107|0x0000000086b00000, 0x0000000086c00000, 0x0000000086c00000|100%| O|  |TAMS 0x0000000086b00000, 0x0000000086b00000| Untracked 
| 108|0x0000000086c00000, 0x0000000086c7ba00, 0x0000000086d00000| 48%| O|  |TAMS 0x0000000086c00000, 0x0000000086c00000| Untracked 
| 109|0x0000000086d00000, 0x0000000086d00000, 0x0000000086e00000|  0%| F|  |TAMS 0x0000000086d00000, 0x0000000086d00000| Untracked 
| 110|0x0000000086e00000, 0x0000000086e00000, 0x0000000086f00000|  0%| F|  |TAMS 0x0000000086e00000, 0x0000000086e00000| Untracked 
| 111|0x0000000086f00000, 0x0000000086f00000, 0x0000000087000000|  0%| F|  |TAMS 0x0000000086f00000, 0x0000000086f00000| Untracked 
| 112|0x0000000087000000, 0x0000000087000000, 0x0000000087100000|  0%| F|  |TAMS 0x0000000087000000, 0x0000000087000000| Untracked 
| 113|0x0000000087100000, 0x0000000087100000, 0x0000000087200000|  0%| F|  |TAMS 0x0000000087100000, 0x0000000087100000| Untracked 
| 114|0x0000000087200000, 0x0000000087200000, 0x0000000087300000|  0%| F|  |TAMS 0x0000000087200000, 0x0000000087200000| Untracked 
| 115|0x0000000087300000, 0x0000000087300000, 0x0000000087400000|  0%| F|  |TAMS 0x0000000087300000, 0x0000000087300000| Untracked 
| 116|0x0000000087400000, 0x0000000087400000, 0x0000000087500000|  0%| F|  |TAMS 0x0000000087400000, 0x0000000087400000| Untracked 
| 117|0x0000000087500000, 0x0000000087500000, 0x0000000087600000|  0%| F|  |TAMS 0x0000000087500000, 0x0000000087500000| Untracked 
| 118|0x0000000087600000, 0x0000000087600000, 0x0000000087700000|  0%| F|  |TAMS 0x0000000087600000, 0x0000000087600000| Untracked 
| 119|0x0000000087700000, 0x0000000087700000, 0x0000000087800000|  0%| F|  |TAMS 0x0000000087700000, 0x0000000087700000| Untracked 
| 120|0x0000000087800000, 0x0000000087800000, 0x0000000087900000|  0%| F|  |TAMS 0x0000000087800000, 0x0000000087800000| Untracked 
| 121|0x0000000087900000, 0x0000000087900000, 0x0000000087a00000|  0%| F|  |TAMS 0x0000000087900000, 0x0000000087900000| Untracked 
| 122|0x0000000087a00000, 0x0000000087a00000, 0x0000000087b00000|  0%| F|  |TAMS 0x0000000087a00000, 0x0000000087a00000| Untracked 
| 123|0x0000000087b00000, 0x0000000087b00000, 0x0000000087c00000|  0%| F|  |TAMS 0x0000000087b00000, 0x0000000087b00000| Untracked 
| 124|0x0000000087c00000, 0x0000000087c00000, 0x0000000087d00000|  0%| F|  |TAMS 0x0000000087c00000, 0x0000000087c00000| Untracked 
| 125|0x0000000087d00000, 0x0000000087d00000, 0x0000000087e00000|  0%| F|  |TAMS 0x0000000087d00000, 0x0000000087d00000| Untracked 
| 126|0x0000000087e00000, 0x0000000087e00000, 0x0000000087f00000|  0%| F|  |TAMS 0x0000000087e00000, 0x0000000087e00000| Untracked 
| 127|0x0000000087f00000, 0x0000000087f00000, 0x0000000088000000|  0%| F|  |TAMS 0x0000000087f00000, 0x0000000087f00000| Untracked 
| 128|0x0000000088000000, 0x0000000088000000, 0x0000000088100000|  0%| F|  |TAMS 0x0000000088000000, 0x0000000088000000| Untracked 
| 129|0x0000000088100000, 0x0000000088100000, 0x0000000088200000|  0%| F|  |TAMS 0x0000000088100000, 0x0000000088100000| Untracked 
| 130|0x0000000088200000, 0x0000000088200000, 0x0000000088300000|  0%| F|  |TAMS 0x0000000088200000, 0x0000000088200000| Untracked 
| 131|0x0000000088300000, 0x0000000088300000, 0x0000000088400000|  0%| F|  |TAMS 0x0000000088300000, 0x0000000088300000| Untracked 
| 132|0x0000000088400000, 0x0000000088400000, 0x0000000088500000|  0%| F|  |TAMS 0x0000000088400000, 0x0000000088400000| Untracked 
| 133|0x0000000088500000, 0x0000000088500000, 0x0000000088600000|  0%| F|  |TAMS 0x0000000088500000, 0x0000000088500000| Untracked 
| 134|0x0000000088600000, 0x0000000088600000, 0x0000000088700000|  0%| F|  |TAMS 0x0000000088600000, 0x0000000088600000| Untracked 
| 135|0x0000000088700000, 0x0000000088700000, 0x0000000088800000|  0%| F|  |TAMS 0x0000000088700000, 0x0000000088700000| Untracked 
| 136|0x0000000088800000, 0x0000000088800000, 0x0000000088900000|  0%| F|  |TAMS 0x0000000088800000, 0x0000000088800000| Untracked 
| 137|0x0000000088900000, 0x0000000088900000, 0x0000000088a00000|  0%| F|  |TAMS 0x0000000088900000, 0x0000000088900000| Untracked 
| 138|0x0000000088a00000, 0x0000000088a00000, 0x0000000088b00000|  0%| F|  |TAMS 0x0000000088a00000, 0x0000000088a00000| Untracked 
| 139|0x0000000088b00000, 0x0000000088b00000, 0x0000000088c00000|  0%| F|  |TAMS 0x0000000088b00000, 0x0000000088b00000| Untracked 
| 140|0x0000000088c00000, 0x0000000088c00000, 0x0000000088d00000|  0%| F|  |TAMS 0x0000000088c00000, 0x0000000088c00000| Untracked 
| 141|0x0000000088d00000, 0x0000000088d00000, 0x0000000088e00000|  0%| F|  |TAMS 0x0000000088d00000, 0x0000000088d00000| Untracked 
| 142|0x0000000088e00000, 0x0000000088e00000, 0x0000000088f00000|  0%| F|  |TAMS 0x0000000088e00000, 0x0000000088e00000| Untracked 
| 143|0x0000000088f00000, 0x0000000088f00000, 0x0000000089000000|  0%| F|  |TAMS 0x0000000088f00000, 0x0000000088f00000| Untracked 
| 144|0x0000000089000000, 0x0000000089000000, 0x0000000089100000|  0%| F|  |TAMS 0x0000000089000000, 0x0000000089000000| Untracked 
| 145|0x0000000089100000, 0x0000000089100000, 0x0000000089200000|  0%| F|  |TAMS 0x0000000089100000, 0x0000000089100000| Untracked 
| 146|0x0000000089200000, 0x0000000089200000, 0x0000000089300000|  0%| F|  |TAMS 0x0000000089200000, 0x0000000089200000| Untracked 
| 147|0x0000000089300000, 0x0000000089300000, 0x0000000089400000|  0%| F|  |TAMS 0x0000000089300000, 0x0000000089300000| Untracked 
| 148|0x0000000089400000, 0x0000000089400000, 0x0000000089500000|  0%| F|  |TAMS 0x0000000089400000, 0x0000000089400000| Untracked 
| 149|0x0000000089500000, 0x0000000089500000, 0x0000000089600000|  0%| F|  |TAMS 0x0000000089500000, 0x0000000089500000| Untracked 
| 150|0x0000000089600000, 0x0000000089600000, 0x0000000089700000|  0%| F|  |TAMS 0x0000000089600000, 0x0000000089600000| Untracked 
| 151|0x0000000089700000, 0x0000000089700000, 0x0000000089800000|  0%| F|  |TAMS 0x0000000089700000, 0x0000000089700000| Untracked 
| 152|0x0000000089800000, 0x0000000089800000, 0x0000000089900000|  0%| F|  |TAMS 0x0000000089800000, 0x0000000089800000| Untracked 
| 153|0x0000000089900000, 0x0000000089900000, 0x0000000089a00000|  0%| F|  |TAMS 0x0000000089900000, 0x0000000089900000| Untracked 
| 154|0x0000000089a00000, 0x0000000089a00000, 0x0000000089b00000|  0%| F|  |TAMS 0x0000000089a00000, 0x0000000089a00000| Untracked 
| 155|0x0000000089b00000, 0x0000000089b00000, 0x0000000089c00000|  0%| F|  |TAMS 0x0000000089b00000, 0x0000000089b00000| Untracked 
| 156|0x0000000089c00000, 0x0000000089c00000, 0x0000000089d00000|  0%| F|  |TAMS 0x0000000089c00000, 0x0000000089c00000| Untracked 
| 157|0x0000000089d00000, 0x0000000089d00000, 0x0000000089e00000|  0%| F|  |TAMS 0x0000000089d00000, 0x0000000089d00000| Untracked 
| 158|0x0000000089e00000, 0x0000000089e00000, 0x0000000089f00000|  0%| F|  |TAMS 0x0000000089e00000, 0x0000000089e00000| Untracked 
| 159|0x0000000089f00000, 0x0000000089f00000, 0x000000008a000000|  0%| F|  |TAMS 0x0000000089f00000, 0x0000000089f00000| Untracked 
| 160|0x000000008a000000, 0x000000008a000000, 0x000000008a100000|  0%| F|  |TAMS 0x000000008a000000, 0x000000008a000000| Untracked 
| 161|0x000000008a100000, 0x000000008a100000, 0x000000008a200000|  0%| F|  |TAMS 0x000000008a100000, 0x000000008a100000| Untracked 
| 162|0x000000008a200000, 0x000000008a200000, 0x000000008a300000|  0%| F|  |TAMS 0x000000008a200000, 0x000000008a200000| Untracked 
| 163|0x000000008a300000, 0x000000008a300000, 0x000000008a400000|  0%| F|  |TAMS 0x000000008a300000, 0x000000008a300000| Untracked 
| 164|0x000000008a400000, 0x000000008a400000, 0x000000008a500000|  0%| F|  |TAMS 0x000000008a400000, 0x000000008a400000| Untracked 
| 165|0x000000008a500000, 0x000000008a500000, 0x000000008a600000|  0%| F|  |TAMS 0x000000008a500000, 0x000000008a500000| Untracked 
| 166|0x000000008a600000, 0x000000008a600000, 0x000000008a700000|  0%| F|  |TAMS 0x000000008a600000, 0x000000008a600000| Untracked 
| 167|0x000000008a700000, 0x000000008a700000, 0x000000008a800000|  0%| F|  |TAMS 0x000000008a700000, 0x000000008a700000| Untracked 
| 168|0x000000008a800000, 0x000000008a800000, 0x000000008a900000|  0%| F|  |TAMS 0x000000008a800000, 0x000000008a800000| Untracked 
| 169|0x000000008a900000, 0x000000008a900000, 0x000000008aa00000|  0%| F|  |TAMS 0x000000008a900000, 0x000000008a900000| Untracked 
| 170|0x000000008aa00000, 0x000000008aa00000, 0x000000008ab00000|  0%| F|  |TAMS 0x000000008aa00000, 0x000000008aa00000| Untracked 
| 171|0x000000008ab00000, 0x000000008ab00000, 0x000000008ac00000|  0%| F|  |TAMS 0x000000008ab00000, 0x000000008ab00000| Untracked 
| 172|0x000000008ac00000, 0x000000008ac00000, 0x000000008ad00000|  0%| F|  |TAMS 0x000000008ac00000, 0x000000008ac00000| Untracked 
| 173|0x000000008ad00000, 0x000000008ad00000, 0x000000008ae00000|  0%| F|  |TAMS 0x000000008ad00000, 0x000000008ad00000| Untracked 
| 174|0x000000008ae00000, 0x000000008ae00000, 0x000000008af00000|  0%| F|  |TAMS 0x000000008ae00000, 0x000000008ae00000| Untracked 
| 175|0x000000008af00000, 0x000000008af00000, 0x000000008b000000|  0%| F|  |TAMS 0x000000008af00000, 0x000000008af00000| Untracked 
| 176|0x000000008b000000, 0x000000008b000000, 0x000000008b100000|  0%| F|  |TAMS 0x000000008b000000, 0x000000008b000000| Untracked 
| 177|0x000000008b100000, 0x000000008b100000, 0x000000008b200000|  0%| F|  |TAMS 0x000000008b100000, 0x000000008b100000| Untracked 
| 178|0x000000008b200000, 0x000000008b200000, 0x000000008b300000|  0%| F|  |TAMS 0x000000008b200000, 0x000000008b200000| Untracked 
| 179|0x000000008b300000, 0x000000008b300000, 0x000000008b400000|  0%| F|  |TAMS 0x000000008b300000, 0x000000008b300000| Untracked 
| 180|0x000000008b400000, 0x000000008b400000, 0x000000008b500000|  0%| F|  |TAMS 0x000000008b400000, 0x000000008b400000| Untracked 
| 181|0x000000008b500000, 0x000000008b500000, 0x000000008b600000|  0%| F|  |TAMS 0x000000008b500000, 0x000000008b500000| Untracked 
| 182|0x000000008b600000, 0x000000008b600000, 0x000000008b700000|  0%| F|  |TAMS 0x000000008b600000, 0x000000008b600000| Untracked 
| 183|0x000000008b700000, 0x000000008b700000, 0x000000008b800000|  0%| F|  |TAMS 0x000000008b700000, 0x000000008b700000| Untracked 
| 184|0x000000008b800000, 0x000000008b800000, 0x000000008b900000|  0%| F|  |TAMS 0x000000008b800000, 0x000000008b800000| Untracked 
| 185|0x000000008b900000, 0x000000008b900000, 0x000000008ba00000|  0%| F|  |TAMS 0x000000008b900000, 0x000000008b900000| Untracked 
| 186|0x000000008ba00000, 0x000000008ba00000, 0x000000008bb00000|  0%| F|  |TAMS 0x000000008ba00000, 0x000000008ba00000| Untracked 
| 187|0x000000008bb00000, 0x000000008bb00000, 0x000000008bc00000|  0%| F|  |TAMS 0x000000008bb00000, 0x000000008bb00000| Untracked 
| 188|0x000000008bc00000, 0x000000008bc00000, 0x000000008bd00000|  0%| F|  |TAMS 0x000000008bc00000, 0x000000008bc00000| Untracked 
| 189|0x000000008bd00000, 0x000000008bd00000, 0x000000008be00000|  0%| F|  |TAMS 0x000000008bd00000, 0x000000008bd00000| Untracked 
| 190|0x000000008be00000, 0x000000008be00000, 0x000000008bf00000|  0%| F|  |TAMS 0x000000008be00000, 0x000000008be00000| Untracked 
| 191|0x000000008bf00000, 0x000000008bf00000, 0x000000008c000000|  0%| F|  |TAMS 0x000000008bf00000, 0x000000008bf00000| Untracked 
| 192|0x000000008c000000, 0x000000008c000000, 0x000000008c100000|  0%| F|  |TAMS 0x000000008c000000, 0x000000008c000000| Untracked 
| 193|0x000000008c100000, 0x000000008c100000, 0x000000008c200000|  0%| F|  |TAMS 0x000000008c100000, 0x000000008c100000| Untracked 
| 194|0x000000008c200000, 0x000000008c200000, 0x000000008c300000|  0%| F|  |TAMS 0x000000008c200000, 0x000000008c200000| Untracked 
| 195|0x000000008c300000, 0x000000008c300000, 0x000000008c400000|  0%| F|  |TAMS 0x000000008c300000, 0x000000008c300000| Untracked 
| 196|0x000000008c400000, 0x000000008c400000, 0x000000008c500000|  0%| F|  |TAMS 0x000000008c400000, 0x000000008c400000| Untracked 
| 197|0x000000008c500000, 0x000000008c500000, 0x000000008c600000|  0%| F|  |TAMS 0x000000008c500000, 0x000000008c500000| Untracked 
| 198|0x000000008c600000, 0x000000008c600000, 0x000000008c700000|  0%| F|  |TAMS 0x000000008c600000, 0x000000008c600000| Untracked 
| 199|0x000000008c700000, 0x000000008c700000, 0x000000008c800000|  0%| F|  |TAMS 0x000000008c700000, 0x000000008c700000| Untracked 
| 200|0x000000008c800000, 0x000000008c800000, 0x000000008c900000|  0%| F|  |TAMS 0x000000008c800000, 0x000000008c800000| Untracked 
| 201|0x000000008c900000, 0x000000008c900000, 0x000000008ca00000|  0%| F|  |TAMS 0x000000008c900000, 0x000000008c900000| Untracked 
| 202|0x000000008ca00000, 0x000000008ca00000, 0x000000008cb00000|  0%| F|  |TAMS 0x000000008ca00000, 0x000000008ca00000| Untracked 
| 203|0x000000008cb00000, 0x000000008cb00000, 0x000000008cc00000|  0%| F|  |TAMS 0x000000008cb00000, 0x000000008cb00000| Untracked 
| 204|0x000000008cc00000, 0x000000008cc00000, 0x000000008cd00000|  0%| F|  |TAMS 0x000000008cc00000, 0x000000008cc00000| Untracked 
| 205|0x000000008cd00000, 0x000000008cd00000, 0x000000008ce00000|  0%| F|  |TAMS 0x000000008cd00000, 0x000000008cd00000| Untracked 
| 206|0x000000008ce00000, 0x000000008ce00000, 0x000000008cf00000|  0%| F|  |TAMS 0x000000008ce00000, 0x000000008ce00000| Untracked 
| 207|0x000000008cf00000, 0x000000008cf00000, 0x000000008d000000|  0%| F|  |TAMS 0x000000008cf00000, 0x000000008cf00000| Untracked 
| 208|0x000000008d000000, 0x000000008d000000, 0x000000008d100000|  0%| F|  |TAMS 0x000000008d000000, 0x000000008d000000| Untracked 
| 209|0x000000008d100000, 0x000000008d100000, 0x000000008d200000|  0%| F|  |TAMS 0x000000008d100000, 0x000000008d100000| Untracked 
| 210|0x000000008d200000, 0x000000008d200000, 0x000000008d300000|  0%| F|  |TAMS 0x000000008d200000, 0x000000008d200000| Untracked 
| 211|0x000000008d300000, 0x000000008d300000, 0x000000008d400000|  0%| F|  |TAMS 0x000000008d300000, 0x000000008d300000| Untracked 
| 212|0x000000008d400000, 0x000000008d400000, 0x000000008d500000|  0%| F|  |TAMS 0x000000008d400000, 0x000000008d400000| Untracked 
| 213|0x000000008d500000, 0x000000008d500000, 0x000000008d600000|  0%| F|  |TAMS 0x000000008d500000, 0x000000008d500000| Untracked 
| 214|0x000000008d600000, 0x000000008d600000, 0x000000008d700000|  0%| F|  |TAMS 0x000000008d600000, 0x000000008d600000| Untracked 
| 215|0x000000008d700000, 0x000000008d700000, 0x000000008d800000|  0%| F|  |TAMS 0x000000008d700000, 0x000000008d700000| Untracked 
| 216|0x000000008d800000, 0x000000008d800000, 0x000000008d900000|  0%| F|  |TAMS 0x000000008d800000, 0x000000008d800000| Untracked 
| 217|0x000000008d900000, 0x000000008d900000, 0x000000008da00000|  0%| F|  |TAMS 0x000000008d900000, 0x000000008d900000| Untracked 
| 218|0x000000008da00000, 0x000000008da00000, 0x000000008db00000|  0%| F|  |TAMS 0x000000008da00000, 0x000000008da00000| Untracked 
| 219|0x000000008db00000, 0x000000008db00000, 0x000000008dc00000|  0%| F|  |TAMS 0x000000008db00000, 0x000000008db00000| Untracked 
| 220|0x000000008dc00000, 0x000000008dc00000, 0x000000008dd00000|  0%| F|  |TAMS 0x000000008dc00000, 0x000000008dc00000| Untracked 
| 221|0x000000008dd00000, 0x000000008dd00000, 0x000000008de00000|  0%| F|  |TAMS 0x000000008dd00000, 0x000000008dd00000| Untracked 
| 222|0x000000008de00000, 0x000000008de00000, 0x000000008df00000|  0%| F|  |TAMS 0x000000008de00000, 0x000000008de00000| Untracked 
| 223|0x000000008df00000, 0x000000008df00000, 0x000000008e000000|  0%| F|  |TAMS 0x000000008df00000, 0x000000008df00000| Untracked 
| 224|0x000000008e000000, 0x000000008e000000, 0x000000008e100000|  0%| F|  |TAMS 0x000000008e000000, 0x000000008e000000| Untracked 
| 225|0x000000008e100000, 0x000000008e100000, 0x000000008e200000|  0%| F|  |TAMS 0x000000008e100000, 0x000000008e100000| Untracked 
| 226|0x000000008e200000, 0x000000008e200000, 0x000000008e300000|  0%| F|  |TAMS 0x000000008e200000, 0x000000008e200000| Untracked 
| 227|0x000000008e300000, 0x000000008e300000, 0x000000008e400000|  0%| F|  |TAMS 0x000000008e300000, 0x000000008e300000| Untracked 
| 228|0x000000008e400000, 0x000000008e400000, 0x000000008e500000|  0%| F|  |TAMS 0x000000008e400000, 0x000000008e400000| Untracked 
| 229|0x000000008e500000, 0x000000008e500000, 0x000000008e600000|  0%| F|  |TAMS 0x000000008e500000, 0x000000008e500000| Untracked 
| 230|0x000000008e600000, 0x000000008e600000, 0x000000008e700000|  0%| F|  |TAMS 0x000000008e600000, 0x000000008e600000| Untracked 
| 231|0x000000008e700000, 0x000000008e700000, 0x000000008e800000|  0%| F|  |TAMS 0x000000008e700000, 0x000000008e700000| Untracked 
| 232|0x000000008e800000, 0x000000008e800000, 0x000000008e900000|  0%| F|  |TAMS 0x000000008e800000, 0x000000008e800000| Untracked 
| 233|0x000000008e900000, 0x000000008e900000, 0x000000008ea00000|  0%| F|  |TAMS 0x000000008e900000, 0x000000008e900000| Untracked 
| 234|0x000000008ea00000, 0x000000008ea00000, 0x000000008eb00000|  0%| F|  |TAMS 0x000000008ea00000, 0x000000008ea00000| Untracked 
| 235|0x000000008eb00000, 0x000000008eb00000, 0x000000008ec00000|  0%| F|  |TAMS 0x000000008eb00000, 0x000000008eb00000| Untracked 
| 236|0x000000008ec00000, 0x000000008ec00000, 0x000000008ed00000|  0%| F|  |TAMS 0x000000008ec00000, 0x000000008ec00000| Untracked 
| 237|0x000000008ed00000, 0x000000008ed00000, 0x000000008ee00000|  0%| F|  |TAMS 0x000000008ed00000, 0x000000008ed00000| Untracked 
| 238|0x000000008ee00000, 0x000000008ee00000, 0x000000008ef00000|  0%| F|  |TAMS 0x000000008ee00000, 0x000000008ee00000| Untracked 
| 239|0x000000008ef00000, 0x000000008ef00000, 0x000000008f000000|  0%| F|  |TAMS 0x000000008ef00000, 0x000000008ef00000| Untracked 
| 240|0x000000008f000000, 0x000000008f000000, 0x000000008f100000|  0%| F|  |TAMS 0x000000008f000000, 0x000000008f000000| Untracked 
| 241|0x000000008f100000, 0x000000008f100000, 0x000000008f200000|  0%| F|  |TAMS 0x000000008f100000, 0x000000008f100000| Untracked 
| 242|0x000000008f200000, 0x000000008f200000, 0x000000008f300000|  0%| F|  |TAMS 0x000000008f200000, 0x000000008f200000| Untracked 
| 243|0x000000008f300000, 0x000000008f300000, 0x000000008f400000|  0%| F|  |TAMS 0x000000008f300000, 0x000000008f300000| Untracked 
| 244|0x000000008f400000, 0x000000008f4abcc0, 0x000000008f500000| 67%| S|CS|TAMS 0x000000008f400000, 0x000000008f400000| Complete 
| 245|0x000000008f500000, 0x000000008f500000, 0x000000008f600000|  0%| F|  |TAMS 0x000000008f500000, 0x000000008f500000| Untracked 
| 246|0x000000008f600000, 0x000000008f700000, 0x000000008f700000|100%| S|CS|TAMS 0x000000008f600000, 0x000000008f600000| Complete 
| 247|0x000000008f700000, 0x000000008f700000, 0x000000008f800000|  0%| F|  |TAMS 0x000000008f700000, 0x000000008f700000| Untracked 
| 248|0x000000008f800000, 0x000000008f800000, 0x000000008f900000|  0%| F|  |TAMS 0x000000008f800000, 0x000000008f800000| Untracked 
| 249|0x000000008f900000, 0x000000008f900000, 0x000000008fa00000|  0%| F|  |TAMS 0x000000008f900000, 0x000000008f900000| Untracked 
| 250|0x000000008fa00000, 0x000000008fa00000, 0x000000008fb00000|  0%| F|  |TAMS 0x000000008fa00000, 0x000000008fa00000| Untracked 
| 251|0x000000008fb00000, 0x000000008fb00000, 0x000000008fc00000|  0%| F|  |TAMS 0x000000008fb00000, 0x000000008fb00000| Untracked 
| 252|0x000000008fc00000, 0x000000008fc00000, 0x000000008fd00000|  0%| F|  |TAMS 0x000000008fc00000, 0x000000008fc00000| Untracked 
| 253|0x000000008fd00000, 0x000000008fd00000, 0x000000008fe00000|  0%| F|  |TAMS 0x000000008fd00000, 0x000000008fd00000| Untracked 
| 254|0x000000008fe00000, 0x000000008fe00000, 0x000000008ff00000|  0%| F|  |TAMS 0x000000008fe00000, 0x000000008fe00000| Untracked 
| 255|0x000000008ff00000, 0x000000008ff00000, 0x0000000090000000|  0%| F|  |TAMS 0x000000008ff00000, 0x000000008ff00000| Untracked 
| 256|0x0000000090000000, 0x0000000090000000, 0x0000000090100000|  0%| F|  |TAMS 0x0000000090000000, 0x0000000090000000| Untracked 
| 257|0x0000000090100000, 0x0000000090100000, 0x0000000090200000|  0%| F|  |TAMS 0x0000000090100000, 0x0000000090100000| Untracked 

Card table byte_map: [0x0000026e74dd0000,0x0000026e751d0000] _byte_map_base: 0x0000026e749d0000

Marking Bits (Prev, Next): (CMBitMap*) 0x0000026e70f04760, (CMBitMap*) 0x0000026e70f04728
 Prev Bits: [0x0000026e775d0000, 0x0000026e795d0000)
 Next Bits: [0x0000026e755d0000, 0x0000026e775d0000)

Polling page: 0x0000026e6f070000

Metaspace:

Usage:
  Non-class:     96.89 MB capacity,    94.95 MB ( 98%) used,     1.57 MB (  2%) free+waste,   376.31 KB ( <1%) overhead. 
      Class:     15.52 MB capacity,    14.30 MB ( 92%) used,     1.06 MB (  7%) free+waste,   172.75 KB (  1%) overhead. 
       Both:    112.41 MB capacity,   109.25 MB ( 97%) used,     2.63 MB (  2%) free+waste,   549.06 KB ( <1%) overhead. 

Virtual space:
  Non-class space:       98.00 MB reserved,      96.92 MB ( 99%) committed 
      Class space:        1.00 GB reserved,      15.61 MB (  2%) committed 
             Both:        1.10 GB reserved,     112.52 MB ( 10%) committed 

Chunk freelists:
   Non-Class:  28.00 KB
       Class:  9.00 KB
        Both:  37.00 KB

MaxMetaspaceSize: 17179869184.00 GB
CompressedClassSpaceSize: 1.00 GB
Initial GC threshold: 20.80 MB
Current GC threshold: 182.96 MB
CDS: off

CodeHeap 'non-profiled nmethods': size=120064Kb used=9642Kb max_used=9642Kb free=110421Kb
 bounds [0x0000026e07ac0000, 0x0000026e08430000, 0x0000026e0f000000]
CodeHeap 'profiled nmethods': size=120000Kb used=32401Kb max_used=32401Kb free=87598Kb
 bounds [0x0000026e00590000, 0x0000026e02540000, 0x0000026e07ac0000]
CodeHeap 'non-nmethods': size=5696Kb used=2440Kb max_used=2496Kb free=3256Kb
 bounds [0x0000026e00000000, 0x0000026e00280000, 0x0000026e00590000]
 total_blobs=15937 nmethods=14978 adapters=871
 compilation: enabled
              stopped_count=0, restarted_count=0
 full_count=0

Compilation events (20 events):
Event: 1628.084 Thread 0x0000026e7c44e800 nmethod 15186 0x0000026e0842a590 code [0x0000026e0842a740, 0x0000026e0842a7f8]
Event: 1628.084 Thread 0x0000026e7c44e800 15187       3       com.google.common.collect.ImmutableMapEntrySet::contains (51 bytes)
Event: 1628.085 Thread 0x0000026e7c44e800 nmethod 15187 0x0000026e02529710 code [0x0000026e02529940, 0x0000026e0252a108]
Event: 1628.085 Thread 0x0000026e7c44e800 15188       3       org.gradle.internal.execution.steps.SkipUpToDateStep::execute (76 bytes)
Event: 1628.109 Thread 0x0000026e7c44e800 nmethod 15188 0x0000026e0252a290 code [0x0000026e0252a7c0, 0x0000026e0252d5c8]
Event: 1628.109 Thread 0x0000026e7c44e800 15189       3       org.gradle.internal.snapshot.AbstractListChildMap::invalidate (72 bytes)
Event: 1628.110 Thread 0x0000026e7c44e800 nmethod 15189 0x0000026e0252e510 code [0x0000026e0252e820, 0x0000026e0252fb68]
Event: 1628.121 Thread 0x0000026e7c44e800 15190       3       org.gradle.internal.fingerprint.impl.DefaultFileSystemLocationFingerprint::equals (57 bytes)
Event: 1628.121 Thread 0x0000026e7c44e800 nmethod 15190 0x0000026e02530210 code [0x0000026e02530400, 0x0000026e02530818]
Event: 1628.137 Thread 0x0000026e7c44e800 15192       3       org.gradle.api.internal.tasks.properties.OutputFilesCollector::<init> (12 bytes)
Event: 1628.138 Thread 0x0000026e7c44e800 nmethod 15192 0x0000026e02530990 code [0x0000026e02530b80, 0x0000026e02530fd8]
Event: 1628.138 Thread 0x0000026e7c44e800 15193       3       org.gradle.api.internal.tasks.properties.OutputUnpacker::<init> (32 bytes)
Event: 1628.139 Thread 0x0000026e7c44e800 nmethod 15193 0x0000026e02531190 code [0x0000026e02531360, 0x0000026e02531638]
Event: 1628.139 Thread 0x0000026e7c44e800 15194       3       org.gradle.api.internal.tasks.properties.OutputFilesCollector::getFileProperties (30 bytes)
Event: 1628.139 Thread 0x0000026e7c44e800 nmethod 15194 0x0000026e02531710 code [0x0000026e025318e0, 0x0000026e02531b78]
Event: 1628.139 Thread 0x0000026e7c44e800 15195       3       java.util.concurrent.ConcurrentHashMap$KeySetView::add (36 bytes)
Event: 1628.140 Thread 0x0000026e7c44e800 nmethod 15195 0x0000026e02531c90 code [0x0000026e02531e60, 0x0000026e025320f8]
Event: 1628.144 Thread 0x0000026e7c44e800 15197       3       org.gradle.internal.execution.steps.ResolveCachingStateStep::logDisabledReasons (104 bytes)
Event: 1628.145 Thread 0x0000026e7c44e800 nmethod 15197 0x0000026e02532210 code [0x0000026e025325a0, 0x0000026e02533d38]
Event: 1628.145 Thread 0x0000026e7c44e800 15198       3       org.gradle.internal.build.event.types.AbstractResult::<init> (21 bytes)

GC Heap History (20 events):
Event: 1610.105 GC heap after
{Heap after GC invocations=26 (full 0):
 garbage-first heap   total 264192K, used 92160K [0x0000000080000000, 0x0000000100000000)
  region size 1024K, 2 young (2048K), 2 survivors (2048K)
 Metaspace       used 111140K, capacity 114215K, committed 114328K, reserved 1148928K
  class space    used 14583K, capacity 15761K, committed 15852K, reserved 1048576K
}
Event: 1611.041 GC heap before
{Heap before GC invocations=26 (full 0):
 garbage-first heap   total 264192K, used 101376K [0x0000000080000000, 0x0000000100000000)
  region size 1024K, 12 young (12288K), 2 survivors (2048K)
 Metaspace       used 111164K, capacity 114218K, committed 114328K, reserved 1148928K
  class space    used 14583K, capacity 15761K, committed 15852K, reserved 1048576K
}
Event: 1611.343 GC heap after
{Heap after GC invocations=27 (full 0):
 garbage-first heap   total 264192K, used 93388K [0x0000000080000000, 0x0000000100000000)
  region size 1024K, 2 young (2048K), 2 survivors (2048K)
 Metaspace       used 111164K, capacity 114218K, committed 114328K, reserved 1148928K
  class space    used 14583K, capacity 15761K, committed 15852K, reserved 1048576K
}
Event: 1613.814 GC heap before
{Heap before GC invocations=27 (full 0):
 garbage-first heap   total 264192K, used 103628K [0x0000000080000000, 0x0000000100000000)
  region size 1024K, 12 young (12288K), 2 survivors (2048K)
 Metaspace       used 111208K, capacity 114382K, committed 114584K, reserved 1148928K
  class space    used 14587K, capacity 15767K, committed 15852K, reserved 1048576K
}
Event: 1614.146 GC heap after
{Heap after GC invocations=28 (full 0):
 garbage-first heap   total 264192K, used 95486K [0x0000000080000000, 0x0000000100000000)
  region size 1024K, 2 young (2048K), 2 survivors (2048K)
 Metaspace       used 111208K, capacity 114382K, committed 114584K, reserved 1148928K
  class space    used 14587K, capacity 15767K, committed 15852K, reserved 1048576K
}
Event: 1614.985 GC heap before
{Heap before GC invocations=28 (full 0):
 garbage-first heap   total 264192K, used 104702K [0x0000000080000000, 0x0000000100000000)
  region size 1024K, 12 young (12288K), 2 survivors (2048K)
 Metaspace       used 111263K, capacity 114422K, committed 114584K, reserved 1148928K
  class space    used 14592K, capacity 15776K, committed 15852K, reserved 1048576K
}
Event: 1615.449 GC heap after
{Heap after GC invocations=29 (full 0):
 garbage-first heap   total 264192K, used 97367K [0x0000000080000000, 0x0000000100000000)
  region size 1024K, 2 young (2048K), 2 survivors (2048K)
 Metaspace       used 111263K, capacity 114422K, committed 114584K, reserved 1148928K
  class space    used 14592K, capacity 15776K, committed 15852K, reserved 1048576K
}
Event: 1616.781 GC heap before
{Heap before GC invocations=29 (full 0):
 garbage-first heap   total 264192K, used 107607K [0x0000000080000000, 0x0000000100000000)
  region size 1024K, 12 young (12288K), 2 survivors (2048K)
 Metaspace       used 111314K, capacity 114502K, committed 114584K, reserved 1148928K
  class space    used 14594K, capacity 15780K, committed 15852K, reserved 1048576K
}
Event: 1616.921 GC heap after
{Heap after GC invocations=30 (full 0):
 garbage-first heap   total 264192K, used 98159K [0x0000000080000000, 0x0000000100000000)
  region size 1024K, 1 young (1024K), 1 survivors (1024K)
 Metaspace       used 111314K, capacity 114502K, committed 114584K, reserved 1148928K
  class space    used 14594K, capacity 15780K, committed 15852K, reserved 1048576K
}
Event: 1623.815 GC heap before
{Heap before GC invocations=30 (full 0):
 garbage-first heap   total 264192K, used 111471K [0x0000000080000000, 0x0000000100000000)
  region size 1024K, 12 young (12288K), 1 survivors (1024K)
 Metaspace       used 111403K, capacity 114561K, committed 114840K, reserved 1148928K
  class space    used 14606K, capacity 15821K, committed 15852K, reserved 1048576K
}
Event: 1623.962 GC heap after
{Heap after GC invocations=31 (full 0):
 garbage-first heap   total 264192K, used 103584K [0x0000000080000000, 0x0000000100000000)
  region size 1024K, 2 young (2048K), 2 survivors (2048K)
 Metaspace       used 111403K, capacity 114561K, committed 114840K, reserved 1148928K
  class space    used 14606K, capacity 15821K, committed 15852K, reserved 1048576K
}
Event: 1624.763 GC heap before
{Heap before GC invocations=31 (full 0):
 garbage-first heap   total 264192K, used 113824K [0x0000000080000000, 0x0000000100000000)
  region size 1024K, 12 young (12288K), 2 survivors (2048K)
 Metaspace       used 111404K, capacity 114561K, committed 114840K, reserved 1148928K
  class space    used 14606K, capacity 15821K, committed 15852K, reserved 1048576K
}
Event: 1624.802 GC heap after
{Heap after GC invocations=32 (full 0):
 garbage-first heap   total 264192K, used 105847K [0x0000000080000000, 0x0000000100000000)
  region size 1024K, 2 young (2048K), 2 survivors (2048K)
 Metaspace       used 111404K, capacity 114561K, committed 114840K, reserved 1148928K
  class space    used 14606K, capacity 15821K, committed 15852K, reserved 1048576K
}
Event: 1625.340 GC heap before
{Heap before GC invocations=32 (full 0):
 garbage-first heap   total 264192K, used 116087K [0x0000000080000000, 0x0000000100000000)
  region size 1024K, 12 young (12288K), 2 survivors (2048K)
 Metaspace       used 111417K, capacity 114561K, committed 114840K, reserved 1148928K
  class space    used 14606K, capacity 15821K, committed 15852K, reserved 1048576K
}
Event: 1625.430 GC heap after
{Heap after GC invocations=33 (full 0):
 garbage-first heap   total 264192K, used 108544K [0x0000000080000000, 0x0000000100000000)
  region size 1024K, 2 young (2048K), 2 survivors (2048K)
 Metaspace       used 111417K, capacity 114561K, committed 114840K, reserved 1148928K
  class space    used 14606K, capacity 15821K, committed 15852K, reserved 1048576K
}
Event: 1625.751 GC heap before
{Heap before GC invocations=33 (full 0):
 garbage-first heap   total 264192K, used 118784K [0x0000000080000000, 0x0000000100000000)
  region size 1024K, 12 young (12288K), 2 survivors (2048K)
 Metaspace       used 111459K, capacity 114627K, committed 114840K, reserved 1148928K
  class space    used 14606K, capacity 15821K, committed 15852K, reserved 1048576K
}
Event: 1625.777 GC heap after
{Heap after GC invocations=34 (full 0):
 garbage-first heap   total 264192K, used 110875K [0x0000000080000000, 0x0000000100000000)
  region size 1024K, 2 young (2048K), 2 survivors (2048K)
 Metaspace       used 111459K, capacity 114627K, committed 114840K, reserved 1148928K
  class space    used 14606K, capacity 15821K, committed 15852K, reserved 1048576K
}
Event: 1626.483 GC heap before
{Heap before GC invocations=34 (full 0):
 garbage-first heap   total 264192K, used 121115K [0x0000000080000000, 0x0000000100000000)
  region size 1024K, 12 young (12288K), 2 survivors (2048K)
 Metaspace       used 111573K, capacity 114730K, committed 114840K, reserved 1148928K
  class space    used 14614K, capacity 15833K, committed 15852K, reserved 1048576K
}
Event: 1626.643 GC heap after
{Heap after GC invocations=35 (full 0):
 garbage-first heap   total 264192K, used 112110K [0x0000000080000000, 0x0000000100000000)
  region size 1024K, 1 young (1024K), 1 survivors (1024K)
 Metaspace       used 111573K, capacity 114730K, committed 114840K, reserved 1148928K
  class space    used 14614K, capacity 15833K, committed 15852K, reserved 1048576K
}
Event: 1628.160 GC heap before
{Heap before GC invocations=35 (full 0):
 garbage-first heap   total 264192K, used 123374K [0x0000000080000000, 0x0000000100000000)
  region size 1024K, 12 young (12288K), 1 survivors (1024K)
 Metaspace       used 111871K, capacity 115111K, committed 115224K, reserved 1148928K
  class space    used 14639K, capacity 15895K, committed 15980K, reserved 1048576K
}

Deoptimization events (20 events):
Event: 1625.430 Thread 0x0000026e134b6000 DEOPT PACKING pc=0x0000026e0809d974 sp=0x0000009b1f7f7d60
Event: 1625.430 Thread 0x0000026e134b6000 DEOPT UNPACKING pc=0x0000026e000085af sp=0x0000009b1f7f7d18 mode 2
Event: 1625.829 Thread 0x0000026e134b6000 Uncommon trap: trap_request=0xffffff4d fr.pc=0x0000026e083fbab4 relative=0x00000000000002d4
Event: 1625.829 Thread 0x0000026e134b6000 Uncommon trap: reason=unstable_if action=reinterpret pc=0x0000026e083fbab4 method=com.sun.tools.javac.code.Scope$ScopeImpl.lookup(Lcom/sun/tools/javac/util/Name;Lcom/sun/tools/javac/util/Filter;)Lcom/sun/tools/javac/code/Scope$Entry; @ 19 c2
Event: 1625.829 Thread 0x0000026e134b6000 DEOPT PACKING pc=0x0000026e083fbab4 sp=0x0000009b1f7f78f0
Event: 1625.829 Thread 0x0000026e134b6000 DEOPT UNPACKING pc=0x0000026e000085af sp=0x0000009b1f7f7898 mode 2
Event: 1625.830 Thread 0x0000026e134b6000 Uncommon trap: trap_request=0xffffffde fr.pc=0x0000026e083fd6a0 relative=0x00000000000008c0
Event: 1625.830 Thread 0x0000026e134b6000 Uncommon trap: reason=class_check action=maybe_recompile pc=0x0000026e083fd6a0 method=com.sun.tools.javac.code.Types$15.visitClassType(Lcom/sun/tools/javac/code/Type$ClassType;Ljava/lang/Void;)Lcom/sun/tools/javac/code/Type; @ 19 c2
Event: 1625.830 Thread 0x0000026e134b6000 DEOPT PACKING pc=0x0000026e083fd6a0 sp=0x0000009b1f7f5f20
Event: 1625.830 Thread 0x0000026e134b6000 DEOPT UNPACKING pc=0x0000026e000085af sp=0x0000009b1f7f5e80 mode 2
Event: 1625.833 Thread 0x0000026e134b6000 DEOPT PACKING pc=0x0000026e01ba3427 sp=0x0000009b1f7f5370
Event: 1625.833 Thread 0x0000026e134b6000 DEOPT UNPACKING pc=0x0000026e00049d0e sp=0x0000009b1f7f4830 mode 0
Event: 1625.837 Thread 0x0000026e134b6000 Uncommon trap: trap_request=0xffffff4d fr.pc=0x0000026e083eeae4 relative=0x0000000000000de4
Event: 1625.837 Thread 0x0000026e134b6000 Uncommon trap: reason=unstable_if action=reinterpret pc=0x0000026e083eeae4 method=com.sun.tools.javac.jvm.ClassReader.sigToType()Lcom/sun/tools/javac/code/Type; @ 697 c2
Event: 1625.837 Thread 0x0000026e134b6000 DEOPT PACKING pc=0x0000026e083eeae4 sp=0x0000009b1f7f6d80
Event: 1625.837 Thread 0x0000026e134b6000 DEOPT UNPACKING pc=0x0000026e000085af sp=0x0000009b1f7f6d78 mode 2
Event: 1625.840 Thread 0x0000026e134b6000 DEOPT PACKING pc=0x0000026e01b5fd0e sp=0x0000009b1f7f7cb0
Event: 1625.840 Thread 0x0000026e134b6000 DEOPT UNPACKING pc=0x0000026e00049d0e sp=0x0000009b1f7f7128 mode 0
Event: 1626.710 Thread 0x0000026e134b6000 DEOPT PACKING pc=0x0000026e00d6aa71 sp=0x0000009b1f7fdef0
Event: 1626.710 Thread 0x0000026e134b6000 DEOPT UNPACKING pc=0x0000026e00049d0e sp=0x0000009b1f7fd3e8 mode 0

Classes redefined (0 events):
No events

Internal exceptions (20 events):
Event: 1625.551 Thread 0x0000026e134b6000 Exception <a 'sun/nio/fs/WindowsException'{0x000000008f9df088}> (0x000000008f9df088) thrown at [./src/hotspot/share/prims/jni.cpp, line 615]
Event: 1625.551 Thread 0x0000026e134b6000 Exception <a 'sun/nio/fs/WindowsException'{0x000000008f9df218}> (0x000000008f9df218) thrown at [./src/hotspot/share/prims/jni.cpp, line 615]
Event: 1625.781 Thread 0x0000026e134b6000 Exception <a 'sun/nio/fs/WindowsException'{0x00000000900467b0}> (0x00000000900467b0) thrown at [./src/hotspot/share/prims/jni.cpp, line 615]
Event: 1625.822 Thread 0x0000026e134b6000 Exception <a 'sun/nio/fs/WindowsException'{0x000000008ff0e568}> (0x000000008ff0e568) thrown at [./src/hotspot/share/prims/jni.cpp, line 615]
Event: 1625.822 Thread 0x0000026e134b6000 Exception <a 'sun/nio/fs/WindowsException'{0x000000008ff0e6e8}> (0x000000008ff0e6e8) thrown at [./src/hotspot/share/prims/jni.cpp, line 615]
Event: 1625.830 Thread 0x0000026e134b6000 Exception <a 'sun/nio/fs/WindowsException'{0x000000008fe2c1f8}> (0x000000008fe2c1f8) thrown at [./src/hotspot/share/prims/jni.cpp, line 615]
Event: 1625.831 Thread 0x0000026e134b6000 Exception <a 'sun/nio/fs/WindowsException'{0x000000008fe2c378}> (0x000000008fe2c378) thrown at [./src/hotspot/share/prims/jni.cpp, line 615]
Event: 1625.833 Thread 0x0000026e134b6000 Exception <a 'sun/nio/fs/WindowsException'{0x000000008fe6d208}> (0x000000008fe6d208) thrown at [./src/hotspot/share/prims/jni.cpp, line 615]
Event: 1625.833 Thread 0x0000026e134b6000 Exception <a 'sun/nio/fs/WindowsException'{0x000000008fe6d370}> (0x000000008fe6d370) thrown at [./src/hotspot/share/prims/jni.cpp, line 615]
Event: 1625.836 Thread 0x0000026e134b6000 Exception <a 'sun/nio/fs/WindowsException'{0x000000008feb5cf8}> (0x000000008feb5cf8) thrown at [./src/hotspot/share/prims/jni.cpp, line 615]
Event: 1625.836 Thread 0x0000026e134b6000 Exception <a 'sun/nio/fs/WindowsException'{0x000000008feb5e80}> (0x000000008feb5e80) thrown at [./src/hotspot/share/prims/jni.cpp, line 615]
Event: 1625.838 Thread 0x0000026e134b6000 Exception <a 'sun/nio/fs/WindowsException'{0x000000008fef1fd8}> (0x000000008fef1fd8) thrown at [./src/hotspot/share/prims/jni.cpp, line 615]
Event: 1625.838 Thread 0x0000026e134b6000 Exception <a 'sun/nio/fs/WindowsException'{0x000000008fef2168}> (0x000000008fef2168) thrown at [./src/hotspot/share/prims/jni.cpp, line 615]
Event: 1625.839 Thread 0x0000026e134b6000 Exception <a 'sun/nio/fs/WindowsException'{0x000000008fd2a220}> (0x000000008fd2a220) thrown at [./src/hotspot/share/prims/jni.cpp, line 615]
Event: 1625.839 Thread 0x0000026e134b6000 Exception <a 'sun/nio/fs/WindowsException'{0x000000008fd2a398}> (0x000000008fd2a398) thrown at [./src/hotspot/share/prims/jni.cpp, line 615]
Event: 1625.844 Thread 0x0000026e134b6000 Exception <a 'sun/nio/fs/WindowsException'{0x000000008fb10940}> (0x000000008fb10940) thrown at [./src/hotspot/share/prims/jni.cpp, line 615]
Event: 1625.847 Thread 0x0000026e134b6000 Exception <a 'sun/nio/fs/WindowsException'{0x000000008fb1d230}> (0x000000008fb1d230) thrown at [./src/hotspot/share/prims/jni.cpp, line 615]
Event: 1627.080 Thread 0x0000026e134b6800 Exception <a 'sun/nio/fs/WindowsException'{0x000000008f916988}> (0x000000008f916988) thrown at [./src/hotspot/share/prims/jni.cpp, line 615]
Event: 1627.867 Thread 0x0000026e134b6800 Exception <a 'java/lang/NoSuchMethodError'{0x000000008f81fc20}: 'long java.lang.invoke.DirectMethodHandle$Holder.invokeStatic(java.lang.Object, java.lang.Object)'> (0x000000008f81fc20) thrown at [./src/hotspot/share/interpreter/linkResolver.cpp, line 773]
Event: 1627.985 Thread 0x0000026e134b6800 Exception <a 'sun/nio/fs/WindowsException'{0x000000008f8bcfd8}> (0x000000008f8bcfd8) thrown at [./src/hotspot/share/prims/jni.cpp, line 615]

Events (20 events):
Event: 1627.910 loading class com/android/tools/r8/internal/eX done
Event: 1628.138 Executing VM operation: RevokeBias
Event: 1628.138 Executing VM operation: RevokeBias done
Event: 1628.138 Executing VM operation: RevokeBias
Event: 1628.139 Executing VM operation: RevokeBias done
Event: 1628.139 Executing VM operation: RevokeBias
Event: 1628.139 Executing VM operation: RevokeBias done
Event: 1628.139 Executing VM operation: RevokeBias
Event: 1628.139 Executing VM operation: RevokeBias done
Event: 1628.139 Executing VM operation: RevokeBias
Event: 1628.140 Executing VM operation: RevokeBias done
Event: 1628.140 Executing VM operation: RevokeBias
Event: 1628.141 Executing VM operation: RevokeBias done
Event: 1628.141 Executing VM operation: RevokeBias
Event: 1628.141 Executing VM operation: RevokeBias done
Event: 1628.141 Executing VM operation: RevokeBias
Event: 1628.141 Executing VM operation: RevokeBias done
Event: 1628.143 Executing VM operation: RevokeBias
Event: 1628.143 Executing VM operation: RevokeBias done
Event: 1628.148 Executing VM operation: G1CollectForAllocation


Dynamic libraries:
0x00007ff682a60000 - 0x00007ff682a6a000 	C:\Program Files\Android\Android Studio\jre\bin\java.exe
0x00007ff8c6cb0000 - 0x00007ff8c6ea8000 	C:\Windows\SYSTEM32\ntdll.dll
0x00007ff8c6a60000 - 0x00007ff8c6b1d000 	C:\Windows\System32\KERNEL32.DLL
0x00007ff8c47e0000 - 0x00007ff8c4ab2000 	C:\Windows\System32\KERNELBASE.dll
0x00007ff8c4500000 - 0x00007ff8c4600000 	C:\Windows\System32\ucrtbase.dll
0x00007ff8ba5b0000 - 0x00007ff8ba5c9000 	C:\Program Files\Android\Android Studio\jre\bin\jli.dll
0x00007ff8c5320000 - 0x00007ff8c54bd000 	C:\Windows\System32\USER32.dll
0x00007ff8c4390000 - 0x00007ff8c43b2000 	C:\Windows\System32\win32u.dll
0x00007ff8ad710000 - 0x00007ff8ad9aa000 	C:\Windows\WinSxS\amd64_microsoft.windows.common-controls_6595b64144ccf1df_6.0.19041.1110_none_60b5254171f9507e\COMCTL32.dll
0x00007ff8c6900000 - 0x00007ff8c692b000 	C:\Windows\System32\GDI32.dll
0x00007ff8c5d50000 - 0x00007ff8c5dee000 	C:\Windows\System32\msvcrt.dll
0x00007ff8c46a0000 - 0x00007ff8c47af000 	C:\Windows\System32\gdi32full.dll
0x00007ff8c4600000 - 0x00007ff8c469d000 	C:\Windows\System32\msvcp_win.dll
0x00007ff8b0990000 - 0x00007ff8b09a7000 	C:\Program Files\Android\Android Studio\jre\bin\VCRUNTIME140.dll
0x00007ff8c5cf0000 - 0x00007ff8c5d20000 	C:\Windows\System32\IMM32.DLL
0x00007ff8926b0000 - 0x00007ff89274d000 	C:\Program Files\Android\Android Studio\jre\bin\msvcp140.dll
0x00007ff875cc0000 - 0x00007ff8767a5000 	C:\Program Files\Android\Android Studio\jre\bin\server\jvm.dll
0x00007ff8c4de0000 - 0x00007ff8c4e8e000 	C:\Windows\System32\ADVAPI32.dll
0x00007ff8c67a0000 - 0x00007ff8c683c000 	C:\Windows\System32\sechost.dll
0x00007ff8c6930000 - 0x00007ff8c6a55000 	C:\Windows\System32\RPCRT4.dll
0x00007ff8c5250000 - 0x00007ff8c5258000 	C:\Windows\System32\PSAPI.DLL
0x00007ff8aa310000 - 0x00007ff8aa337000 	C:\Windows\SYSTEM32\WINMM.dll
0x00007ff8c1a10000 - 0x00007ff8c1a19000 	C:\Windows\SYSTEM32\WSOCK32.dll
0x00007ff8bcca0000 - 0x00007ff8bccaa000 	C:\Windows\SYSTEM32\VERSION.dll
0x00007ff8c4d70000 - 0x00007ff8c4ddb000 	C:\Windows\System32\WS2_32.dll
0x00007ff8c2ba0000 - 0x00007ff8c2bb2000 	C:\Windows\SYSTEM32\kernel.appcore.dll
0x00007ff8c0c70000 - 0x00007ff8c0c81000 	C:\Program Files\Android\Android Studio\jre\bin\verify.dll
0x00007ff8c1f80000 - 0x00007ff8c2164000 	C:\Windows\SYSTEM32\DBGHELP.DLL
0x00007ff8bd0a0000 - 0x00007ff8bd0cc000 	C:\Windows\SYSTEM32\dbgcore.DLL
0x00007ff8c43c0000 - 0x00007ff8c4442000 	C:\Windows\System32\bcryptPrimitives.dll
0x00007ff8bf4d0000 - 0x00007ff8bf4f9000 	C:\Program Files\Android\Android Studio\jre\bin\java.dll
0x00007ff8c1840000 - 0x00007ff8c184b000 	C:\Program Files\Android\Android Studio\jre\bin\jimage.dll
0x00007ff8bf4b0000 - 0x00007ff8bf4c8000 	C:\Program Files\Android\Android Studio\jre\bin\zip.dll
0x00007ff8c5f20000 - 0x00007ff8c6663000 	C:\Windows\System32\SHELL32.dll
0x00007ff8c23f0000 - 0x00007ff8c2b81000 	C:\Windows\SYSTEM32\windows.storage.dll
0x00007ff8c4ef0000 - 0x00007ff8c5244000 	C:\Windows\System32\combase.dll
0x00007ff8c3c30000 - 0x00007ff8c3c60000 	C:\Windows\SYSTEM32\Wldp.dll
0x00007ff8c5260000 - 0x00007ff8c530d000 	C:\Windows\System32\SHCORE.dll
0x00007ff8c5c90000 - 0x00007ff8c5ce5000 	C:\Windows\System32\shlwapi.dll
0x00007ff8c42d0000 - 0x00007ff8c42ef000 	C:\Windows\SYSTEM32\profapi.dll
0x00007ff8bd860000 - 0x00007ff8bd87a000 	C:\Program Files\Android\Android Studio\jre\bin\net.dll
0x00007ff8bf0b0000 - 0x00007ff8bf1bd000 	C:\Windows\SYSTEM32\WINHTTP.dll
0x00007ff8abf70000 - 0x00007ff8abf86000 	C:\Windows\system32\PrxerDrv.dll
0x00007ff8c3a10000 - 0x00007ff8c3a7a000 	C:\Windows\system32\mswsock.dll
0x00007ff8bd840000 - 0x00007ff8bd854000 	C:\Program Files\Android\Android Studio\jre\bin\nio.dll
0x00007ff8a5cb0000 - 0x00007ff8a5cd7000 	C:\Users\EACMS\.gradle\native\e1d6ef7f7dcc3fd88c89a11ec53ec762bb8ba0a96d01ffa2cd45eb1d1d8dd5c5\windows-amd64\native-platform.dll
0x00007ff88a960000 - 0x00007ff88aaa4000 	C:\Users\EACMS\.gradle\native\5664cfc778a61ccfe75a443a1ab52a65af34e5dc3c78e0209fed803814484fcb\windows-amd64\native-platform-file-events.dll
0x00007ff8c16f0000 - 0x00007ff8c16fa000 	C:\Program Files\Android\Android Studio\jre\bin\management.dll
0x00007ff8c1510000 - 0x00007ff8c151d000 	C:\Program Files\Android\Android Studio\jre\bin\management_ext.dll
0x00007ff8c3c70000 - 0x00007ff8c3c88000 	C:\Windows\SYSTEM32\CRYPTSP.dll
0x00007ff8c3350000 - 0x00007ff8c3384000 	C:\Windows\system32\rsaenh.dll
0x00007ff8c47b0000 - 0x00007ff8c47d7000 	C:\Windows\System32\bcrypt.dll
0x00007ff8c4250000 - 0x00007ff8c427e000 	C:\Windows\SYSTEM32\USERENV.dll
0x00007ff8c3ba0000 - 0x00007ff8c3bac000 	C:\Windows\SYSTEM32\CRYPTBASE.dll
0x00007ff8c3720000 - 0x00007ff8c375b000 	C:\Windows\SYSTEM32\IPHLPAPI.DLL
0x00007ff8c5310000 - 0x00007ff8c5318000 	C:\Windows\System32\NSI.dll
0x00007ff8baa80000 - 0x00007ff8baa97000 	C:\Windows\SYSTEM32\dhcpcsvc6.DLL
0x00007ff8b74f0000 - 0x00007ff8b750d000 	C:\Windows\SYSTEM32\dhcpcsvc.DLL
0x00007ff8c3760000 - 0x00007ff8c382a000 	C:\Windows\SYSTEM32\DNSAPI.dll
0x00007ff8abf50000 - 0x00007ff8abf62000 	C:\Windows\System32\PrxerNsp.dll
0x00007ff8bd4b0000 - 0x00007ff8bd4d7000 	C:\Program Files\Android\Android Studio\jre\bin\sunec.dll

dbghelp: loaded successfully - version: 4.0.5 - missing functions: none
symbol engine: initialized successfully - sym options: 0x614 - pdb path: .;C:\Program Files\Android\Android Studio\jre\bin;C:\Windows\SYSTEM32;C:\Windows\WinSxS\amd64_microsoft.windows.common-controls_6595b64144ccf1df_6.0.19041.1110_none_60b5254171f9507e;C:\Program Files\Android\Android Studio\jre\bin\server;C:\Users\EACMS\.gradle\native\e1d6ef7f7dcc3fd88c89a11ec53ec762bb8ba0a96d01ffa2cd45eb1d1d8dd5c5\windows-amd64;C:\Users\EACMS\.gradle\native\5664cfc778a61ccfe75a443a1ab52a65af34e5dc3c78e0209fed803814484fcb\windows-amd64

VM Arguments:
jvm_args: --add-opens=java.base/java.util=ALL-UNNAMED --add-opens=java.base/java.lang=ALL-UNNAMED --add-opens=java.base/java.lang.invoke=ALL-UNNAMED --add-opens=java.base/java.util=ALL-UNNAMED --add-opens=java.prefs/java.util.prefs=ALL-UNNAMED --add-opens=java.prefs/java.util.prefs=ALL-UNNAMED --add-opens=java.base/java.nio.charset=ALL-UNNAMED --add-opens=java.base/java.net=ALL-UNNAMED --add-opens=java.base/java.util.concurrent.atomic=ALL-UNNAMED -Xmx2048m -Dfile.encoding=UTF-8 -Duser.country=US -Duser.language=en -Duser.variant 
java_command: org.gradle.launcher.daemon.bootstrap.GradleDaemon 7.3.3
java_class_path (initial): C:\Users\EACMS\.gradle\wrapper\dists\gradle-7.3.3-bin\6a41zxkdtcxs8rphpq6y0069z\gradle-7.3.3\lib\gradle-launcher-7.3.3.jar
Launcher Type: SUN_STANDARD

[Global flags]
     intx CICompilerCount                          = 3                                         {product} {ergonomic}
     uint ConcGCThreads                            = 1                                         {product} {ergonomic}
     uint G1ConcRefinementThreads                  = 4                                         {product} {ergonomic}
   size_t G1HeapRegionSize                         = 1048576                                   {product} {ergonomic}
    uintx GCDrainStackTargetSize                   = 64                                        {product} {ergonomic}
   size_t InitialHeapSize                          = 130023424                                 {product} {ergonomic}
   size_t MarkStackSize                            = 4194304                                   {product} {ergonomic}
   size_t MaxHeapSize                              = 2147483648                                {product} {command line}
   size_t MaxNewSize                               = 1287651328                                {product} {ergonomic}
   size_t MinHeapDeltaBytes                        = 1048576                                   {product} {ergonomic}
    uintx NonNMethodCodeHeapSize                   = 5830732                                {pd product} {ergonomic}
    uintx NonProfiledCodeHeapSize                  = 122913754                              {pd product} {ergonomic}
    uintx ProfiledCodeHeapSize                     = 122913754                              {pd product} {ergonomic}
    uintx ReservedCodeCacheSize                    = 251658240                              {pd product} {ergonomic}
     bool SegmentedCodeCache                       = true                                      {product} {ergonomic}
     bool UseCompressedClassPointers               = true                                 {lp64_product} {ergonomic}
     bool UseCompressedOops                        = true                                 {lp64_product} {ergonomic}
     bool UseG1GC                                  = true                                      {product} {ergonomic}
     bool UseLargePagesIndividualAllocation        = false                                  {pd product} {ergonomic}

Logging:
Log output configuration:
 #0: stdout all=warning uptime,level,tags
 #1: stderr all=off uptime,level,tags

Environment Variables:
JAVA_HOME=C:\Program Files\Java\jdk-16.0.1
PATH=C:\Program Files\Common Files\Oracle\Java\javapath;C:\Windows\system32;C:\Windows;C:\Windows\System32\Wbem;C:\Windows\System32\WindowsPowerShell\v1.0\;C:\Windows\System32\OpenSSH\;C:\Program Files\Java\jdk-16.0.1\bin\;C:\Program Files\apache-maven-3.8.1\bin\;C:\Program Files\apache-maven-3.8.1\bin;d:\Program Files\Git\cmd;D:\Program Files\nodejs\;D:\Program Files\MongoDB\Server\4.4\;C:\Users\EACMS\AppData\Local\Microsoft\WindowsApps;C:\Users\EACMS\AppData\Local\Programs\Microsoft VS Code\bin;C:\Users\EACMS\AppData\Roaming\npm;C:\Program Files\MongoDB\Server\4.4;C:\Program Files\MongoDB\Server\4.4\bin;C:\Users\EACMS\Documents\flutter\bin;d:\Program Files\heroku\bin;C:\Program Files\JetBrains\IntelliJ IDEA 2021.2.3\bin;;D:\sqllite3
USERNAME=EACMS
OS=Windows_NT
PROCESSOR_IDENTIFIER=Intel64 Family 6 Model 140 Stepping 1, GenuineIntel



---------------  S Y S T E M  ---------------

OS: Windows 10 , 64 bit Build 19041 (10.0.19041.1889)
OS uptime: 2 days 14:20 hours
Hyper-V role detected

CPU:total 4 (initial active 4) (2 cores per cpu, 2 threads per core) family 6 model 140 stepping 1 microcode 0xa4, cmov, cx8, fxsr, mmx, sse, sse2, sse3, ssse3, sse4.1, sse4.2, popcnt, avx, avx2, aes, clmul, erms, 3dnowpref, lzcnt, ht, tsc, tscinvbit, bmi1, bmi2, adx, evex, sha, fma

Memory: 4k page, system-wide physical 7918M (363M free)
TotalPageFile size 12014M (AvailPageFile size 145M)
current process WorkingSet (physical memory assigned to process): 321M, peak: 490M
current process commit charge ("private bytes"): 592M, peak: 852M

vm_info: OpenJDK 64-Bit Server VM (11.0.12+7-b1504.28-7817840) for windows-amd64 JRE (11.0.12+7-b1504.28-7817840), built on Oct 13 2021 22:12:33 by "builder" with MS VC++ 14.0 (VS2015)

END.
