#
# There is insufficient memory for the Java Runtime Environment to continue.
# Native memory allocation (malloc) failed to allocate 1122096 bytes for Chunk::new
# Possible reasons:
#   The system is out of physical RAM or swap space
#   The process is running with CompressedOops enabled, and the Java Heap may be blocking the growth of the native heap
# Possible solutions:
#   Reduce memory load on the system
#   Increase physical memory or swap space
#   Check if swap backing store is full
#   Decrease Java heap size (-Xmx/-Xms)
#   Decrease number of Java threads
#   Decrease Java thread stack sizes (-Xss)
#   Set larger code cache with -XX:ReservedCodeCacheSize=
#   JVM is running with Unscaled Compressed Oops mode in which the Java heap is
#     placed in the first 4GB address space. The Java Heap base address is the
#     maximum limit for the native heap growth. Please use -XX:HeapBaseMinAddress
#     to set the Java Heap base and to place the Java Heap above 4GB virtual address.
# This output file may be truncated or incomplete.
#
#  Out of Memory Error (./src/hotspot/share/memory/arena.cpp:197), pid=17412, tid=8040
#
# JRE version: OpenJDK Runtime Environment (11.0.12+7) (build 11.0.12+7-b1504.28-7817840)
# Java VM: OpenJDK 64-Bit Server VM (11.0.12+7-b1504.28-7817840, mixed mode, tiered, compressed oops, g1 gc, windows-amd64)
# No core dump will be written. Minidumps are not enabled by default on client versions of Windows
#

---------------  S U M M A R Y ------------

Command Line: --add-opens=java.base/java.util=ALL-UNNAMED --add-opens=java.base/java.lang=ALL-UNNAMED --add-opens=java.base/java.lang.invoke=ALL-UNNAMED --add-opens=java.base/java.util=ALL-UNNAMED --add-opens=java.prefs/java.util.prefs=ALL-UNNAMED --add-opens=java.prefs/java.util.prefs=ALL-UNNAMED --add-opens=java.base/java.nio.charset=ALL-UNNAMED --add-opens=java.base/java.net=ALL-UNNAMED --add-opens=java.base/java.util.concurrent.atomic=ALL-UNNAMED -Xmx2048m -Dfile.encoding=UTF-8 -Duser.country=US -Duser.language=en -Duser.variant org.gradle.launcher.daemon.bootstrap.GradleDaemon 7.3.3

Host: 11th Gen Intel(R) Core(TM) i3-1115G4 @ 3.00GHz, 4 cores, 7G,  Windows 10 , 64 bit Build 19041 (10.0.19041.1889)
Time: Sat Oct 29 21:04:41 2022 Sri Lanka Standard Time elapsed time: 52.657475 seconds (0d 0h 0m 52s)

---------------  T H R E A D  ---------------

Current thread (0x000001f7d7818800):  JavaThread "C2 CompilerThread0" daemon [_thread_in_native, id=8040, stack(0x00000003ceb00000,0x00000003cec00000)]


Current CompileTask:
C2:  52657 19262   !   4       java.io.BufferedReader::readLine (304 bytes)

Stack: [0x00000003ceb00000,0x00000003cec00000]
Native frames: (J=compiled Java code, j=interpreted, Vv=VM code, C=native code)
V  [jvm.dll+0x5fbcea]
V  [jvm.dll+0x731905]
V  [jvm.dll+0x732f1d]
V  [jvm.dll+0x7335d3]
V  [jvm.dll+0x247bf8]
V  [jvm.dll+0xc018c]
V  [jvm.dll+0xc06cc]
V  [jvm.dll+0x35b31d]
V  [jvm.dll+0x19d0bc]
V  [jvm.dll+0x20070e]
V  [jvm.dll+0x1ff794]
V  [jvm.dll+0x18868c]
V  [jvm.dll+0x20e0d7]
V  [jvm.dll+0x20c901]
V  [jvm.dll+0x6f9b7f]
V  [jvm.dll+0x6f26a5]
V  [jvm.dll+0x5fabf6]
C  [ucrtbase.dll+0x21bb2]
C  [KERNEL32.DLL+0x17034]
C  [ntdll.dll+0x526a1]


---------------  P R O C E S S  ---------------

Threads class SMR info:
_java_thread_list=0x000001f7e33bb1b0, length=88, elements={
0x000001f7bdc04800, 0x000001f7d77f1000, 0x000001f7d77f5000, 0x000001f7d7811000,
0x000001f7d7815000, 0x000001f7d7816800, 0x000001f7d7818800, 0x000001f7d781b800,
0x000001f7d7835800, 0x000001f7d82ed800, 0x000001f7d82eb800, 0x000001f7d82e9000,
0x000001f7d82e7800, 0x000001f7d82e8800, 0x000001f7d82ea000, 0x000001f7d82ee000,
0x000001f7d82eb000, 0x000001f7d82ec800, 0x000001f7d95e2000, 0x000001f7d95e6000,
0x000001f7d95e0800, 0x000001f7d95e5000, 0x000001f7d95e2800, 0x000001f7d95e3800,
0x000001f7d95e4800, 0x000001f7d95e7000, 0x000001f7d95e1000, 0x000001f7dad29000,
0x000001f7dad2b000, 0x000001f7dad29800, 0x000001f7dad2a800, 0x000001f7dad2c000,
0x000001f7dad2d800, 0x000001f7dad31000, 0x000001f7dad32800, 0x000001f7dad2d000,
0x000001f7dad2f800, 0x000001f7dad33800, 0x000001f7dad30000, 0x000001f7dad32000,
0x000001f7dad34000, 0x000001f7dad2e800, 0x000001f7dad35000, 0x000001f7dad36000,
0x000001f7da36f000, 0x000001f7da36c800, 0x000001f7da371000, 0x000001f7da36d000,
0x000001f7da36b800, 0x000001f7da373800, 0x000001f7da36e000, 0x000001f7da375800,
0x000001f7da36f800, 0x000001f7da374800, 0x000001f7da376000, 0x000001f7da373000,
0x000001f7da372000, 0x000001f7da370800, 0x000001f7da37a000, 0x000001f7da377000,
0x000001f7da378000, 0x000001f7da378800, 0x000001f7da379800, 0x000001f7ddfc3000,
0x000001f7ddfc2800, 0x000001f7ddfbf000, 0x000001f7ddfbe000, 0x000001f7ddfc0000,
0x000001f7ddfc0800, 0x000001f7ddfc1800, 0x000001f7ddfbd800, 0x000001f7ddfc9000,
0x000001f7ddfc5800, 0x000001f7ddfc5000, 0x000001f7ddfc4000, 0x000001f7ddfcc000,
0x000001f7ddfc9800, 0x000001f7ddfcb800, 0x000001f7ddfc7000, 0x000001f7ddfca800,
0x000001f7ddfc8000, 0x000001f7dd70f000, 0x000001f7dd710000, 0x000001f7dd711800,
0x000001f7dd70c800, 0x000001f7dd714000, 0x000001f7dd70e800, 0x000001f7dd715800
}

Java Threads: ( => current thread )
  0x000001f7bdc04800 JavaThread "main" [_thread_blocked, id=1920, stack(0x00000003cdf00000,0x00000003ce000000)]
  0x000001f7d77f1000 JavaThread "Reference Handler" daemon [_thread_blocked, id=17944, stack(0x00000003ce600000,0x00000003ce700000)]
  0x000001f7d77f5000 JavaThread "Finalizer" daemon [_thread_blocked, id=15112, stack(0x00000003ce700000,0x00000003ce800000)]
  0x000001f7d7811000 JavaThread "Signal Dispatcher" daemon [_thread_blocked, id=12632, stack(0x00000003ce800000,0x00000003ce900000)]
  0x000001f7d7815000 JavaThread "Attach Listener" daemon [_thread_blocked, id=9056, stack(0x00000003ce900000,0x00000003cea00000)]
  0x000001f7d7816800 JavaThread "Service Thread" daemon [_thread_blocked, id=7400, stack(0x00000003cea00000,0x00000003ceb00000)]
=>0x000001f7d7818800 JavaThread "C2 CompilerThread0" daemon [_thread_in_native, id=8040, stack(0x00000003ceb00000,0x00000003cec00000)]
  0x000001f7d781b800 JavaThread "C1 CompilerThread0" daemon [_thread_blocked, id=17588, stack(0x00000003cec00000,0x00000003ced00000)]
  0x000001f7d7835800 JavaThread "Sweeper thread" daemon [_thread_blocked, id=6880, stack(0x00000003ced00000,0x00000003cee00000)]
  0x000001f7d82ed800 JavaThread "Common-Cleaner" daemon [_thread_blocked, id=12968, stack(0x00000003cee00000,0x00000003cef00000)]
  0x000001f7d82eb800 JavaThread "Daemon health stats" [_thread_blocked, id=18120, stack(0x00000003cf200000,0x00000003cf300000)]
  0x000001f7d82e9000 JavaThread "Incoming local TCP Connector on port 62325" [_thread_in_native, id=11816, stack(0x00000003cf100000,0x00000003cf200000)]
  0x000001f7d82e7800 JavaThread "Daemon periodic checks" [_thread_blocked, id=11368, stack(0x00000003cf300000,0x00000003cf400000)]
  0x000001f7d82e8800 JavaThread "Daemon" [_thread_blocked, id=15020, stack(0x00000003cf400000,0x00000003cf500000)]
  0x000001f7d82ea000 JavaThread "Handler for socket connection from /127.0.0.1:62325 to /127.0.0.1:62326" [_thread_in_native, id=19204, stack(0x00000003cf500000,0x00000003cf600000)]
  0x000001f7d82ee000 JavaThread "Cancel handler" [_thread_blocked, id=16816, stack(0x00000003cf600000,0x00000003cf700000)]
  0x000001f7d82eb000 JavaThread "Daemon worker" [_thread_blocked, id=1840, stack(0x00000003cf700000,0x00000003cf800000)]
  0x000001f7d82ec800 JavaThread "Asynchronous log dispatcher for DefaultDaemonConnection: socket connection from /127.0.0.1:62325 to /127.0.0.1:62326" [_thread_blocked, id=14104, stack(0x00000003cf900000,0x00000003cfa00000)]
  0x000001f7d95e2000 JavaThread "Stdin handler" [_thread_blocked, id=19184, stack(0x00000003cfa00000,0x00000003cfb00000)]
  0x000001f7d95e6000 JavaThread "Daemon client event forwarder" [_thread_blocked, id=12608, stack(0x00000003cfb00000,0x00000003cfc00000)]
  0x000001f7d95e0800 JavaThread "Cache worker for journal cache (C:\Users\EACMS\.gradle\caches\journal-1)" [_thread_blocked, id=7144, stack(0x00000003cfe00000,0x00000003cff00000)]
  0x000001f7d95e5000 JavaThread "File lock request listener" [_thread_in_native, id=12576, stack(0x00000003cff00000,0x00000003d0000000)]
  0x000001f7d95e2800 JavaThread "Cache worker for file hash cache (C:\Users\EACMS\.gradle\caches\7.3.3\fileHashes)" [_thread_blocked, id=15996, stack(0x00000003d0000000,0x00000003d0100000)]
  0x000001f7d95e3800 JavaThread "Cache worker for file hash cache (E:\Campus\4-year\sem-1\MObile_application\nipuni\.gradle\7.3.3\fileHashes)" [_thread_blocked, id=19392, stack(0x00000003d0100000,0x00000003d0200000)]
  0x000001f7d95e4800 JavaThread "File watcher server" daemon [_thread_in_native, id=4076, stack(0x00000003d0200000,0x00000003d0300000)]
  0x000001f7d95e7000 JavaThread "File watcher consumer" daemon [_thread_blocked, id=6964, stack(0x00000003d0300000,0x00000003d0400000)]
  0x000001f7d95e1000 JavaThread "Cache worker for checksums cache (E:\Campus\4-year\sem-1\MObile_application\nipuni\.gradle\7.3.3\checksums)" [_thread_blocked, id=16708, stack(0x00000003d0400000,0x00000003d0500000)]
  0x000001f7dad29000 JavaThread "Cache worker for cache directory md-supplier (C:\Users\EACMS\.gradle\caches\7.3.3\md-supplier)" [_thread_blocked, id=1644, stack(0x00000003d0500000,0x00000003d0600000)]
  0x000001f7dad2b000 JavaThread "Cache worker for cache directory md-rule (C:\Users\EACMS\.gradle\caches\7.3.3\md-rule)" [_thread_blocked, id=19492, stack(0x00000003d0600000,0x00000003d0700000)]
  0x000001f7dad29800 JavaThread "Cache worker for execution history cache (C:\Users\EACMS\.gradle\caches\7.3.3\executionHistory)" [_thread_blocked, id=17356, stack(0x00000003d0700000,0x00000003d0800000)]
  0x000001f7dad2a800 JavaThread "jar transforms" [_thread_blocked, id=3080, stack(0x00000003d0800000,0x00000003d0900000)]
  0x000001f7dad2c000 JavaThread "Cache worker for file content cache (C:\Users\EACMS\.gradle\caches\7.3.3\fileContent)" [_thread_blocked, id=2480, stack(0x00000003d0900000,0x00000003d0a00000)]
  0x000001f7dad2d800 JavaThread "jar transforms Thread 2" [_thread_blocked, id=20336, stack(0x00000003d0a00000,0x00000003d0b00000)]
  0x000001f7dad31000 JavaThread "Cache worker for dependencies-accessors (E:\Campus\4-year\sem-1\MObile_application\nipuni\.gradle\7.3.3\dependencies-accessors)" [_thread_blocked, id=11184, stack(0x00000003d0b00000,0x00000003d0c00000)]
  0x000001f7dad32800 JavaThread "jar transforms Thread 3" [_thread_blocked, id=7772, stack(0x00000003d0c00000,0x00000003d0d00000)]
  0x000001f7dad2d000 JavaThread "Cache worker for Build Output Cleanup Cache (E:\Campus\4-year\sem-1\MObile_application\nipuni\.gradle\buildOutputCleanup)" [_thread_blocked, id=10212, stack(0x00000003d0d00000,0x00000003d0e00000)]
  0x000001f7dad2f800 JavaThread "Unconstrained build operations" [_thread_blocked, id=9844, stack(0x00000003d0e00000,0x00000003d0f00000)]
  0x000001f7dad33800 JavaThread "Unconstrained build operations Thread 2" [_thread_blocked, id=17328, stack(0x00000003d0f00000,0x00000003d1000000)]
  0x000001f7dad30000 JavaThread "Unconstrained build operations Thread 3" [_thread_blocked, id=860, stack(0x00000003d1000000,0x00000003d1100000)]
  0x000001f7dad32000 JavaThread "Unconstrained build operations Thread 4" [_thread_blocked, id=11064, stack(0x00000003d1100000,0x00000003d1200000)]
  0x000001f7dad34000 JavaThread "Unconstrained build operations Thread 5" [_thread_blocked, id=17388, stack(0x00000003d1200000,0x00000003d1300000)]
  0x000001f7dad2e800 JavaThread "Unconstrained build operations Thread 6" [_thread_blocked, id=17808, stack(0x00000003d1300000,0x00000003d1400000)]
  0x000001f7dad35000 JavaThread "Unconstrained build operations Thread 7" [_thread_blocked, id=11124, stack(0x00000003d1400000,0x00000003d1500000)]
  0x000001f7dad36000 JavaThread "Unconstrained build operations Thread 8" [_thread_blocked, id=7192, stack(0x00000003d1500000,0x00000003d1600000)]
  0x000001f7da36f000 JavaThread "Unconstrained build operations Thread 9" [_thread_blocked, id=17656, stack(0x00000003d1600000,0x00000003d1700000)]
  0x000001f7da36c800 JavaThread "Unconstrained build operations Thread 10" [_thread_blocked, id=19084, stack(0x00000003d1700000,0x00000003d1800000)]
  0x000001f7da371000 JavaThread "Unconstrained build operations Thread 11" [_thread_blocked, id=18004, stack(0x00000003d1800000,0x00000003d1900000)]
  0x000001f7da36d000 JavaThread "Unconstrained build operations Thread 12" [_thread_blocked, id=17936, stack(0x00000003d1900000,0x00000003d1a00000)]
  0x000001f7da36b800 JavaThread "Unconstrained build operations Thread 13" [_thread_blocked, id=17708, stack(0x00000003d1a00000,0x00000003d1b00000)]
  0x000001f7da373800 JavaThread "Unconstrained build operations Thread 14" [_thread_blocked, id=4824, stack(0x00000003d1b00000,0x00000003d1c00000)]
  0x000001f7da36e000 JavaThread "Unconstrained build operations Thread 15" [_thread_blocked, id=4104, stack(0x00000003d1c00000,0x00000003d1d00000)]
  0x000001f7da375800 JavaThread "Unconstrained build operations Thread 16" [_thread_blocked, id=17752, stack(0x00000003d1d00000,0x00000003d1e00000)]
  0x000001f7da36f800 JavaThread "Unconstrained build operations Thread 17" [_thread_in_Java, id=14388, stack(0x00000003d1e00000,0x00000003d1f00000)]
  0x000001f7da374800 JavaThread "Unconstrained build operations Thread 18" [_thread_blocked, id=4068, stack(0x00000003d1f00000,0x00000003d2000000)]
  0x000001f7da376000 JavaThread "Unconstrained build operations Thread 19" [_thread_blocked, id=1176, stack(0x00000003d2000000,0x00000003d2100000)]
  0x000001f7da373000 JavaThread "Unconstrained build operations Thread 20" [_thread_blocked, id=19920, stack(0x00000003d2100000,0x00000003d2200000)]
  0x000001f7da372000 JavaThread "Unconstrained build operations Thread 21" [_thread_blocked, id=19076, stack(0x00000003d2200000,0x00000003d2300000)]
  0x000001f7da370800 JavaThread "Unconstrained build operations Thread 22" [_thread_blocked, id=10528, stack(0x00000003d2300000,0x00000003d2400000)]
  0x000001f7da37a000 JavaThread "Unconstrained build operations Thread 23" [_thread_blocked, id=17112, stack(0x00000003d2400000,0x00000003d2500000)]
  0x000001f7da377000 JavaThread "Unconstrained build operations Thread 24" [_thread_in_native, id=10112, stack(0x00000003d2500000,0x00000003d2600000)]
  0x000001f7da378000 JavaThread "Unconstrained build operations Thread 25" [_thread_blocked, id=7008, stack(0x00000003d2600000,0x00000003d2700000)]
  0x000001f7da378800 JavaThread "Unconstrained build operations Thread 26" [_thread_blocked, id=3272, stack(0x00000003d2700000,0x00000003d2800000)]
  0x000001f7da379800 JavaThread "Unconstrained build operations Thread 27" [_thread_blocked, id=17684, stack(0x00000003d2800000,0x00000003d2900000)]
  0x000001f7ddfc3000 JavaThread "Unconstrained build operations Thread 28" [_thread_blocked, id=14912, stack(0x00000003d2900000,0x00000003d2a00000)]
  0x000001f7ddfc2800 JavaThread "Unconstrained build operations Thread 29" [_thread_blocked, id=18704, stack(0x00000003d2a00000,0x00000003d2b00000)]
  0x000001f7ddfbf000 JavaThread "Unconstrained build operations Thread 30" [_thread_blocked, id=15964, stack(0x00000003d2b00000,0x00000003d2c00000)]
  0x000001f7ddfbe000 JavaThread "Unconstrained build operations Thread 31" [_thread_blocked, id=17620, stack(0x00000003d2c00000,0x00000003d2d00000)]
  0x000001f7ddfc0000 JavaThread "Unconstrained build operations Thread 32" [_thread_blocked, id=18388, stack(0x00000003d2d00000,0x00000003d2e00000)]
  0x000001f7ddfc0800 JavaThread "Unconstrained build operations Thread 33" [_thread_blocked, id=20184, stack(0x00000003d2e00000,0x00000003d2f00000)]
  0x000001f7ddfc1800 JavaThread "Unconstrained build operations Thread 34" [_thread_blocked, id=8888, stack(0x00000003d2f00000,0x00000003d3000000)]
  0x000001f7ddfbd800 JavaThread "Unconstrained build operations Thread 35" [_thread_blocked, id=6344, stack(0x00000003d3000000,0x00000003d3100000)]
  0x000001f7ddfc9000 JavaThread "Unconstrained build operations Thread 36" [_thread_blocked, id=14704, stack(0x00000003d3100000,0x00000003d3200000)]
  0x000001f7ddfc5800 JavaThread "Unconstrained build operations Thread 37" [_thread_blocked, id=15736, stack(0x00000003d3200000,0x00000003d3300000)]
  0x000001f7ddfc5000 JavaThread "Unconstrained build operations Thread 38" [_thread_blocked, id=18640, stack(0x00000003d3300000,0x00000003d3400000)]
  0x000001f7ddfc4000 JavaThread "Unconstrained build operations Thread 39" [_thread_blocked, id=19500, stack(0x00000003d3400000,0x00000003d3500000)]
  0x000001f7ddfcc000 JavaThread "Unconstrained build operations Thread 40" [_thread_blocked, id=4580, stack(0x00000003d3500000,0x00000003d3600000)]
  0x000001f7ddfc9800 JavaThread "jar transforms Thread 4" [_thread_blocked, id=19984, stack(0x00000003d3600000,0x00000003d3700000)]
  0x000001f7ddfcb800 JavaThread "Memory manager" [_thread_blocked, id=13048, stack(0x00000003cf800000,0x00000003cf900000)]
  0x000001f7ddfc7000 JavaThread "build event listener" [_thread_blocked, id=11736, stack(0x00000003d3700000,0x00000003d3800000)]
  0x000001f7ddfca800 JavaThread "Execution worker for ':'" [_thread_blocked, id=15068, stack(0x00000003d3800000,0x00000003d3900000)]
  0x000001f7ddfc8000 JavaThread "Execution worker for ':' Thread 2" [_thread_blocked, id=8752, stack(0x00000003d3900000,0x00000003d3a00000)]
  0x000001f7dd70f000 JavaThread "Execution worker for ':' Thread 3" [_thread_blocked, id=18552, stack(0x00000003d3a00000,0x00000003d3b00000)]
  0x000001f7dd710000 JavaThread "Cache worker for execution history cache (E:\Campus\4-year\sem-1\MObile_application\nipuni\.gradle\7.3.3\executionHistory)" [_thread_blocked, id=13948, stack(0x00000003d3b00000,0x00000003d3c00000)]
  0x000001f7dd711800 JavaThread "WorkerExecutor Queue Thread 2" [_thread_blocked, id=17068, stack(0x00000003d3d00000,0x00000003d3e00000)]
  0x000001f7dd70c800 JavaThread "WorkerExecutor Queue Thread 4" [_thread_in_native, id=3720, stack(0x00000003d3f00000,0x00000003d4000000)]
  0x000001f7dd714000 JavaThread "pool-3-thread-1" [_thread_blocked, id=18100, stack(0x00000003d4000000,0x00000003d4100000)]
  0x000001f7dd70e800 JavaThread "stderr" [_thread_in_native, id=4440, stack(0x00000003d4300000,0x00000003d4400000)]
  0x000001f7dd715800 JavaThread "stdout" [_thread_in_native, id=20152, stack(0x00000003d4400000,0x00000003d4500000)]

Other Threads:
  0x000001f7d77ed800 VMThread "VM Thread" [stack: 0x00000003ce500000,0x00000003ce600000] [id=17552]
  0x000001f7d8304800 WatcherThread [stack: 0x00000003cef00000,0x00000003cf000000] [id=16292]
  0x000001f7bdc19800 GCTaskThread "GC Thread#0" [stack: 0x00000003ce000000,0x00000003ce100000] [id=14572]
  0x000001f7d880b800 GCTaskThread "GC Thread#1" [stack: 0x00000003cf000000,0x00000003cf100000] [id=19080]
  0x000001f7da65f800 GCTaskThread "GC Thread#2" [stack: 0x00000003cfc00000,0x00000003cfd00000] [id=19428]
  0x000001f7da1f0800 GCTaskThread "GC Thread#3" [stack: 0x00000003cfd00000,0x00000003cfe00000] [id=11344]
  0x000001f7bdc4c000 ConcurrentGCThread "G1 Main Marker" [stack: 0x00000003ce100000,0x00000003ce200000] [id=17476]
  0x000001f7bdc4e800 ConcurrentGCThread "G1 Conc#0" [stack: 0x00000003ce200000,0x00000003ce300000] [id=15156]
  0x000001f7bdcda800 ConcurrentGCThread "G1 Refine#0" [stack: 0x00000003ce300000,0x00000003ce400000] [id=20408]
  0x000001f7bdcdd800 ConcurrentGCThread "G1 Young RemSet Sampling" [stack: 0x00000003ce400000,0x00000003ce500000] [id=19836]

Threads with active compile tasks:
C2 CompilerThread0  52689 19262   !   4       java.io.BufferedReader::readLine (304 bytes)

VM state:not at safepoint (normal execution)

VM Mutex/Monitor currently owned by a thread: None

Heap address: 0x0000000080000000, size: 2048 MB, Compressed Oops mode: 32-bit
Narrow klass base: 0x0000000000000000, Narrow klass shift: 3
Compressed class space size: 1073741824 Address: 0x0000000100000000

Heap:
 garbage-first heap   total 220160K, used 121135K [0x0000000080000000, 0x0000000100000000)
  region size 1024K, 9 young (9216K), 3 survivors (3072K)
 Metaspace       used 118289K, capacity 121479K, committed 121600K, reserved 1155072K
  class space    used 14885K, capacity 16096K, committed 16128K, reserved 1048576K
Heap Regions: E=young(eden), S=young(survivor), O=old, HS=humongous(starts), HC=humongous(continues), CS=collection set, F=free, A=archive, TAMS=top-at-mark-start (previous, next)
|   0|0x0000000080000000, 0x0000000080100000, 0x0000000080100000|100%| O|  |TAMS 0x0000000080100000, 0x0000000080000000| Untracked 
|   1|0x0000000080100000, 0x0000000080200000, 0x0000000080200000|100%| O|  |TAMS 0x0000000080200000, 0x0000000080100000| Untracked 
|   2|0x0000000080200000, 0x0000000080300000, 0x0000000080300000|100%| O|  |TAMS 0x0000000080300000, 0x0000000080200000| Untracked 
|   3|0x0000000080300000, 0x0000000080400000, 0x0000000080400000|100%|HS|  |TAMS 0x0000000080400000, 0x0000000080300000| Complete 
|   4|0x0000000080400000, 0x0000000080500000, 0x0000000080500000|100%|HC|  |TAMS 0x0000000080500000, 0x0000000080400000| Complete 
|   5|0x0000000080500000, 0x0000000080600000, 0x0000000080600000|100%|HC|  |TAMS 0x0000000080600000, 0x0000000080500000| Complete 
|   6|0x0000000080600000, 0x0000000080700000, 0x0000000080700000|100%| O|  |TAMS 0x0000000080700000, 0x0000000080600000| Untracked 
|   7|0x0000000080700000, 0x0000000080800000, 0x0000000080800000|100%| O|  |TAMS 0x0000000080800000, 0x0000000080700000| Untracked 
|   8|0x0000000080800000, 0x0000000080900000, 0x0000000080900000|100%| O|  |TAMS 0x0000000080900000, 0x0000000080800000| Untracked 
|   9|0x0000000080900000, 0x0000000080a00000, 0x0000000080a00000|100%| O|  |TAMS 0x0000000080a00000, 0x0000000080900000| Untracked 
|  10|0x0000000080a00000, 0x0000000080b00000, 0x0000000080b00000|100%| O|  |TAMS 0x0000000080b00000, 0x0000000080a00000| Untracked 
|  11|0x0000000080b00000, 0x0000000080c00000, 0x0000000080c00000|100%| O|  |TAMS 0x0000000080c00000, 0x0000000080b00000| Untracked 
|  12|0x0000000080c00000, 0x0000000080d00000, 0x0000000080d00000|100%| O|  |TAMS 0x0000000080d00000, 0x0000000080c00000| Untracked 
|  13|0x0000000080d00000, 0x0000000080e00000, 0x0000000080e00000|100%| O|  |TAMS 0x0000000080e00000, 0x0000000080d00000| Untracked 
|  14|0x0000000080e00000, 0x0000000080f00000, 0x0000000080f00000|100%| O|  |TAMS 0x0000000080f00000, 0x0000000080e00000| Untracked 
|  15|0x0000000080f00000, 0x0000000081000000, 0x0000000081000000|100%| O|  |TAMS 0x0000000081000000, 0x0000000080f00000| Untracked 
|  16|0x0000000081000000, 0x0000000081100000, 0x0000000081100000|100%| O|  |TAMS 0x0000000081100000, 0x0000000081000000| Untracked 
|  17|0x0000000081100000, 0x0000000081200000, 0x0000000081200000|100%| O|  |TAMS 0x0000000081200000, 0x0000000081100000| Untracked 
|  18|0x0000000081200000, 0x0000000081300000, 0x0000000081300000|100%| O|  |TAMS 0x0000000081300000, 0x0000000081200000| Untracked 
|  19|0x0000000081300000, 0x0000000081400000, 0x0000000081400000|100%| O|  |TAMS 0x0000000081400000, 0x0000000081300000| Untracked 
|  20|0x0000000081400000, 0x0000000081500000, 0x0000000081500000|100%| O|  |TAMS 0x0000000081500000, 0x0000000081400000| Untracked 
|  21|0x0000000081500000, 0x0000000081600000, 0x0000000081600000|100%| O|  |TAMS 0x0000000081600000, 0x0000000081500000| Untracked 
|  22|0x0000000081600000, 0x0000000081700000, 0x0000000081700000|100%| O|  |TAMS 0x0000000081700000, 0x0000000081600000| Untracked 
|  23|0x0000000081700000, 0x0000000081800000, 0x0000000081800000|100%| O|  |TAMS 0x0000000081800000, 0x0000000081700000| Untracked 
|  24|0x0000000081800000, 0x0000000081900000, 0x0000000081900000|100%| O|  |TAMS 0x0000000081900000, 0x0000000081800000| Untracked 
|  25|0x0000000081900000, 0x0000000081a00000, 0x0000000081a00000|100%| O|  |TAMS 0x0000000081a00000, 0x0000000081900000| Untracked 
|  26|0x0000000081a00000, 0x0000000081b00000, 0x0000000081b00000|100%| O|  |TAMS 0x0000000081b00000, 0x0000000081a00000| Untracked 
|  27|0x0000000081b00000, 0x0000000081c00000, 0x0000000081c00000|100%|HS|  |TAMS 0x0000000081c00000, 0x0000000081b00000| Complete 
|  28|0x0000000081c00000, 0x0000000081d00000, 0x0000000081d00000|100%|HS|  |TAMS 0x0000000081d00000, 0x0000000081c00000| Complete 
|  29|0x0000000081d00000, 0x0000000081e00000, 0x0000000081e00000|100%|HS|  |TAMS 0x0000000081e00000, 0x0000000081d00000| Complete 
|  30|0x0000000081e00000, 0x0000000081f00000, 0x0000000081f00000|100%|HC|  |TAMS 0x0000000081f00000, 0x0000000081e00000| Complete 
|  31|0x0000000081f00000, 0x0000000082000000, 0x0000000082000000|100%| O|  |TAMS 0x0000000082000000, 0x0000000081f00000| Untracked 
|  32|0x0000000082000000, 0x0000000082100000, 0x0000000082100000|100%| O|  |TAMS 0x0000000082100000, 0x0000000082000000| Untracked 
|  33|0x0000000082100000, 0x0000000082200000, 0x0000000082200000|100%| O|  |TAMS 0x0000000082200000, 0x0000000082100000| Untracked 
|  34|0x0000000082200000, 0x0000000082300000, 0x0000000082300000|100%| O|  |TAMS 0x0000000082300000, 0x0000000082200000| Untracked 
|  35|0x0000000082300000, 0x0000000082400000, 0x0000000082400000|100%| O|  |TAMS 0x0000000082400000, 0x0000000082300000| Untracked 
|  36|0x0000000082400000, 0x0000000082500000, 0x0000000082500000|100%| O|  |TAMS 0x0000000082500000, 0x0000000082400000| Untracked 
|  37|0x0000000082500000, 0x0000000082600000, 0x0000000082600000|100%| O|  |TAMS 0x0000000082600000, 0x0000000082500000| Untracked 
|  38|0x0000000082600000, 0x0000000082700000, 0x0000000082700000|100%| O|  |TAMS 0x0000000082700000, 0x0000000082600000| Untracked 
|  39|0x0000000082700000, 0x0000000082800000, 0x0000000082800000|100%| O|  |TAMS 0x0000000082800000, 0x0000000082700000| Untracked 
|  40|0x0000000082800000, 0x0000000082900000, 0x0000000082900000|100%| O|  |TAMS 0x0000000082900000, 0x0000000082800000| Untracked 
|  41|0x0000000082900000, 0x0000000082a00000, 0x0000000082a00000|100%| O|  |TAMS 0x0000000082a00000, 0x0000000082900000| Untracked 
|  42|0x0000000082a00000, 0x0000000082b00000, 0x0000000082b00000|100%| O|  |TAMS 0x0000000082b00000, 0x0000000082a00000| Untracked 
|  43|0x0000000082b00000, 0x0000000082c00000, 0x0000000082c00000|100%| O|  |TAMS 0x0000000082c00000, 0x0000000082b00000| Untracked 
|  44|0x0000000082c00000, 0x0000000082d00000, 0x0000000082d00000|100%| O|  |TAMS 0x0000000082d00000, 0x0000000082c00000| Untracked 
|  45|0x0000000082d00000, 0x0000000082e00000, 0x0000000082e00000|100%| O|  |TAMS 0x0000000082e00000, 0x0000000082d00000| Untracked 
|  46|0x0000000082e00000, 0x0000000082f00000, 0x0000000082f00000|100%| O|  |TAMS 0x0000000082f00000, 0x0000000082e00000| Untracked 
|  47|0x0000000082f00000, 0x0000000083000000, 0x0000000083000000|100%| O|  |TAMS 0x0000000083000000, 0x0000000082f00000| Untracked 
|  48|0x0000000083000000, 0x0000000083100000, 0x0000000083100000|100%| O|  |TAMS 0x0000000083100000, 0x0000000083000000| Untracked 
|  49|0x0000000083100000, 0x0000000083200000, 0x0000000083200000|100%| O|  |TAMS 0x0000000083200000, 0x0000000083100000| Untracked 
|  50|0x0000000083200000, 0x0000000083300000, 0x0000000083300000|100%| O|  |TAMS 0x0000000083300000, 0x0000000083200000| Untracked 
|  51|0x0000000083300000, 0x0000000083400000, 0x0000000083400000|100%| O|  |TAMS 0x0000000083400000, 0x0000000083300000| Untracked 
|  52|0x0000000083400000, 0x0000000083500000, 0x0000000083500000|100%| O|  |TAMS 0x0000000083500000, 0x0000000083400000| Untracked 
|  53|0x0000000083500000, 0x0000000083600000, 0x0000000083600000|100%| O|  |TAMS 0x0000000083600000, 0x0000000083500000| Untracked 
|  54|0x0000000083600000, 0x0000000083700000, 0x0000000083700000|100%| O|  |TAMS 0x0000000083700000, 0x0000000083600000| Untracked 
|  55|0x0000000083700000, 0x0000000083800000, 0x0000000083800000|100%| O|  |TAMS 0x0000000083800000, 0x0000000083700000| Untracked 
|  56|0x0000000083800000, 0x0000000083900000, 0x0000000083900000|100%| O|  |TAMS 0x0000000083900000, 0x0000000083800000| Untracked 
|  57|0x0000000083900000, 0x0000000083a00000, 0x0000000083a00000|100%| O|  |TAMS 0x0000000083a00000, 0x0000000083900000| Untracked 
|  58|0x0000000083a00000, 0x0000000083b00000, 0x0000000083b00000|100%| O|  |TAMS 0x0000000083b00000, 0x0000000083a00000| Untracked 
|  59|0x0000000083b00000, 0x0000000083c00000, 0x0000000083c00000|100%| O|  |TAMS 0x0000000083c00000, 0x0000000083b00000| Untracked 
|  60|0x0000000083c00000, 0x0000000083d00000, 0x0000000083d00000|100%| O|  |TAMS 0x0000000083d00000, 0x0000000083c00000| Untracked 
|  61|0x0000000083d00000, 0x0000000083e00000, 0x0000000083e00000|100%| O|  |TAMS 0x0000000083e00000, 0x0000000083d00000| Untracked 
|  62|0x0000000083e00000, 0x0000000083f00000, 0x0000000083f00000|100%| O|  |TAMS 0x0000000083f00000, 0x0000000083e00000| Untracked 
|  63|0x0000000083f00000, 0x0000000084000000, 0x0000000084000000|100%| O|  |TAMS 0x0000000084000000, 0x0000000083f00000| Untracked 
|  64|0x0000000084000000, 0x0000000084100000, 0x0000000084100000|100%| O|  |TAMS 0x0000000084100000, 0x0000000084000000| Untracked 
|  65|0x0000000084100000, 0x0000000084200000, 0x0000000084200000|100%| O|  |TAMS 0x0000000084200000, 0x0000000084100000| Untracked 
|  66|0x0000000084200000, 0x0000000084300000, 0x0000000084300000|100%| O|  |TAMS 0x0000000084300000, 0x0000000084200000| Untracked 
|  67|0x0000000084300000, 0x0000000084400000, 0x0000000084400000|100%| O|  |TAMS 0x0000000084400000, 0x0000000084300000| Untracked 
|  68|0x0000000084400000, 0x0000000084500000, 0x0000000084500000|100%| O|  |TAMS 0x0000000084500000, 0x0000000084400000| Untracked 
|  69|0x0000000084500000, 0x0000000084600000, 0x0000000084600000|100%| O|  |TAMS 0x0000000084600000, 0x0000000084500000| Untracked 
|  70|0x0000000084600000, 0x0000000084700000, 0x0000000084700000|100%| O|  |TAMS 0x0000000084700000, 0x0000000084600000| Untracked 
|  71|0x0000000084700000, 0x0000000084800000, 0x0000000084800000|100%| O|  |TAMS 0x0000000084800000, 0x0000000084700000| Untracked 
|  72|0x0000000084800000, 0x0000000084900000, 0x0000000084900000|100%| O|  |TAMS 0x0000000084900000, 0x0000000084800000| Untracked 
|  73|0x0000000084900000, 0x0000000084a00000, 0x0000000084a00000|100%| O|  |TAMS 0x0000000084a00000, 0x0000000084900000| Untracked 
|  74|0x0000000084a00000, 0x0000000084b00000, 0x0000000084b00000|100%| O|  |TAMS 0x0000000084b00000, 0x0000000084a00000| Untracked 
|  75|0x0000000084b00000, 0x0000000084c00000, 0x0000000084c00000|100%| O|  |TAMS 0x0000000084c00000, 0x0000000084b00000| Untracked 
|  76|0x0000000084c00000, 0x0000000084d00000, 0x0000000084d00000|100%| O|  |TAMS 0x0000000084ca1600, 0x0000000084c00000| Untracked 
|  77|0x0000000084d00000, 0x0000000084e00000, 0x0000000084e00000|100%| O|  |TAMS 0x0000000084d00000, 0x0000000084d00000| Untracked 
|  78|0x0000000084e00000, 0x0000000084f00000, 0x0000000084f00000|100%| O|  |TAMS 0x0000000084e00000, 0x0000000084e00000| Untracked 
|  79|0x0000000084f00000, 0x0000000085000000, 0x0000000085000000|100%| O|  |TAMS 0x0000000085000000, 0x0000000084f00000| Untracked 
|  80|0x0000000085000000, 0x0000000085100000, 0x0000000085100000|100%| O|  |TAMS 0x0000000085000000, 0x0000000085000000| Untracked 
|  81|0x0000000085100000, 0x0000000085200000, 0x0000000085200000|100%| O|  |TAMS 0x0000000085100000, 0x0000000085100000| Untracked 
|  82|0x0000000085200000, 0x0000000085300000, 0x0000000085300000|100%| O|  |TAMS 0x0000000085200000, 0x0000000085200000| Untracked 
|  83|0x0000000085300000, 0x0000000085400000, 0x0000000085400000|100%| O|  |TAMS 0x0000000085300000, 0x0000000085300000| Untracked 
|  84|0x0000000085400000, 0x0000000085500000, 0x0000000085500000|100%| O|  |TAMS 0x0000000085400000, 0x0000000085400000| Untracked 
|  85|0x0000000085500000, 0x0000000085600000, 0x0000000085600000|100%| O|  |TAMS 0x0000000085500000, 0x0000000085500000| Untracked 
|  86|0x0000000085600000, 0x0000000085700000, 0x0000000085700000|100%| O|  |TAMS 0x0000000085700000, 0x0000000085600000| Untracked 
|  87|0x0000000085700000, 0x0000000085800000, 0x0000000085800000|100%| O|  |TAMS 0x0000000085700000, 0x0000000085700000| Untracked 
|  88|0x0000000085800000, 0x0000000085900000, 0x0000000085900000|100%| O|  |TAMS 0x0000000085900000, 0x0000000085800000| Untracked 
|  89|0x0000000085900000, 0x0000000085a00000, 0x0000000085a00000|100%| O|  |TAMS 0x0000000085900000, 0x0000000085900000| Untracked 
|  90|0x0000000085a00000, 0x0000000085b00000, 0x0000000085b00000|100%| O|  |TAMS 0x0000000085a00000, 0x0000000085a00000| Untracked 
|  91|0x0000000085b00000, 0x0000000085c00000, 0x0000000085c00000|100%| O|  |TAMS 0x0000000085b00000, 0x0000000085b00000| Untracked 
|  92|0x0000000085c00000, 0x0000000085d00000, 0x0000000085d00000|100%| O|  |TAMS 0x0000000085c00000, 0x0000000085c00000| Untracked 
|  93|0x0000000085d00000, 0x0000000085e00000, 0x0000000085e00000|100%| O|  |TAMS 0x0000000085d00000, 0x0000000085d00000| Untracked 
|  94|0x0000000085e00000, 0x0000000085f00000, 0x0000000085f00000|100%| O|  |TAMS 0x0000000085e00000, 0x0000000085e00000| Untracked 
|  95|0x0000000085f00000, 0x0000000086000000, 0x0000000086000000|100%| O|  |TAMS 0x0000000085f00000, 0x0000000085f00000| Untracked 
|  96|0x0000000086000000, 0x0000000086100000, 0x0000000086100000|100%| O|  |TAMS 0x0000000086000000, 0x0000000086000000| Untracked 
|  97|0x0000000086100000, 0x0000000086200000, 0x0000000086200000|100%| O|  |TAMS 0x0000000086100000, 0x0000000086100000| Untracked 
|  98|0x0000000086200000, 0x0000000086300000, 0x0000000086300000|100%| O|  |TAMS 0x0000000086200000, 0x0000000086200000| Untracked 
|  99|0x0000000086300000, 0x0000000086400000, 0x0000000086400000|100%| O|  |TAMS 0x0000000086300000, 0x0000000086300000| Untracked 
| 100|0x0000000086400000, 0x0000000086500000, 0x0000000086500000|100%| O|  |TAMS 0x0000000086400000, 0x0000000086400000| Untracked 
| 101|0x0000000086500000, 0x0000000086600000, 0x0000000086600000|100%| O|  |TAMS 0x0000000086500000, 0x0000000086500000| Untracked 
| 102|0x0000000086600000, 0x0000000086700000, 0x0000000086700000|100%| O|  |TAMS 0x0000000086600000, 0x0000000086600000| Untracked 
| 103|0x0000000086700000, 0x0000000086800000, 0x0000000086800000|100%| O|  |TAMS 0x0000000086700000, 0x0000000086700000| Untracked 
| 104|0x0000000086800000, 0x0000000086900000, 0x0000000086900000|100%| O|  |TAMS 0x0000000086900000, 0x0000000086800000| Untracked 
| 105|0x0000000086900000, 0x0000000086a00000, 0x0000000086a00000|100%| O|  |TAMS 0x0000000086900000, 0x0000000086900000| Untracked 
| 106|0x0000000086a00000, 0x0000000086b00000, 0x0000000086b00000|100%| O|  |TAMS 0x0000000086a00000, 0x0000000086a00000| Untracked 
| 107|0x0000000086b00000, 0x0000000086c00000, 0x0000000086c00000|100%| O|  |TAMS 0x0000000086b00000, 0x0000000086b00000| Untracked 
| 108|0x0000000086c00000, 0x0000000086d00000, 0x0000000086d00000|100%| O|  |TAMS 0x0000000086d00000, 0x0000000086c00000| Untracked 
| 109|0x0000000086d00000, 0x0000000086db5200, 0x0000000086e00000| 70%| O|  |TAMS 0x0000000086d00000, 0x0000000086d00000| Untracked 
| 110|0x0000000086e00000, 0x0000000086e00000, 0x0000000086f00000|  0%| F|  |TAMS 0x0000000086e00000, 0x0000000086e00000| Untracked 
| 111|0x0000000086f00000, 0x0000000087000000, 0x0000000087000000|100%| O|  |TAMS 0x0000000087000000, 0x0000000086f00000| Untracked 
| 112|0x0000000087000000, 0x0000000087000000, 0x0000000087100000|  0%| F|  |TAMS 0x0000000087000000, 0x0000000087000000| Untracked 
| 113|0x0000000087100000, 0x0000000087100000, 0x0000000087200000|  0%| F|  |TAMS 0x0000000087100000, 0x0000000087100000| Untracked 
| 114|0x0000000087200000, 0x0000000087200000, 0x0000000087300000|  0%| F|  |TAMS 0x0000000087200000, 0x0000000087200000| Untracked 
| 115|0x0000000087300000, 0x0000000087300000, 0x0000000087400000|  0%| F|  |TAMS 0x0000000087300000, 0x0000000087300000| Untracked 
| 116|0x0000000087400000, 0x0000000087400000, 0x0000000087500000|  0%| F|  |TAMS 0x0000000087400000, 0x0000000087400000| Untracked 
| 117|0x0000000087500000, 0x0000000087500000, 0x0000000087600000|  0%| F|  |TAMS 0x0000000087500000, 0x0000000087500000| Untracked 
| 118|0x0000000087600000, 0x0000000087600000, 0x0000000087700000|  0%| F|  |TAMS 0x0000000087600000, 0x0000000087600000| Untracked 
| 119|0x0000000087700000, 0x0000000087700000, 0x0000000087800000|  0%| F|  |TAMS 0x0000000087700000, 0x0000000087700000| Untracked 
| 120|0x0000000087800000, 0x0000000087800000, 0x0000000087900000|  0%| F|  |TAMS 0x0000000087800000, 0x0000000087800000| Untracked 
| 121|0x0000000087900000, 0x0000000087900000, 0x0000000087a00000|  0%| F|  |TAMS 0x0000000087900000, 0x0000000087900000| Untracked 
| 122|0x0000000087a00000, 0x0000000087a00000, 0x0000000087b00000|  0%| F|  |TAMS 0x0000000087a00000, 0x0000000087a00000| Untracked 
| 123|0x0000000087b00000, 0x0000000087b00000, 0x0000000087c00000|  0%| F|  |TAMS 0x0000000087b00000, 0x0000000087b00000| Untracked 
| 124|0x0000000087c00000, 0x0000000087c00000, 0x0000000087d00000|  0%| F|  |TAMS 0x0000000087c00000, 0x0000000087c00000| Untracked 
| 125|0x0000000087d00000, 0x0000000087d00000, 0x0000000087e00000|  0%| F|  |TAMS 0x0000000087d00000, 0x0000000087d00000| Untracked 
| 126|0x0000000087e00000, 0x0000000087e00000, 0x0000000087f00000|  0%| F|  |TAMS 0x0000000087e00000, 0x0000000087e00000| Untracked 
| 127|0x0000000087f00000, 0x0000000087f00000, 0x0000000088000000|  0%| F|  |TAMS 0x0000000087f00000, 0x0000000087f00000| Untracked 
| 128|0x0000000088000000, 0x0000000088000000, 0x0000000088100000|  0%| F|  |TAMS 0x0000000088000000, 0x0000000088000000| Untracked 
| 129|0x0000000088100000, 0x0000000088100000, 0x0000000088200000|  0%| F|  |TAMS 0x0000000088100000, 0x0000000088100000| Untracked 
| 130|0x0000000088200000, 0x0000000088200000, 0x0000000088300000|  0%| F|  |TAMS 0x0000000088200000, 0x0000000088200000| Untracked 
| 131|0x0000000088300000, 0x0000000088300000, 0x0000000088400000|  0%| F|  |TAMS 0x0000000088300000, 0x0000000088300000| Untracked 
| 132|0x0000000088400000, 0x0000000088400000, 0x0000000088500000|  0%| F|  |TAMS 0x0000000088400000, 0x0000000088400000| Untracked 
| 133|0x0000000088500000, 0x0000000088500000, 0x0000000088600000|  0%| F|  |TAMS 0x0000000088500000, 0x0000000088500000| Untracked 
| 134|0x0000000088600000, 0x0000000088600000, 0x0000000088700000|  0%| F|  |TAMS 0x0000000088600000, 0x0000000088600000| Untracked 
| 135|0x0000000088700000, 0x0000000088700000, 0x0000000088800000|  0%| F|  |TAMS 0x0000000088700000, 0x0000000088700000| Untracked 
| 136|0x0000000088800000, 0x0000000088800000, 0x0000000088900000|  0%| F|  |TAMS 0x0000000088800000, 0x0000000088800000| Untracked 
| 137|0x0000000088900000, 0x0000000088900000, 0x0000000088a00000|  0%| F|  |TAMS 0x0000000088900000, 0x0000000088900000| Untracked 
| 138|0x0000000088a00000, 0x0000000088a00000, 0x0000000088b00000|  0%| F|  |TAMS 0x0000000088a00000, 0x0000000088a00000| Untracked 
| 139|0x0000000088b00000, 0x0000000088b00000, 0x0000000088c00000|  0%| F|  |TAMS 0x0000000088b00000, 0x0000000088b00000| Untracked 
| 140|0x0000000088c00000, 0x0000000088c96d70, 0x0000000088d00000| 58%| S|CS|TAMS 0x0000000088c00000, 0x0000000088c00000| Complete 
| 141|0x0000000088d00000, 0x0000000088e00000, 0x0000000088e00000|100%| S|CS|TAMS 0x0000000088d00000, 0x0000000088d00000| Complete 
| 142|0x0000000088e00000, 0x0000000088f00000, 0x0000000088f00000|100%| S|CS|TAMS 0x0000000088e00000, 0x0000000088e00000| Complete 
| 143|0x0000000088f00000, 0x0000000088f00000, 0x0000000089000000|  0%| F|  |TAMS 0x0000000088f00000, 0x0000000088f00000| Untracked 
| 144|0x0000000089000000, 0x0000000089000000, 0x0000000089100000|  0%| F|  |TAMS 0x0000000089000000, 0x0000000089000000| Untracked 
| 145|0x0000000089100000, 0x0000000089100000, 0x0000000089200000|  0%| F|  |TAMS 0x0000000089100000, 0x0000000089100000| Untracked 
| 146|0x0000000089200000, 0x0000000089200000, 0x0000000089300000|  0%| F|  |TAMS 0x0000000089200000, 0x0000000089200000| Untracked 
| 147|0x0000000089300000, 0x0000000089300000, 0x0000000089400000|  0%| F|  |TAMS 0x0000000089300000, 0x0000000089300000| Untracked 
| 148|0x0000000089400000, 0x0000000089400000, 0x0000000089500000|  0%| F|  |TAMS 0x0000000089400000, 0x0000000089400000| Untracked 
| 149|0x0000000089500000, 0x0000000089500000, 0x0000000089600000|  0%| F|  |TAMS 0x0000000089500000, 0x0000000089500000| Untracked 
| 150|0x0000000089600000, 0x0000000089600000, 0x0000000089700000|  0%| F|  |TAMS 0x0000000089600000, 0x0000000089600000| Untracked 
| 151|0x0000000089700000, 0x0000000089700000, 0x0000000089800000|  0%| F|  |TAMS 0x0000000089700000, 0x0000000089700000| Untracked 
| 152|0x0000000089800000, 0x0000000089800000, 0x0000000089900000|  0%| F|  |TAMS 0x0000000089800000, 0x0000000089800000| Untracked 
| 153|0x0000000089900000, 0x0000000089900000, 0x0000000089a00000|  0%| F|  |TAMS 0x0000000089900000, 0x0000000089900000| Untracked 
| 154|0x0000000089a00000, 0x0000000089a00000, 0x0000000089b00000|  0%| F|  |TAMS 0x0000000089a00000, 0x0000000089a00000| Untracked 
| 155|0x0000000089b00000, 0x0000000089b00000, 0x0000000089c00000|  0%| F|  |TAMS 0x0000000089b00000, 0x0000000089b00000| Untracked 
| 156|0x0000000089c00000, 0x0000000089c00000, 0x0000000089d00000|  0%| F|  |TAMS 0x0000000089c00000, 0x0000000089c00000| Untracked 
| 157|0x0000000089d00000, 0x0000000089d00000, 0x0000000089e00000|  0%| F|  |TAMS 0x0000000089d00000, 0x0000000089d00000| Untracked 
| 158|0x0000000089e00000, 0x0000000089e00000, 0x0000000089f00000|  0%| F|  |TAMS 0x0000000089e00000, 0x0000000089e00000| Untracked 
| 159|0x0000000089f00000, 0x0000000089f00000, 0x000000008a000000|  0%| F|  |TAMS 0x0000000089f00000, 0x0000000089f00000| Untracked 
| 160|0x000000008a000000, 0x000000008a000000, 0x000000008a100000|  0%| F|  |TAMS 0x000000008a000000, 0x000000008a000000| Untracked 
| 161|0x000000008a100000, 0x000000008a100000, 0x000000008a200000|  0%| F|  |TAMS 0x000000008a100000, 0x000000008a100000| Untracked 
| 162|0x000000008a200000, 0x000000008a200000, 0x000000008a300000|  0%| F|  |TAMS 0x000000008a200000, 0x000000008a200000| Untracked 
| 163|0x000000008a300000, 0x000000008a300000, 0x000000008a400000|  0%| F|  |TAMS 0x000000008a300000, 0x000000008a300000| Untracked 
| 164|0x000000008a400000, 0x000000008a400000, 0x000000008a500000|  0%| F|  |TAMS 0x000000008a400000, 0x000000008a400000| Untracked 
| 165|0x000000008a500000, 0x000000008a500000, 0x000000008a600000|  0%| F|  |TAMS 0x000000008a500000, 0x000000008a500000| Untracked 
| 166|0x000000008a600000, 0x000000008a600000, 0x000000008a700000|  0%| F|  |TAMS 0x000000008a600000, 0x000000008a600000| Untracked 
| 167|0x000000008a700000, 0x000000008a700000, 0x000000008a800000|  0%| F|  |TAMS 0x000000008a700000, 0x000000008a700000| Untracked 
| 168|0x000000008a800000, 0x000000008a800000, 0x000000008a900000|  0%| F|  |TAMS 0x000000008a800000, 0x000000008a800000| Untracked 
| 169|0x000000008a900000, 0x000000008a900000, 0x000000008aa00000|  0%| F|  |TAMS 0x000000008a900000, 0x000000008a900000| Untracked 
| 170|0x000000008aa00000, 0x000000008aa00000, 0x000000008ab00000|  0%| F|  |TAMS 0x000000008aa00000, 0x000000008aa00000| Untracked 
| 171|0x000000008ab00000, 0x000000008ab00000, 0x000000008ac00000|  0%| F|  |TAMS 0x000000008ab00000, 0x000000008ab00000| Untracked 
| 172|0x000000008ac00000, 0x000000008ac00000, 0x000000008ad00000|  0%| F|  |TAMS 0x000000008ac00000, 0x000000008ac00000| Untracked 
| 173|0x000000008ad00000, 0x000000008ad00000, 0x000000008ae00000|  0%| F|  |TAMS 0x000000008ad00000, 0x000000008ad00000| Untracked 
| 174|0x000000008ae00000, 0x000000008ae00000, 0x000000008af00000|  0%| F|  |TAMS 0x000000008ae00000, 0x000000008ae00000| Untracked 
| 175|0x000000008af00000, 0x000000008af00000, 0x000000008b000000|  0%| F|  |TAMS 0x000000008af00000, 0x000000008af00000| Untracked 
| 176|0x000000008b000000, 0x000000008b000000, 0x000000008b100000|  0%| F|  |TAMS 0x000000008b000000, 0x000000008b000000| Untracked 
| 177|0x000000008b100000, 0x000000008b100000, 0x000000008b200000|  0%| F|  |TAMS 0x000000008b100000, 0x000000008b100000| Untracked 
| 178|0x000000008b200000, 0x000000008b200000, 0x000000008b300000|  0%| F|  |TAMS 0x000000008b200000, 0x000000008b200000| Untracked 
| 179|0x000000008b300000, 0x000000008b300000, 0x000000008b400000|  0%| F|  |TAMS 0x000000008b300000, 0x000000008b300000| Untracked 
| 180|0x000000008b400000, 0x000000008b400000, 0x000000008b500000|  0%| F|  |TAMS 0x000000008b400000, 0x000000008b400000| Untracked 
| 181|0x000000008b500000, 0x000000008b500000, 0x000000008b600000|  0%| F|  |TAMS 0x000000008b500000, 0x000000008b500000| Untracked 
| 182|0x000000008b600000, 0x000000008b600000, 0x000000008b700000|  0%| F|  |TAMS 0x000000008b600000, 0x000000008b600000| Untracked 
| 183|0x000000008b700000, 0x000000008b700000, 0x000000008b800000|  0%| F|  |TAMS 0x000000008b700000, 0x000000008b700000| Untracked 
| 184|0x000000008b800000, 0x000000008b800000, 0x000000008b900000|  0%| F|  |TAMS 0x000000008b800000, 0x000000008b800000| Untracked 
| 185|0x000000008b900000, 0x000000008b900000, 0x000000008ba00000|  0%| F|  |TAMS 0x000000008b900000, 0x000000008b900000| Untracked 
| 186|0x000000008ba00000, 0x000000008ba00000, 0x000000008bb00000|  0%| F|  |TAMS 0x000000008ba00000, 0x000000008ba00000| Untracked 
| 187|0x000000008bb00000, 0x000000008bb00000, 0x000000008bc00000|  0%| F|  |TAMS 0x000000008bb00000, 0x000000008bb00000| Untracked 
| 188|0x000000008bc00000, 0x000000008bc00000, 0x000000008bd00000|  0%| F|  |TAMS 0x000000008bc00000, 0x000000008bc00000| Untracked 
| 189|0x000000008bd00000, 0x000000008bd00000, 0x000000008be00000|  0%| F|  |TAMS 0x000000008bd00000, 0x000000008bd00000| Untracked 
| 190|0x000000008be00000, 0x000000008be00000, 0x000000008bf00000|  0%| F|  |TAMS 0x000000008be00000, 0x000000008be00000| Untracked 
| 191|0x000000008bf00000, 0x000000008bf00000, 0x000000008c000000|  0%| F|  |TAMS 0x000000008bf00000, 0x000000008bf00000| Untracked 
| 192|0x000000008c000000, 0x000000008c000000, 0x000000008c100000|  0%| F|  |TAMS 0x000000008c000000, 0x000000008c000000| Untracked 
| 193|0x000000008c100000, 0x000000008c100000, 0x000000008c200000|  0%| F|  |TAMS 0x000000008c100000, 0x000000008c100000| Untracked 
| 194|0x000000008c200000, 0x000000008c200000, 0x000000008c300000|  0%| F|  |TAMS 0x000000008c200000, 0x000000008c200000| Untracked 
| 195|0x000000008c300000, 0x000000008c300000, 0x000000008c400000|  0%| F|  |TAMS 0x000000008c300000, 0x000000008c300000| Untracked 
| 196|0x000000008c400000, 0x000000008c400000, 0x000000008c500000|  0%| F|  |TAMS 0x000000008c400000, 0x000000008c400000| Untracked 
| 197|0x000000008c500000, 0x000000008c500000, 0x000000008c600000|  0%| F|  |TAMS 0x000000008c500000, 0x000000008c500000| Untracked 
| 198|0x000000008c600000, 0x000000008c600000, 0x000000008c700000|  0%| F|  |TAMS 0x000000008c600000, 0x000000008c600000| Untracked 
| 199|0x000000008c700000, 0x000000008c700000, 0x000000008c800000|  0%| F|  |TAMS 0x000000008c700000, 0x000000008c700000| Untracked 
| 200|0x000000008c800000, 0x000000008c800000, 0x000000008c900000|  0%| F|  |TAMS 0x000000008c800000, 0x000000008c800000| Untracked 
| 201|0x000000008c900000, 0x000000008c900000, 0x000000008ca00000|  0%| F|  |TAMS 0x000000008c900000, 0x000000008c900000| Untracked 
| 202|0x000000008ca00000, 0x000000008ca00000, 0x000000008cb00000|  0%| F|  |TAMS 0x000000008ca00000, 0x000000008ca00000| Untracked 
| 203|0x000000008cb00000, 0x000000008cb00000, 0x000000008cc00000|  0%| F|  |TAMS 0x000000008cb00000, 0x000000008cb00000| Untracked 
| 204|0x000000008cc00000, 0x000000008cc00000, 0x000000008cd00000|  0%| F|  |TAMS 0x000000008cc00000, 0x000000008cc00000| Untracked 
| 205|0x000000008cd00000, 0x000000008cd00000, 0x000000008ce00000|  0%| F|  |TAMS 0x000000008cd00000, 0x000000008cd00000| Untracked 
| 206|0x000000008ce00000, 0x000000008ce00000, 0x000000008cf00000|  0%| F|  |TAMS 0x000000008ce00000, 0x000000008ce00000| Untracked 
| 207|0x000000008cf00000, 0x000000008cf00000, 0x000000008d000000|  0%| F|  |TAMS 0x000000008cf00000, 0x000000008cf00000| Untracked 
| 208|0x000000008d000000, 0x000000008d081010, 0x000000008d100000| 50%| E|  |TAMS 0x000000008d000000, 0x000000008d000000| Complete 
| 209|0x000000008d100000, 0x000000008d200000, 0x000000008d200000|100%| E|CS|TAMS 0x000000008d100000, 0x000000008d100000| Complete 
| 210|0x000000008d200000, 0x000000008d300000, 0x000000008d300000|100%| E|CS|TAMS 0x000000008d200000, 0x000000008d200000| Complete 
| 211|0x000000008d300000, 0x000000008d400000, 0x000000008d400000|100%| E|CS|TAMS 0x000000008d300000, 0x000000008d300000| Complete 
| 212|0x000000008d400000, 0x000000008d500000, 0x000000008d500000|100%| E|CS|TAMS 0x000000008d400000, 0x000000008d400000| Complete 
| 213|0x000000008d500000, 0x000000008d600000, 0x000000008d600000|100%| E|CS|TAMS 0x000000008d500000, 0x000000008d500000| Complete 
| 214|0x000000008d600000, 0x000000008d700000, 0x000000008d700000|100%| E|CS|TAMS 0x000000008d600000, 0x000000008d600000| Complete 

Card table byte_map: [0x000001f7d0b10000,0x000001f7d0f10000] _byte_map_base: 0x000001f7d0710000

Marking Bits (Prev, Next): (CMBitMap*) 0x000001f7bdc43550, (CMBitMap*) 0x000001f7bdc43518
 Prev Bits: [0x000001f7d3310000, 0x000001f7d5310000)
 Next Bits: [0x000001f7d1310000, 0x000001f7d3310000)

Polling page: 0x000001f7bd3e0000

Metaspace:

Usage:
  Non-class:    102.91 MB capacity,   100.98 MB ( 98%) used,     1.54 MB (  1%) free+waste,   400.31 KB ( <1%) overhead. 
      Class:     15.72 MB capacity,    14.54 MB ( 92%) used,     1.01 MB (  6%) free+waste,   179.75 KB (  1%) overhead. 
       Both:    118.63 MB capacity,   115.52 MB ( 97%) used,     2.55 MB (  2%) free+waste,   580.06 KB ( <1%) overhead. 

Virtual space:
  Non-class space:      104.00 MB reserved,     103.00 MB (>99%) committed 
      Class space:        1.00 GB reserved,      15.75 MB (  2%) committed 
             Both:        1.10 GB reserved,     118.75 MB ( 11%) committed 

Chunk freelists:
   Non-Class:  25.00 KB
       Class:  0 bytes
        Both:  25.00 KB

MaxMetaspaceSize: 17179869184.00 GB
CompressedClassSpaceSize: 1.00 GB
Initial GC threshold: 20.80 MB
Current GC threshold: 162.09 MB
CDS: off

CodeHeap 'non-profiled nmethods': size=120064Kb used=10254Kb max_used=10254Kb free=109809Kb
 bounds [0x000001f7c91d0000, 0x000001f7c9be0000, 0x000001f7d0710000]
CodeHeap 'profiled nmethods': size=120000Kb used=43860Kb max_used=43860Kb free=76139Kb
 bounds [0x000001f7c1ca0000, 0x000001f7c4780000, 0x000001f7c91d0000]
CodeHeap 'non-nmethods': size=5696Kb used=2446Kb max_used=2485Kb free=3249Kb
 bounds [0x000001f7c1710000, 0x000001f7c1990000, 0x000001f7c1ca0000]
 total_blobs=20054 nmethods=19091 adapters=873
 compilation: enabled
              stopped_count=0, restarted_count=0
 full_count=0

Compilation events (20 events):
Event: 52.633 Thread 0x000001f7d781b800 19349       2       com.android.tools.r8.internal.Dz::b (46 bytes)
Event: 52.633 Thread 0x000001f7d781b800 nmethod 19349 0x000001f7c476ca10 code [0x000001f7c476cc00, 0x000001f7c476cdf8]
Event: 52.633 Thread 0x000001f7d781b800 19350       2       java.io.FileInputStream::<init> (122 bytes)
Event: 52.633 Thread 0x000001f7d781b800 nmethod 19350 0x000001f7c476cf90 code [0x000001f7c476d200, 0x000001f7c476d938]
Event: 52.634 Thread 0x000001f7d781b800 19351       2       com.android.tools.r8.internal.M3::<init> (11 bytes)
Event: 52.634 Thread 0x000001f7d781b800 nmethod 19351 0x000001f7c476dc90 code [0x000001f7c476de40, 0x000001f7c476dfd8]
Event: 52.635 Thread 0x000001f7d781b800 19352       2       com.android.tools.r8.graph.L2$$Lambda$1327/0x0000000100dd4840::<init> (15 bytes)
Event: 52.635 Thread 0x000001f7d781b800 nmethod 19352 0x000001f7c476e090 code [0x000001f7c476e240, 0x000001f7c476e3d8]
Event: 52.636 Thread 0x000001f7d781b800 19353       2       com.android.tools.r8.internal.CB::a (34 bytes)
Event: 52.636 Thread 0x000001f7d781b800 nmethod 19353 0x000001f7c476e490 code [0x000001f7c476e680, 0x000001f7c476e808]
Event: 52.639 Thread 0x000001f7d781b800 19354       2       com.android.tools.r8.graph.J::a1 (49 bytes)
Event: 52.639 Thread 0x000001f7d781b800 nmethod 19354 0x000001f7c476e890 code [0x000001f7c476ea60, 0x000001f7c476ecc8]
Event: 52.643 Thread 0x000001f7d781b800 19356       2       com.android.tools.r8.internal.b9::a (19 bytes)
Event: 52.643 Thread 0x000001f7d781b800 nmethod 19356 0x000001f7c476ee10 code [0x000001f7c476f000, 0x000001f7c476f258]
Event: 52.643 Thread 0x000001f7d781b800 19357       2       com.android.tools.r8.graph.Y0::a (192 bytes)
Event: 52.644 Thread 0x000001f7d781b800 nmethod 19357 0x000001f7c476f490 code [0x000001f7c476f6c0, 0x000001f7c476fa58]
Event: 52.644 Thread 0x000001f7d781b800 19358       2       com.android.tools.r8.graph.J$$Lambda$1669/0x0000000100ed3c40::test (16 bytes)
Event: 52.644 Thread 0x000001f7d781b800 nmethod 19358 0x000001f7c476fd10 code [0x000001f7c476fee0, 0x000001f7c47700a8]
Event: 52.650 Thread 0x000001f7d781b800 19360       2       com.android.tools.r8.internal.zP::equals (18 bytes)
Event: 52.650 Thread 0x000001f7d781b800 nmethod 19360 0x000001f7c4770210 code [0x000001f7c47703c0, 0x000001f7c4770538]

GC Heap History (20 events):
Event: 46.184 GC heap before
{Heap before GC invocations=57 (full 0):
 garbage-first heap   total 220160K, used 98876K [0x0000000080000000, 0x0000000100000000)
  region size 1024K, 10 young (10240K), 1 survivors (1024K)
 Metaspace       used 100984K, capacity 103312K, committed 103552K, reserved 1138688K
  class space    used 12682K, capacity 13545K, committed 13696K, reserved 1048576K
}
Event: 46.188 GC heap after
{Heap after GC invocations=58 (full 0):
 garbage-first heap   total 220160K, used 89633K [0x0000000080000000, 0x0000000100000000)
  region size 1024K, 1 young (1024K), 1 survivors (1024K)
 Metaspace       used 100984K, capacity 103312K, committed 103552K, reserved 1138688K
  class space    used 12682K, capacity 13545K, committed 13696K, reserved 1048576K
}
Event: 47.592 GC heap before
{Heap before GC invocations=58 (full 0):
 garbage-first heap   total 220160K, used 154145K [0x0000000080000000, 0x0000000100000000)
  region size 1024K, 65 young (66560K), 1 survivors (1024K)
 Metaspace       used 102474K, capacity 104825K, committed 105088K, reserved 1140736K
  class space    used 12842K, capacity 13681K, committed 13696K, reserved 1048576K
}
Event: 47.603 GC heap after
{Heap after GC invocations=59 (full 0):
 garbage-first heap   total 220160K, used 95061K [0x0000000080000000, 0x0000000100000000)
  region size 1024K, 7 young (7168K), 7 survivors (7168K)
 Metaspace       used 102474K, capacity 104825K, committed 105088K, reserved 1140736K
  class space    used 12842K, capacity 13681K, committed 13696K, reserved 1048576K
}
Event: 48.953 GC heap before
{Heap before GC invocations=59 (full 0):
 garbage-first heap   total 220160K, used 159573K [0x0000000080000000, 0x0000000100000000)
  region size 1024K, 71 young (72704K), 7 survivors (7168K)
 Metaspace       used 102866K, capacity 105266K, committed 105472K, reserved 1140736K
  class space    used 12872K, capacity 13725K, committed 13824K, reserved 1048576K
}
Event: 48.964 GC heap after
{Heap after GC invocations=60 (full 0):
 garbage-first heap   total 220160K, used 101046K [0x0000000080000000, 0x0000000100000000)
  region size 1024K, 6 young (6144K), 6 survivors (6144K)
 Metaspace       used 102866K, capacity 105266K, committed 105472K, reserved 1140736K
  class space    used 12872K, capacity 13725K, committed 13824K, reserved 1048576K
}
Event: 49.780 GC heap before
{Heap before GC invocations=60 (full 0):
 garbage-first heap   total 220160K, used 164534K [0x0000000080000000, 0x0000000100000000)
  region size 1024K, 69 young (70656K), 6 survivors (6144K)
 Metaspace       used 110404K, capacity 113121K, committed 113408K, reserved 1146880K
  class space    used 13965K, capacity 14980K, committed 15104K, reserved 1048576K
}
Event: 49.791 GC heap after
{Heap after GC invocations=61 (full 0):
 garbage-first heap   total 220160K, used 106459K [0x0000000080000000, 0x0000000100000000)
  region size 1024K, 6 young (6144K), 6 survivors (6144K)
 Metaspace       used 110404K, capacity 113121K, committed 113408K, reserved 1146880K
  class space    used 13965K, capacity 14980K, committed 15104K, reserved 1048576K
}
Event: 50.555 GC heap before
{Heap before GC invocations=61 (full 0):
 garbage-first heap   total 220160K, used 169947K [0x0000000080000000, 0x0000000100000000)
  region size 1024K, 69 young (70656K), 6 survivors (6144K)
 Metaspace       used 115413K, capacity 118447K, committed 118528K, reserved 1153024K
  class space    used 14668K, capacity 15808K, committed 15872K, reserved 1048576K
}
Event: 50.565 GC heap after
{Heap after GC invocations=62 (full 0):
 garbage-first heap   total 220160K, used 111227K [0x0000000080000000, 0x0000000100000000)
  region size 1024K, 5 young (5120K), 5 survivors (5120K)
 Metaspace       used 115413K, capacity 118447K, committed 118528K, reserved 1153024K
  class space    used 14668K, capacity 15808K, committed 15872K, reserved 1048576K
}
Event: 51.285 GC heap before
{Heap before GC invocations=62 (full 0):
 garbage-first heap   total 220160K, used 175739K [0x0000000080000000, 0x0000000100000000)
  region size 1024K, 68 young (69632K), 5 survivors (5120K)
 Metaspace       used 116425K, capacity 119433K, committed 119552K, reserved 1153024K
  class space    used 14708K, capacity 15868K, committed 15872K, reserved 1048576K
}
Event: 51.298 GC heap after
{Heap after GC invocations=63 (full 0):
 garbage-first heap   total 220160K, used 114410K [0x0000000080000000, 0x0000000100000000)
  region size 1024K, 8 young (8192K), 8 survivors (8192K)
 Metaspace       used 116425K, capacity 119433K, committed 119552K, reserved 1153024K
  class space    used 14708K, capacity 15868K, committed 15872K, reserved 1048576K
}
Event: 51.609 GC heap before
{Heap before GC invocations=63 (full 0):
 garbage-first heap   total 220160K, used 177898K [0x0000000080000000, 0x0000000100000000)
  region size 1024K, 70 young (71680K), 8 survivors (8192K)
 Metaspace       used 116843K, capacity 119890K, committed 120192K, reserved 1153024K
  class space    used 14756K, capacity 15934K, committed 16000K, reserved 1048576K
}
Event: 51.619 GC heap after
{Heap after GC invocations=64 (full 0):
 garbage-first heap   total 220160K, used 115507K [0x0000000080000000, 0x0000000100000000)
  region size 1024K, 6 young (6144K), 6 survivors (6144K)
 Metaspace       used 116843K, capacity 119890K, committed 120192K, reserved 1153024K
  class space    used 14756K, capacity 15934K, committed 16000K, reserved 1048576K
}
Event: 51.872 GC heap before
{Heap before GC invocations=64 (full 0):
 garbage-first heap   total 220160K, used 180019K [0x0000000080000000, 0x0000000100000000)
  region size 1024K, 69 young (70656K), 6 survivors (6144K)
 Metaspace       used 116941K, capacity 119996K, committed 120192K, reserved 1153024K
  class space    used 14773K, capacity 15948K, committed 16000K, reserved 1048576K
}
Event: 51.882 GC heap after
{Heap after GC invocations=65 (full 0):
 garbage-first heap   total 220160K, used 115924K [0x0000000080000000, 0x0000000100000000)
  region size 1024K, 3 young (3072K), 3 survivors (3072K)
 Metaspace       used 116941K, capacity 119996K, committed 120192K, reserved 1153024K
  class space    used 14773K, capacity 15948K, committed 16000K, reserved 1048576K
}
Event: 52.139 GC heap before
{Heap before GC invocations=65 (full 0):
 garbage-first heap   total 220160K, used 181460K [0x0000000080000000, 0x0000000100000000)
  region size 1024K, 67 young (68608K), 3 survivors (3072K)
 Metaspace       used 117391K, capacity 120468K, committed 120704K, reserved 1155072K
  class space    used 14789K, capacity 15951K, committed 16000K, reserved 1048576K
}
Event: 52.142 GC heap after
{Heap after GC invocations=66 (full 0):
 garbage-first heap   total 220160K, used 115554K [0x0000000080000000, 0x0000000100000000)
  region size 1024K, 3 young (3072K), 3 survivors (3072K)
 Metaspace       used 117391K, capacity 120468K, committed 120704K, reserved 1155072K
  class space    used 14789K, capacity 15951K, committed 16000K, reserved 1048576K
}
Event: 52.407 GC heap before
{Heap before GC invocations=66 (full 0):
 garbage-first heap   total 220160K, used 183138K [0x0000000080000000, 0x0000000100000000)
  region size 1024K, 69 young (70656K), 3 survivors (3072K)
 Metaspace       used 117961K, capacity 121169K, committed 121344K, reserved 1155072K
  class space    used 14863K, capacity 16087K, committed 16128K, reserved 1048576K
}
Event: 52.411 GC heap after
{Heap after GC invocations=67 (full 0):
 garbage-first heap   total 220160K, used 116436K [0x0000000080000000, 0x0000000100000000)
  region size 1024K, 3 young (3072K), 3 survivors (3072K)
 Metaspace       used 117961K, capacity 121169K, committed 121344K, reserved 1155072K
  class space    used 14863K, capacity 16087K, committed 16128K, reserved 1048576K
}

Deoptimization events (20 events):
Event: 52.548 Thread 0x000001f7dd70c800 DEOPT PACKING pc=0x000001f7c9bd3258 sp=0x00000003d3ffd2a0
Event: 52.548 Thread 0x000001f7dd70c800 DEOPT UNPACKING pc=0x000001f7c17185af sp=0x00000003d3ffd228 mode 2
Event: 52.568 Thread 0x000001f7da36f800 DEOPT PACKING pc=0x000001f7c4155cc0 sp=0x00000003d1efa340
Event: 52.568 Thread 0x000001f7da36f800 DEOPT UNPACKING pc=0x000001f7c1759d0e sp=0x00000003d1ef9848 mode 0
Event: 52.571 Thread 0x000001f7da36f800 DEOPT PACKING pc=0x000001f7c4155cc0 sp=0x00000003d1ef9ec0
Event: 52.571 Thread 0x000001f7da36f800 DEOPT UNPACKING pc=0x000001f7c1759d0e sp=0x00000003d1ef93c8 mode 0
Event: 52.573 Thread 0x000001f7da36f800 DEOPT PACKING pc=0x000001f7c4155cc0 sp=0x00000003d1efa340
Event: 52.573 Thread 0x000001f7da36f800 DEOPT UNPACKING pc=0x000001f7c1759d0e sp=0x00000003d1ef9848 mode 0
Event: 52.577 Thread 0x000001f7da36f800 DEOPT PACKING pc=0x000001f7c4155cc0 sp=0x00000003d1ef98d0
Event: 52.577 Thread 0x000001f7da36f800 DEOPT UNPACKING pc=0x000001f7c1759d0e sp=0x00000003d1ef8dd8 mode 0
Event: 52.583 Thread 0x000001f7da36f800 DEOPT PACKING pc=0x000001f7c4157277 sp=0x00000003d1ef9170
Event: 52.583 Thread 0x000001f7da36f800 DEOPT UNPACKING pc=0x000001f7c1759d0e sp=0x00000003d1ef86e8 mode 0
Event: 52.584 Thread 0x000001f7da36f800 DEOPT PACKING pc=0x000001f7c4155cc0 sp=0x00000003d1ef98d0
Event: 52.584 Thread 0x000001f7da36f800 DEOPT UNPACKING pc=0x000001f7c1759d0e sp=0x00000003d1ef8dd8 mode 0
Event: 52.588 Thread 0x000001f7da36f800 DEOPT PACKING pc=0x000001f7c4155cc0 sp=0x00000003d1ef9490
Event: 52.588 Thread 0x000001f7da36f800 DEOPT UNPACKING pc=0x000001f7c1759d0e sp=0x00000003d1ef8998 mode 0
Event: 52.589 Thread 0x000001f7da36f800 DEOPT PACKING pc=0x000001f7c4155cc0 sp=0x00000003d1ef98d0
Event: 52.590 Thread 0x000001f7da36f800 DEOPT UNPACKING pc=0x000001f7c1759d0e sp=0x00000003d1ef8dd8 mode 0
Event: 52.591 Thread 0x000001f7da36f800 DEOPT PACKING pc=0x000001f7c4155cc0 sp=0x00000003d1ef9490
Event: 52.591 Thread 0x000001f7da36f800 DEOPT UNPACKING pc=0x000001f7c1759d0e sp=0x00000003d1ef8998 mode 0

Classes redefined (0 events):
No events

Internal exceptions (20 events):
Event: 50.044 Thread 0x000001f7da377000 Exception <a 'java/lang/NoSuchMethodError'{0x000000008c9e33d8}: 'java.lang.Object java.lang.invoke.Invokers$Holder.linkToTargetMethod(java.lang.Object, java.lang.Object, java.lang.Object, int, java.lang.Object, java.lang.Object, java.lang.Object)'> (0x000000008c9e33d8) thrown at [./src/hotspot/share/interpreter/linkResolver.cpp, line 773]
Event: 50.046 Thread 0x000001f7da377000 Exception <a 'java/lang/NoSuchMethodError'{0x000000008c813af0}: 'void java.lang.invoke.DirectMethodHandle$Holder.invokeStatic(java.lang.Object, java.lang.Object, java.lang.Object, java.lang.Object, java.lang.Object, java.lang.Object, java.lang.Object, java.lang.Object)'> (0x000000008c813af0) thrown at [./src/hotspot/share/interpreter/linkResolver.cpp, line 773]
Event: 50.121 Thread 0x000001f7da377000 Exception <a 'java/lang/IncompatibleClassChangeError'{0x000000008c5be3f0}: Found class java.lang.Object, but interface was expected> (0x000000008c5be3f0) thrown at [./src/hotspot/share/interpreter/linkResolver.cpp, line 839]
Event: 50.183 Thread 0x000001f7da377000 Exception <a 'java/lang/NoSuchMethodError'{0x000000008c277580}: 'void java.lang.invoke.DirectMethodHandle$Holder.invokeSpecial(java.lang.Object, java.lang.Object, int)'> (0x000000008c277580) thrown at [./src/hotspot/share/interpreter/linkResolver.cpp, line 773]
Event: 50.197 Thread 0x000001f7da377000 Exception <a 'sun/nio/fs/WindowsException'{0x000000008c013ae8}> (0x000000008c013ae8) thrown at [./src/hotspot/share/prims/jni.cpp, line 615]
Event: 50.287 Thread 0x000001f7dd711800 Exception <a 'java/lang/NoSuchMethodError'{0x000000008bc51070}: 'int java.lang.invoke.DirectMethodHandle$Holder.invokeSpecialIFC(java.lang.Object, java.lang.Object, java.lang.Object)'> (0x000000008bc51070) thrown at [./src/hotspot/share/interpreter/linkResolver.cpp, line 773]
Event: 50.466 Thread 0x000001f7da377000 Exception <a 'sun/nio/fs/WindowsException'{0x000000008aba8970}> (0x000000008aba8970) thrown at [./src/hotspot/share/prims/jni.cpp, line 615]
Event: 50.967 Thread 0x000001f7da36f800 Exception <a 'sun/nio/fs/WindowsException'{0x000000008b4aa648}> (0x000000008b4aa648) thrown at [./src/hotspot/share/prims/jni.cpp, line 615]
Event: 51.251 Thread 0x000001f7da36f800 Exception <a 'sun/nio/fs/WindowsException'{0x0000000089dac788}> (0x0000000089dac788) thrown at [./src/hotspot/share/prims/jni.cpp, line 615]
Event: 51.476 Thread 0x000001f7da36f800 Exception <a 'java/lang/NoSuchMethodError'{0x000000008b690900}: 'java.lang.Object java.lang.invoke.DirectMethodHandle$Holder.invokeSpecial(java.lang.Object, java.lang.Object, java.lang.Object, java.lang.Object, java.lang.Object, java.lang.Object, java.lang.Object, java.lang.Object, java.lang.Object, java.lang.Object, java.lang.Object)'> (0x000000008b690900) thrown at [./src/hotspot/share/interpreter/linkResolver.cpp, line 773]
Event: 51.477 Thread 0x000001f7da36f800 Exception <a 'java/lang/NoSuchMethodError'{0x000000008b69c2a0}: 'java.lang.Object java.lang.invoke.Invokers$Holder.linkToTargetMethod(java.lang.Object, java.lang.Object, java.lang.Object, java.lang.Object, java.lang.Object, java.lang.Object, java.lang.Object, java.lang.Object, java.lang.Object, java.lang.Object)'> (0x000000008b69c2a0) thrown at [./src/hotspot/share/interpreter/linkResolver.cpp, line 773]
Event: 51.484 Thread 0x000001f7da36f800 Exception <a 'java/lang/IncompatibleClassChangeError'{0x000000008b3b35b8}: Found class java.lang.Object, but interface was expected> (0x000000008b3b35b8) thrown at [./src/hotspot/share/interpreter/linkResolver.cpp, line 839]
Event: 51.839 Thread 0x000001f7da377000 Exception <a 'java/lang/NoSuchMethodError'{0x0000000089d9edc0}: 'int java.lang.invoke.DirectMethodHandle$Holder.invokeInterface(java.lang.Object, java.lang.Object, int)'> (0x0000000089d9edc0) thrown at [./src/hotspot/share/interpreter/linkResolver.cpp, line 773]
Event: 51.860 Thread 0x000001f7dd70c800 Exception <a 'java/lang/NoSuchMethodError'{0x0000000089be4d48}: 'java.lang.Object java.lang.invoke.DirectMethodHandle$Holder.invokeVirtual(java.lang.Object, java.lang.Object, int)'> (0x0000000089be4d48) thrown at [./src/hotspot/share/interpreter/linkResolver.cpp, line 773]
Event: 52.328 Thread 0x000001f7da377000 Implicit null exception at 0x000001f7c9bb0248 to 0x000001f7c9bb0370
Event: 52.447 Thread 0x000001f7da377000 Exception <a 'sun/nio/fs/WindowsException'{0x000000008d18e140}> (0x000000008d18e140) thrown at [./src/hotspot/share/prims/jni.cpp, line 615]
Event: 52.462 Thread 0x000001f7da36f800 Exception <a 'sun/nio/fs/WindowsException'{0x000000008d0c46d8}> (0x000000008d0c46d8) thrown at [./src/hotspot/share/prims/jni.cpp, line 615]
Event: 52.562 Thread 0x000001f7da36f800 Exception <a 'sun/nio/fs/WindowsException'{0x000000008b1fe210}> (0x000000008b1fe210) thrown at [./src/hotspot/share/prims/jni.cpp, line 615]
Event: 52.625 Thread 0x000001f7da377000 Exception <a 'sun/nio/fs/WindowsException'{0x000000008a4a4058}> (0x000000008a4a4058) thrown at [./src/hotspot/share/prims/jni.cpp, line 615]
Event: 52.641 Thread 0x000001f7da377000 Exception <a 'sun/nio/fs/WindowsException'{0x000000008946ca60}> (0x000000008946ca60) thrown at [./src/hotspot/share/prims/jni.cpp, line 615]

Events (20 events):
Event: 52.439 loading class com/android/tools/build/apkzlib/zip/StoredEntry
Event: 52.439 loading class com/android/tools/build/apkzlib/zip/StoredEntry done
Event: 52.439 loading class com/android/tools/build/apkzlib/zip/StoredEntry
Event: 52.439 loading class com/android/tools/build/apkzlib/zip/StoredEntry done
Event: 52.467 loading class com/android/builder/merge/IncrementalFileMergerInput
Event: 52.467 loading class com/android/builder/merge/IncrementalFileMergerInput done
Event: 52.509 Executing VM operation: ICBufferFull
Event: 52.509 Executing VM operation: ICBufferFull done
Event: 52.527 Executing VM operation: RevokeBias
Event: 52.527 Executing VM operation: RevokeBias done
Event: 52.604 loading class com/android/tools/build/apkzlib/zip/ZFile
Event: 52.604 loading class com/android/tools/build/apkzlib/zip/ZFile done
Event: 52.613 loading class com/android/tools/build/apkzlib/utils/CachedFileContents
Event: 52.613 loading class com/android/tools/build/apkzlib/utils/CachedFileContents done
Event: 52.615 loading class com/android/tools/build/apkzlib/zip/ZFileExtension
Event: 52.615 loading class com/android/tools/build/apkzlib/zip/ZFileExtension done
Event: 52.615 loading class com/android/tools/build/apkzlib/utils/IOExceptionFunction
Event: 52.615 loading class com/android/tools/build/apkzlib/utils/IOExceptionFunction done
Event: 52.627 loading class com/android/tools/r8/graph/m2
Event: 52.627 loading class com/android/tools/r8/graph/m2 done


Dynamic libraries:
0x00007ff79eea0000 - 0x00007ff79eeaa000 	C:\Program Files\Android\Android Studio\jre\bin\java.exe
0x00007ff8c6cb0000 - 0x00007ff8c6ea8000 	C:\Windows\SYSTEM32\ntdll.dll
0x00007ff8c6a60000 - 0x00007ff8c6b1d000 	C:\Windows\System32\KERNEL32.DLL
0x00007ff8c47e0000 - 0x00007ff8c4ab2000 	C:\Windows\System32\KERNELBASE.dll
0x00007ff8c4500000 - 0x00007ff8c4600000 	C:\Windows\System32\ucrtbase.dll
0x00007ff8c03a0000 - 0x00007ff8c03b7000 	C:\Program Files\Android\Android Studio\jre\bin\VCRUNTIME140.dll
0x00007ff8c03c0000 - 0x00007ff8c03d9000 	C:\Program Files\Android\Android Studio\jre\bin\jli.dll
0x00007ff8c5320000 - 0x00007ff8c54bd000 	C:\Windows\System32\USER32.dll
0x00007ff8c4390000 - 0x00007ff8c43b2000 	C:\Windows\System32\win32u.dll
0x00007ff8ad710000 - 0x00007ff8ad9aa000 	C:\Windows\WinSxS\amd64_microsoft.windows.common-controls_6595b64144ccf1df_6.0.19041.1110_none_60b5254171f9507e\COMCTL32.dll
0x00007ff8c6900000 - 0x00007ff8c692b000 	C:\Windows\System32\GDI32.dll
0x00007ff8c5d50000 - 0x00007ff8c5dee000 	C:\Windows\System32\msvcrt.dll
0x00007ff8c46a0000 - 0x00007ff8c47af000 	C:\Windows\System32\gdi32full.dll
0x00007ff8c4600000 - 0x00007ff8c469d000 	C:\Windows\System32\msvcp_win.dll
0x00007ff8c5cf0000 - 0x00007ff8c5d20000 	C:\Windows\System32\IMM32.DLL
0x00007ff8886e0000 - 0x00007ff88877d000 	C:\Program Files\Android\Android Studio\jre\bin\msvcp140.dll
0x00007ff875cc0000 - 0x00007ff8767a5000 	C:\Program Files\Android\Android Studio\jre\bin\server\jvm.dll
0x00007ff8c4de0000 - 0x00007ff8c4e8e000 	C:\Windows\System32\ADVAPI32.dll
0x00007ff8c67a0000 - 0x00007ff8c683c000 	C:\Windows\System32\sechost.dll
0x00007ff8c6930000 - 0x00007ff8c6a55000 	C:\Windows\System32\RPCRT4.dll
0x00007ff8c5250000 - 0x00007ff8c5258000 	C:\Windows\System32\PSAPI.DLL
0x00007ff8bcca0000 - 0x00007ff8bccaa000 	C:\Windows\SYSTEM32\VERSION.dll
0x00007ff8aa310000 - 0x00007ff8aa337000 	C:\Windows\SYSTEM32\WINMM.dll
0x00007ff8c1a10000 - 0x00007ff8c1a19000 	C:\Windows\SYSTEM32\WSOCK32.dll
0x00007ff8c4d70000 - 0x00007ff8c4ddb000 	C:\Windows\System32\WS2_32.dll
0x00007ff8c2ba0000 - 0x00007ff8c2bb2000 	C:\Windows\SYSTEM32\kernel.appcore.dll
0x00007ff8c0c70000 - 0x00007ff8c0c81000 	C:\Program Files\Android\Android Studio\jre\bin\verify.dll
0x00007ff8c1f80000 - 0x00007ff8c2164000 	C:\Windows\SYSTEM32\DBGHELP.DLL
0x00007ff8bd0a0000 - 0x00007ff8bd0cc000 	C:\Windows\SYSTEM32\dbgcore.DLL
0x00007ff8c43c0000 - 0x00007ff8c4442000 	C:\Windows\System32\bcryptPrimitives.dll
0x00007ff8bf4d0000 - 0x00007ff8bf4f9000 	C:\Program Files\Android\Android Studio\jre\bin\java.dll
0x00007ff8c1840000 - 0x00007ff8c184b000 	C:\Program Files\Android\Android Studio\jre\bin\jimage.dll
0x00007ff8bf4b0000 - 0x00007ff8bf4c8000 	C:\Program Files\Android\Android Studio\jre\bin\zip.dll
0x00007ff8c5f20000 - 0x00007ff8c6663000 	C:\Windows\System32\SHELL32.dll
0x00007ff8c23f0000 - 0x00007ff8c2b81000 	C:\Windows\SYSTEM32\windows.storage.dll
0x00007ff8c4ef0000 - 0x00007ff8c5244000 	C:\Windows\System32\combase.dll
0x00007ff8c3c30000 - 0x00007ff8c3c60000 	C:\Windows\SYSTEM32\Wldp.dll
0x00007ff8c5260000 - 0x00007ff8c530d000 	C:\Windows\System32\SHCORE.dll
0x00007ff8c5c90000 - 0x00007ff8c5ce5000 	C:\Windows\System32\shlwapi.dll
0x00007ff8c42d0000 - 0x00007ff8c42ef000 	C:\Windows\SYSTEM32\profapi.dll
0x00007ff8bd860000 - 0x00007ff8bd87a000 	C:\Program Files\Android\Android Studio\jre\bin\net.dll
0x00007ff8bf0b0000 - 0x00007ff8bf1bd000 	C:\Windows\SYSTEM32\WINHTTP.dll
0x00007ff8abf70000 - 0x00007ff8abf86000 	C:\Windows\system32\PrxerDrv.dll
0x00007ff8c3a10000 - 0x00007ff8c3a7a000 	C:\Windows\system32\mswsock.dll
0x00007ff8bd840000 - 0x00007ff8bd854000 	C:\Program Files\Android\Android Studio\jre\bin\nio.dll
0x00007ff8a5cb0000 - 0x00007ff8a5cd7000 	C:\Users\EACMS\.gradle\native\e1d6ef7f7dcc3fd88c89a11ec53ec762bb8ba0a96d01ffa2cd45eb1d1d8dd5c5\windows-amd64\native-platform.dll
0x00007ff882de0000 - 0x00007ff882f24000 	C:\Users\EACMS\.gradle\native\5664cfc778a61ccfe75a443a1ab52a65af34e5dc3c78e0209fed803814484fcb\windows-amd64\native-platform-file-events.dll
0x00007ff8c16f0000 - 0x00007ff8c16fa000 	C:\Program Files\Android\Android Studio\jre\bin\management.dll
0x00007ff8c1510000 - 0x00007ff8c151d000 	C:\Program Files\Android\Android Studio\jre\bin\management_ext.dll
0x00007ff8c3c70000 - 0x00007ff8c3c88000 	C:\Windows\SYSTEM32\CRYPTSP.dll
0x00007ff8c3350000 - 0x00007ff8c3384000 	C:\Windows\system32\rsaenh.dll
0x00007ff8c47b0000 - 0x00007ff8c47d7000 	C:\Windows\System32\bcrypt.dll
0x00007ff8c4250000 - 0x00007ff8c427e000 	C:\Windows\SYSTEM32\USERENV.dll
0x00007ff8c3ba0000 - 0x00007ff8c3bac000 	C:\Windows\SYSTEM32\CRYPTBASE.dll
0x00007ff8c3720000 - 0x00007ff8c375b000 	C:\Windows\SYSTEM32\IPHLPAPI.DLL
0x00007ff8c5310000 - 0x00007ff8c5318000 	C:\Windows\System32\NSI.dll
0x00007ff8baa80000 - 0x00007ff8baa97000 	C:\Windows\SYSTEM32\dhcpcsvc6.DLL
0x00007ff8b74f0000 - 0x00007ff8b750d000 	C:\Windows\SYSTEM32\dhcpcsvc.DLL
0x00007ff8c3760000 - 0x00007ff8c382a000 	C:\Windows\SYSTEM32\DNSAPI.dll
0x00007ff8abf50000 - 0x00007ff8abf62000 	C:\Windows\System32\PrxerNsp.dll
0x00007ff8c3470000 - 0x00007ff8c34a3000 	C:\Windows\SYSTEM32\ntmarta.dll

dbghelp: loaded successfully - version: 4.0.5 - missing functions: none
symbol engine: initialized successfully - sym options: 0x614 - pdb path: .;C:\Program Files\Android\Android Studio\jre\bin;C:\Windows\SYSTEM32;C:\Windows\WinSxS\amd64_microsoft.windows.common-controls_6595b64144ccf1df_6.0.19041.1110_none_60b5254171f9507e;C:\Program Files\Android\Android Studio\jre\bin\server;C:\Users\EACMS\.gradle\native\e1d6ef7f7dcc3fd88c89a11ec53ec762bb8ba0a96d01ffa2cd45eb1d1d8dd5c5\windows-amd64;C:\Users\EACMS\.gradle\native\5664cfc778a61ccfe75a443a1ab52a65af34e5dc3c78e0209fed803814484fcb\windows-amd64

VM Arguments:
jvm_args: --add-opens=java.base/java.util=ALL-UNNAMED --add-opens=java.base/java.lang=ALL-UNNAMED --add-opens=java.base/java.lang.invoke=ALL-UNNAMED --add-opens=java.base/java.util=ALL-UNNAMED --add-opens=java.prefs/java.util.prefs=ALL-UNNAMED --add-opens=java.prefs/java.util.prefs=ALL-UNNAMED --add-opens=java.base/java.nio.charset=ALL-UNNAMED --add-opens=java.base/java.net=ALL-UNNAMED --add-opens=java.base/java.util.concurrent.atomic=ALL-UNNAMED -Xmx2048m -Dfile.encoding=UTF-8 -Duser.country=US -Duser.language=en -Duser.variant 
java_command: org.gradle.launcher.daemon.bootstrap.GradleDaemon 7.3.3
java_class_path (initial): C:\Users\EACMS\.gradle\wrapper\dists\gradle-7.3.3-bin\6a41zxkdtcxs8rphpq6y0069z\gradle-7.3.3\lib\gradle-launcher-7.3.3.jar
Launcher Type: SUN_STANDARD

[Global flags]
     intx CICompilerCount                          = 3                                         {product} {ergonomic}
     uint ConcGCThreads                            = 1                                         {product} {ergonomic}
     uint G1ConcRefinementThreads                  = 4                                         {product} {ergonomic}
   size_t G1HeapRegionSize                         = 1048576                                   {product} {ergonomic}
    uintx GCDrainStackTargetSize                   = 64                                        {product} {ergonomic}
   size_t InitialHeapSize                          = 130023424                                 {product} {ergonomic}
   size_t MarkStackSize                            = 4194304                                   {product} {ergonomic}
   size_t MaxHeapSize                              = 2147483648                                {product} {command line}
   size_t MaxNewSize                               = 1287651328                                {product} {ergonomic}
   size_t MinHeapDeltaBytes                        = 1048576                                   {product} {ergonomic}
    uintx NonNMethodCodeHeapSize                   = 5830732                                {pd product} {ergonomic}
    uintx NonProfiledCodeHeapSize                  = 122913754                              {pd product} {ergonomic}
    uintx ProfiledCodeHeapSize                     = 122913754                              {pd product} {ergonomic}
    uintx ReservedCodeCacheSize                    = 251658240                              {pd product} {ergonomic}
     bool SegmentedCodeCache                       = true                                      {product} {ergonomic}
     bool UseCompressedClassPointers               = true                                 {lp64_product} {ergonomic}
     bool UseCompressedOops                        = true                                 {lp64_product} {ergonomic}
     bool UseG1GC                                  = true                                      {product} {ergonomic}
     bool UseLargePagesIndividualAllocation        = false                                  {pd product} {ergonomic}

Logging:
Log output configuration:
 #0: stdout all=warning uptime,level,tags
 #1: stderr all=off uptime,level,tags

Environment Variables:
JAVA_HOME=C:\Program Files\Java\jdk-16.0.1
PATH=C:\Program Files\Common Files\Oracle\Java\javapath;C:\Windows\system32;C:\Windows;C:\Windows\System32\Wbem;C:\Windows\System32\WindowsPowerShell\v1.0\;C:\Windows\System32\OpenSSH\;C:\Program Files\Java\jdk-16.0.1\bin\;C:\Program Files\apache-maven-3.8.1\bin\;C:\Program Files\apache-maven-3.8.1\bin;d:\Program Files\Git\cmd;D:\Program Files\nodejs\;D:\Program Files\MongoDB\Server\4.4\;C:\Users\EACMS\AppData\Local\Microsoft\WindowsApps;C:\Users\EACMS\AppData\Local\Programs\Microsoft VS Code\bin;C:\Users\EACMS\AppData\Roaming\npm;C:\Program Files\MongoDB\Server\4.4;C:\Program Files\MongoDB\Server\4.4\bin;C:\Users\EACMS\Documents\flutter\bin;d:\Program Files\heroku\bin;C:\Program Files\JetBrains\IntelliJ IDEA 2021.2.3\bin;;D:\sqllite3
USERNAME=EACMS
OS=Windows_NT
PROCESSOR_IDENTIFIER=Intel64 Family 6 Model 140 Stepping 1, GenuineIntel



---------------  S Y S T E M  ---------------

OS: Windows 10 , 64 bit Build 19041 (10.0.19041.1889)
OS uptime: 3 days 0:34 hours
Hyper-V role detected

CPU:total 4 (initial active 4) (2 cores per cpu, 2 threads per core) family 6 model 140 stepping 1 microcode 0xa4, cmov, cx8, fxsr, mmx, sse, sse2, sse3, ssse3, sse4.1, sse4.2, popcnt, avx, avx2, aes, clmul, erms, 3dnowpref, lzcnt, ht, tsc, tscinvbit, bmi1, bmi2, adx, evex, sha, fma

Memory: 4k page, system-wide physical 7918M (104M free)
TotalPageFile size 12014M (AvailPageFile size 6M)
current process WorkingSet (physical memory assigned to process): 422M, peak: 452M
current process commit charge ("private bytes"): 561M, peak: 562M

vm_info: OpenJDK 64-Bit Server VM (11.0.12+7-b1504.28-7817840) for windows-amd64 JRE (11.0.12+7-b1504.28-7817840), built on Oct 13 2021 22:12:33 by "builder" with MS VC++ 14.0 (VS2015)

END.
