#
# There is insufficient memory for the Java Runtime Environment to continue.
# Native memory allocation (malloc) failed to allocate 629456 bytes for Chunk::new
# Possible reasons:
#   The system is out of physical RAM or swap space
#   The process is running with CompressedOops enabled, and the Java Heap may be blocking the growth of the native heap
# Possible solutions:
#   Reduce memory load on the system
#   Increase physical memory or swap space
#   Check if swap backing store is full
#   Decrease Java heap size (-Xmx/-Xms)
#   Decrease number of Java threads
#   Decrease Java thread stack sizes (-Xss)
#   Set larger code cache with -XX:ReservedCodeCacheSize=
#   JVM is running with Unscaled Compressed Oops mode in which the Java heap is
#     placed in the first 4GB address space. The Java Heap base address is the
#     maximum limit for the native heap growth. Please use -XX:HeapBaseMinAddress
#     to set the Java Heap base and to place the Java Heap above 4GB virtual address.
# This output file may be truncated or incomplete.
#
#  Out of Memory Error (./src/hotspot/share/memory/arena.cpp:197), pid=11044, tid=13152
#
# JRE version: OpenJDK Runtime Environment (11.0.12+7) (build 11.0.12+7-b1504.28-7817840)
# Java VM: OpenJDK 64-Bit Server VM (11.0.12+7-b1504.28-7817840, mixed mode, tiered, compressed oops, g1 gc, windows-amd64)
# No core dump will be written. Minidumps are not enabled by default on client versions of Windows
#

---------------  S U M M A R Y ------------

Command Line: --add-opens=java.base/java.util=ALL-UNNAMED --add-opens=java.base/java.lang=ALL-UNNAMED --add-opens=java.base/java.lang.invoke=ALL-UNNAMED --add-opens=java.base/java.util=ALL-UNNAMED --add-opens=java.prefs/java.util.prefs=ALL-UNNAMED --add-opens=java.prefs/java.util.prefs=ALL-UNNAMED --add-opens=java.base/java.nio.charset=ALL-UNNAMED --add-opens=java.base/java.net=ALL-UNNAMED --add-opens=java.base/java.util.concurrent.atomic=ALL-UNNAMED -Xmx2048m -Dfile.encoding=UTF-8 -Duser.country=US -Duser.language=en -Duser.variant org.gradle.launcher.daemon.bootstrap.GradleDaemon 7.3.3

Host: 11th Gen Intel(R) Core(TM) i3-1115G4 @ 3.00GHz, 4 cores, 7G,  Windows 10 , 64 bit Build 19041 (10.0.19041.1889)
Time: Sun Oct 30 20:08:59 2022 Sri Lanka Standard Time elapsed time: 5165.466007 seconds (0d 1h 26m 5s)

---------------  T H R E A D  ---------------

Current thread (0x000001eefd1d9800):  JavaThread "C2 CompilerThread0" daemon [_thread_in_native, id=13152, stack(0x000000d196600000,0x000000d196700000)]


Current CompileTask:
C2:5165466 16931   !   4       org.apache.xerces.parsers.XML11Configuration::setProperty (172 bytes)

Stack: [0x000000d196600000,0x000000d196700000]
Native frames: (J=compiled Java code, j=interpreted, Vv=VM code, C=native code)
V  [jvm.dll+0x5fbcea]
V  [jvm.dll+0x731905]
V  [jvm.dll+0x732f1d]
V  [jvm.dll+0x7335d3]
V  [jvm.dll+0x247bf8]
V  [jvm.dll+0xc018c]
V  [jvm.dll+0xc06cc]
V  [jvm.dll+0x35b31d]
V  [jvm.dll+0x328803]
V  [jvm.dll+0x327cfa]
V  [jvm.dll+0x200602]
V  [jvm.dll+0x1ff794]
V  [jvm.dll+0x18868c]
V  [jvm.dll+0x20e0d7]
V  [jvm.dll+0x20c901]
V  [jvm.dll+0x6f9b7f]
V  [jvm.dll+0x6f26a5]
V  [jvm.dll+0x5fabf6]
C  [ucrtbase.dll+0x21bb2]
C  [KERNEL32.DLL+0x17034]
C  [ntdll.dll+0x526a1]


---------------  P R O C E S S  ---------------

Threads class SMR info:
_java_thread_list=0x000001ee8364f670, length=84, elements={
0x000001eee2e82800, 0x000001eefd1b4000, 0x000001eefd1bf800, 0x000001eefd1d5800,
0x000001eefd1d6800, 0x000001eefd1d7800, 0x000001eefd1d9800, 0x000001eefd1dc800,
0x000001eefd1df800, 0x000001eefdc92000, 0x000001ee80cef800, 0x000001eefdec6800,
0x000001eeff591000, 0x000001ee80e34000, 0x000001ee80e3a000, 0x000001ee80e39000,
0x000001ee80e35000, 0x000001ee80e37800, 0x000001ee80e35800, 0x000001ee80e36800,
0x000001ee81932800, 0x000001ee81935800, 0x000001ee81935000, 0x000001ee81936800,
0x000001ee84033000, 0x000001ee8402d000, 0x000001ee84030800, 0x000001ee8402e000,
0x000001ee8402f000, 0x000001ee84031000, 0x000001ee8402b800, 0x000001ee8402c800,
0x000001ee84033800, 0x000001ee84034800, 0x000001ee8402f800, 0x000001ee84039800,
0x000001ee84037000, 0x000001ee8403a000, 0x000001ee84036000, 0x000001ee84037800,
0x000001ee859ac800, 0x000001ee859b3800, 0x000001ee859ae800, 0x000001ee859ad800,
0x000001ee859b5000, 0x000001ee859b6800, 0x000001ee859b7800, 0x000001ee859b8000,
0x000001ee859b5800, 0x000001ee859b9000, 0x000001ee859ba000, 0x000001ee859b4000,
0x000001ee859ba800, 0x000001ee859bb800, 0x000001ee81934000, 0x000001ee81930000,
0x000001ee81938000, 0x000001ee81939000, 0x000001ee81933000, 0x000001ee8193b800,
0x000001ee8193a800, 0x000001ee81939800, 0x000001ee8193c000, 0x000001ee8193d000,
0x000001ee8193e000, 0x000001ee8193e800, 0x000001ee80e38000, 0x000001ee80e3a800,
0x000001ee80f79800, 0x000001ee80f79000, 0x000001ee80f76800, 0x000001ee80f7a800,
0x000001ee80f77000, 0x000001ee80f78000, 0x000001ee80f7b800, 0x000001ee80f75800,
0x000001ee80f7e800, 0x000001ee80f81000, 0x000001ee80f80000, 0x000001ee80f7f800,
0x000001ee80f82000, 0x000001ee80f7c000, 0x000001ee80f82800, 0x000001ee80f83800
}

Java Threads: ( => current thread )
  0x000001eee2e82800 JavaThread "main" [_thread_blocked, id=9460, stack(0x000000d195a00000,0x000000d195b00000)]
  0x000001eefd1b4000 JavaThread "Reference Handler" daemon [_thread_blocked, id=840, stack(0x000000d196100000,0x000000d196200000)]
  0x000001eefd1bf800 JavaThread "Finalizer" daemon [_thread_blocked, id=1920, stack(0x000000d196200000,0x000000d196300000)]
  0x000001eefd1d5800 JavaThread "Signal Dispatcher" daemon [_thread_blocked, id=10008, stack(0x000000d196300000,0x000000d196400000)]
  0x000001eefd1d6800 JavaThread "Attach Listener" daemon [_thread_blocked, id=15312, stack(0x000000d196400000,0x000000d196500000)]
  0x000001eefd1d7800 JavaThread "Service Thread" daemon [_thread_blocked, id=13496, stack(0x000000d196500000,0x000000d196600000)]
=>0x000001eefd1d9800 JavaThread "C2 CompilerThread0" daemon [_thread_in_native, id=13152, stack(0x000000d196600000,0x000000d196700000)]
  0x000001eefd1dc800 JavaThread "C1 CompilerThread0" daemon [_thread_in_vm, id=7636, stack(0x000000d196700000,0x000000d196800000)]
  0x000001eefd1df800 JavaThread "Sweeper thread" daemon [_thread_blocked, id=8588, stack(0x000000d196800000,0x000000d196900000)]
  0x000001eefdc92000 JavaThread "Common-Cleaner" daemon [_thread_blocked, id=9412, stack(0x000000d196900000,0x000000d196a00000)]
  0x000001ee80cef800 JavaThread "Daemon health stats" [_thread_blocked, id=19036, stack(0x000000d196d00000,0x000000d196e00000)]
  0x000001eefdec6800 JavaThread "Incoming local TCP Connector on port 55808" [_thread_in_native, id=6836, stack(0x000000d196b00000,0x000000d196c00000)]
  0x000001eeff591000 JavaThread "Daemon periodic checks" [_thread_blocked, id=1376, stack(0x000000d196e00000,0x000000d196f00000)]
  0x000001ee80e34000 JavaThread "Cache worker for journal cache (C:\Users\EACMS\.gradle\caches\journal-1)" [_thread_blocked, id=16020, stack(0x000000d197900000,0x000000d197a00000)]
  0x000001ee80e3a000 JavaThread "File lock request listener" [_thread_in_native, id=11884, stack(0x000000d197a00000,0x000000d197b00000)]
  0x000001ee80e39000 JavaThread "Cache worker for file hash cache (C:\Users\EACMS\.gradle\caches\7.3.3\fileHashes)" [_thread_blocked, id=11536, stack(0x000000d197b00000,0x000000d197c00000)]
  0x000001ee80e35000 JavaThread "File watcher server" daemon [_thread_in_native, id=3520, stack(0x000000d197d00000,0x000000d197e00000)]
  0x000001ee80e37800 JavaThread "File watcher consumer" daemon [_thread_blocked, id=14752, stack(0x000000d197e00000,0x000000d197f00000)]
  0x000001ee80e35800 JavaThread "jar transforms" [_thread_blocked, id=16124, stack(0x000000d197f00000,0x000000d198000000)]
  0x000001ee80e36800 JavaThread "jar transforms Thread 2" [_thread_blocked, id=16276, stack(0x000000d198000000,0x000000d198100000)]
  0x000001ee81932800 JavaThread "jar transforms Thread 3" [_thread_blocked, id=19108, stack(0x000000d198100000,0x000000d198200000)]
  0x000001ee81935800 JavaThread "jar transforms Thread 4" [_thread_blocked, id=19748, stack(0x000000d198200000,0x000000d198300000)]
  0x000001ee81935000 JavaThread "Cache worker for execution history cache (C:\Users\EACMS\.gradle\caches\7.3.3\executionHistory)" [_thread_blocked, id=15648, stack(0x000000d198600000,0x000000d198700000)]
  0x000001ee81936800 JavaThread "Cache worker for file content cache (C:\Users\EACMS\.gradle\caches\7.3.3\fileContent)" [_thread_blocked, id=15844, stack(0x000000d198700000,0x000000d198800000)]
  0x000001ee84033000 JavaThread "Memory manager" [_thread_blocked, id=16240, stack(0x000000d19b400000,0x000000d19b500000)]
  0x000001ee8402d000 JavaThread "Daemon Thread 2" [_thread_blocked, id=9368, stack(0x000000d195700000,0x000000d195800000)]
  0x000001ee84030800 JavaThread "Handler for socket connection from /127.0.0.1:55808 to /127.0.0.1:56889" [_thread_in_native, id=17264, stack(0x000000d195800000,0x000000d195900000)]
  0x000001ee8402e000 JavaThread "Cancel handler" [_thread_blocked, id=9724, stack(0x000000d195900000,0x000000d195a00000)]
  0x000001ee8402f000 JavaThread "Daemon worker Thread 2" [_thread_blocked, id=19556, stack(0x000000d196f00000,0x000000d197000000)]
  0x000001ee84031000 JavaThread "Asynchronous log dispatcher for DefaultDaemonConnection: socket connection from /127.0.0.1:55808 to /127.0.0.1:56889" [_thread_blocked, id=5096, stack(0x000000d197000000,0x000000d197100000)]
  0x000001ee8402b800 JavaThread "Stdin handler" [_thread_blocked, id=7964, stack(0x000000d197100000,0x000000d197200000)]
  0x000001ee8402c800 JavaThread "Daemon client event forwarder" [_thread_blocked, id=5904, stack(0x000000d197200000,0x000000d197300000)]
  0x000001ee84033800 JavaThread "Cache worker for file hash cache (E:\Campus\4-year\sem-1\MObile_application\nipuni\.gradle\7.3.3\fileHashes)" [_thread_blocked, id=2372, stack(0x000000d197300000,0x000000d197400000)]
  0x000001ee84034800 JavaThread "Cache worker for checksums cache (E:\Campus\4-year\sem-1\MObile_application\nipuni\.gradle\7.3.3\checksums)" [_thread_blocked, id=18376, stack(0x000000d197400000,0x000000d197500000)]
  0x000001ee8402f800 JavaThread "Cache worker for cache directory md-supplier (C:\Users\EACMS\.gradle\caches\7.3.3\md-supplier)" [_thread_blocked, id=17948, stack(0x000000d197600000,0x000000d197700000)]
  0x000001ee84039800 JavaThread "Cache worker for cache directory md-rule (C:\Users\EACMS\.gradle\caches\7.3.3\md-rule)" [_thread_blocked, id=9032, stack(0x000000d197c00000,0x000000d197d00000)]
  0x000001ee84037000 JavaThread "Cache worker for dependencies-accessors (E:\Campus\4-year\sem-1\MObile_application\nipuni\.gradle\7.3.3\dependencies-accessors)" [_thread_blocked, id=19204, stack(0x000000d198300000,0x000000d198400000)]
  0x000001ee8403a000 JavaThread "Cache worker for Build Output Cleanup Cache (E:\Campus\4-year\sem-1\MObile_application\nipuni\.gradle\buildOutputCleanup)" [_thread_blocked, id=7856, stack(0x000000d197500000,0x000000d197600000)]
  0x000001ee84036000 JavaThread "Unconstrained build operations" [_thread_blocked, id=20316, stack(0x000000d198500000,0x000000d198600000)]
  0x000001ee84037800 JavaThread "Unconstrained build operations Thread 2" [_thread_blocked, id=16448, stack(0x000000d198800000,0x000000d198900000)]
  0x000001ee859ac800 JavaThread "Unconstrained build operations Thread 3" [_thread_blocked, id=4172, stack(0x000000d198900000,0x000000d198a00000)]
  0x000001ee859b3800 JavaThread "Unconstrained build operations Thread 4" [_thread_blocked, id=6200, stack(0x000000d198a00000,0x000000d198b00000)]
  0x000001ee859ae800 JavaThread "Unconstrained build operations Thread 5" [_thread_blocked, id=13996, stack(0x000000d198b00000,0x000000d198c00000)]
  0x000001ee859ad800 JavaThread "Unconstrained build operations Thread 6" [_thread_blocked, id=20028, stack(0x000000d198c00000,0x000000d198d00000)]
  0x000001ee859b5000 JavaThread "Unconstrained build operations Thread 7" [_thread_blocked, id=11856, stack(0x000000d198d00000,0x000000d198e00000)]
  0x000001ee859b6800 JavaThread "Unconstrained build operations Thread 8" [_thread_blocked, id=12528, stack(0x000000d198e00000,0x000000d198f00000)]
  0x000001ee859b7800 JavaThread "Unconstrained build operations Thread 9" [_thread_blocked, id=13248, stack(0x000000d198f00000,0x000000d199000000)]
  0x000001ee859b8000 JavaThread "Unconstrained build operations Thread 10" [_thread_blocked, id=15504, stack(0x000000d199000000,0x000000d199100000)]
  0x000001ee859b5800 JavaThread "Unconstrained build operations Thread 11" [_thread_blocked, id=16336, stack(0x000000d199100000,0x000000d199200000)]
  0x000001ee859b9000 JavaThread "Unconstrained build operations Thread 12" [_thread_blocked, id=2536, stack(0x000000d199200000,0x000000d199300000)]
  0x000001ee859ba000 JavaThread "Unconstrained build operations Thread 13" [_thread_blocked, id=16840, stack(0x000000d199300000,0x000000d199400000)]
  0x000001ee859b4000 JavaThread "Unconstrained build operations Thread 14" [_thread_blocked, id=12476, stack(0x000000d199400000,0x000000d199500000)]
  0x000001ee859ba800 JavaThread "Unconstrained build operations Thread 15" [_thread_blocked, id=11204, stack(0x000000d199500000,0x000000d199600000)]
  0x000001ee859bb800 JavaThread "Unconstrained build operations Thread 16" [_thread_blocked, id=7908, stack(0x000000d199600000,0x000000d199700000)]
  0x000001ee81934000 JavaThread "Unconstrained build operations Thread 17" [_thread_blocked, id=2292, stack(0x000000d199700000,0x000000d199800000)]
  0x000001ee81930000 JavaThread "Unconstrained build operations Thread 18" [_thread_blocked, id=13428, stack(0x000000d199800000,0x000000d199900000)]
  0x000001ee81938000 JavaThread "Unconstrained build operations Thread 19" [_thread_blocked, id=4996, stack(0x000000d199900000,0x000000d199a00000)]
  0x000001ee81939000 JavaThread "Unconstrained build operations Thread 20" [_thread_blocked, id=5788, stack(0x000000d199a00000,0x000000d199b00000)]
  0x000001ee81933000 JavaThread "Unconstrained build operations Thread 21" [_thread_blocked, id=16008, stack(0x000000d199b00000,0x000000d199c00000)]
  0x000001ee8193b800 JavaThread "Unconstrained build operations Thread 22" [_thread_blocked, id=2412, stack(0x000000d199c00000,0x000000d199d00000)]
  0x000001ee8193a800 JavaThread "Unconstrained build operations Thread 23" [_thread_blocked, id=19096, stack(0x000000d199d00000,0x000000d199e00000)]
  0x000001ee81939800 JavaThread "Unconstrained build operations Thread 24" [_thread_blocked, id=3424, stack(0x000000d199e00000,0x000000d199f00000)]
  0x000001ee8193c000 JavaThread "Unconstrained build operations Thread 25" [_thread_blocked, id=10416, stack(0x000000d199f00000,0x000000d19a000000)]
  0x000001ee8193d000 JavaThread "Unconstrained build operations Thread 26" [_thread_blocked, id=13744, stack(0x000000d19a000000,0x000000d19a100000)]
  0x000001ee8193e000 JavaThread "Unconstrained build operations Thread 27" [_thread_blocked, id=848, stack(0x000000d19a100000,0x000000d19a200000)]
  0x000001ee8193e800 JavaThread "Unconstrained build operations Thread 28" [_thread_blocked, id=17740, stack(0x000000d19a200000,0x000000d19a300000)]
  0x000001ee80e38000 JavaThread "Unconstrained build operations Thread 29" [_thread_blocked, id=11344, stack(0x000000d19a300000,0x000000d19a400000)]
  0x000001ee80e3a800 JavaThread "Unconstrained build operations Thread 30" [_thread_blocked, id=5520, stack(0x000000d19a400000,0x000000d19a500000)]
  0x000001ee80f79800 JavaThread "Unconstrained build operations Thread 31" [_thread_blocked, id=3500, stack(0x000000d19a500000,0x000000d19a600000)]
  0x000001ee80f79000 JavaThread "Unconstrained build operations Thread 32" [_thread_blocked, id=6852, stack(0x000000d19a600000,0x000000d19a700000)]
  0x000001ee80f76800 JavaThread "Unconstrained build operations Thread 33" [_thread_blocked, id=14372, stack(0x000000d19a700000,0x000000d19a800000)]
  0x000001ee80f7a800 JavaThread "Unconstrained build operations Thread 34" [_thread_blocked, id=4328, stack(0x000000d19a800000,0x000000d19a900000)]
  0x000001ee80f77000 JavaThread "Unconstrained build operations Thread 35" [_thread_blocked, id=14884, stack(0x000000d19a900000,0x000000d19aa00000)]
  0x000001ee80f78000 JavaThread "Unconstrained build operations Thread 36" [_thread_blocked, id=11764, stack(0x000000d19aa00000,0x000000d19ab00000)]
  0x000001ee80f7b800 JavaThread "Unconstrained build operations Thread 37" [_thread_blocked, id=19740, stack(0x000000d19ab00000,0x000000d19ac00000)]
  0x000001ee80f75800 JavaThread "Unconstrained build operations Thread 38" [_thread_blocked, id=16116, stack(0x000000d19ac00000,0x000000d19ad00000)]
  0x000001ee80f7e800 JavaThread "Unconstrained build operations Thread 39" [_thread_blocked, id=1984, stack(0x000000d19ad00000,0x000000d19ae00000)]
  0x000001ee80f81000 JavaThread "Unconstrained build operations Thread 40" [_thread_blocked, id=14240, stack(0x000000d19ae00000,0x000000d19af00000)]
  0x000001ee80f80000 JavaThread "build event listener" [_thread_blocked, id=3196, stack(0x000000d19af00000,0x000000d19b000000)]
  0x000001ee80f7f800 JavaThread "Execution worker for ':'" [_thread_blocked, id=13108, stack(0x000000d19b000000,0x000000d19b100000)]
  0x000001ee80f82000 JavaThread "Execution worker for ':' Thread 2" [_thread_blocked, id=9052, stack(0x000000d19b100000,0x000000d19b200000)]
  0x000001ee80f7c000 JavaThread "Execution worker for ':' Thread 3" [_thread_blocked, id=13956, stack(0x000000d19b200000,0x000000d19b300000)]
  0x000001ee80f82800 JavaThread "Cache worker for execution history cache (E:\Campus\4-year\sem-1\MObile_application\nipuni\.gradle\7.3.3\executionHistory)" [_thread_blocked, id=17424, stack(0x000000d19b300000,0x000000d19b400000)]
  0x000001ee80f83800 JavaThread "WorkerExecutor Queue" [_thread_blocked, id=4812, stack(0x000000d19b500000,0x000000d19b600000)]

Other Threads:
  0x000001eefd1b2000 VMThread "VM Thread" [stack: 0x000000d196000000,0x000000d196100000] [id=18520]
  0x000001eefdca5000 WatcherThread [stack: 0x000000d196a00000,0x000000d196b00000] [id=6168]
  0x000001eee2e9b000 GCTaskThread "GC Thread#0" [stack: 0x000000d195b00000,0x000000d195c00000] [id=11584]
  0x000001eefdec7000 GCTaskThread "GC Thread#1" [stack: 0x000000d196c00000,0x000000d196d00000] [id=4060]
  0x000001ee801ea800 GCTaskThread "GC Thread#2" [stack: 0x000000d197700000,0x000000d197800000] [id=7404]
  0x000001ee80c3f800 GCTaskThread "GC Thread#3" [stack: 0x000000d197800000,0x000000d197900000] [id=1880]
  0x000001eee2ecb000 ConcurrentGCThread "G1 Main Marker" [stack: 0x000000d195c00000,0x000000d195d00000] [id=14948]
  0x000001eee2ecd800 ConcurrentGCThread "G1 Conc#0" [stack: 0x000000d195d00000,0x000000d195e00000] [id=11416]
  0x000001eee2f59000 ConcurrentGCThread "G1 Refine#0" [stack: 0x000000d195e00000,0x000000d195f00000] [id=19008]
  0x000001eee2f5c000 ConcurrentGCThread "G1 Young RemSet Sampling" [stack: 0x000000d195f00000,0x000000d196000000] [id=10796]

Threads with active compile tasks:
C2 CompilerThread05165949 16931   !   4       org.apache.xerces.parsers.XML11Configuration::setProperty (172 bytes)
C1 CompilerThread05165949 17006 %     3       org.apache.xerces.impl.XMLEntityScanner::scanQName @ 145 (479 bytes)

VM state:synchronizing (normal execution)

VM Mutex/Monitor currently owned by a thread:  ([mutex/lock_event])
[0x000001eee2e74920] CodeCache_lock - owner thread: 0x000001eefd1dc800
[0x000001eee2e7d2b0] Threads_lock - owner thread: 0x000001eefd1b2000
[0x000001eee2e7dbb0] Heap_lock - owner thread: 0x000001ee80f82000
[0x000001eee2e7d340] Compile_lock - owner thread: 0x000001eefd1dc800
[0x000001eee2e7ec00] MethodCompileQueue_lock - owner thread: 0x000001eefd1dc800

Heap address: 0x0000000080000000, size: 2048 MB, Compressed Oops mode: 32-bit
Narrow klass base: 0x0000000000000000, Narrow klass shift: 3
Compressed class space size: 1073741824 Address: 0x0000000100000000

Heap:
 garbage-first heap   total 220160K, used 145693K [0x0000000080000000, 0x0000000100000000)
  region size 1024K, 10 young (10240K), 2 survivors (2048K)
 Metaspace       used 113182K, capacity 115813K, committed 116524K, reserved 1150976K
  class space    used 14225K, capacity 15227K, committed 15436K, reserved 1048576K
Heap Regions: E=young(eden), S=young(survivor), O=old, HS=humongous(starts), HC=humongous(continues), CS=collection set, F=free, A=archive, TAMS=top-at-mark-start (previous, next)
|   0|0x0000000080000000, 0x0000000080100000, 0x0000000080100000|100%| O|  |TAMS 0x0000000080100000, 0x0000000080000000| Untracked 
|   1|0x0000000080100000, 0x0000000080200000, 0x0000000080200000|100%| O|  |TAMS 0x0000000080200000, 0x0000000080100000| Untracked 
|   2|0x0000000080200000, 0x0000000080300000, 0x0000000080300000|100%| O|  |TAMS 0x0000000080300000, 0x0000000080200000| Untracked 
|   3|0x0000000080300000, 0x0000000080400000, 0x0000000080400000|100%|HS|  |TAMS 0x0000000080400000, 0x0000000080300000| Complete 
|   4|0x0000000080400000, 0x0000000080500000, 0x0000000080500000|100%|HC|  |TAMS 0x0000000080500000, 0x0000000080400000| Complete 
|   5|0x0000000080500000, 0x0000000080600000, 0x0000000080600000|100%|HC|  |TAMS 0x0000000080600000, 0x0000000080500000| Complete 
|   6|0x0000000080600000, 0x0000000080700000, 0x0000000080700000|100%| O|  |TAMS 0x0000000080700000, 0x0000000080600000| Untracked 
|   7|0x0000000080700000, 0x0000000080800000, 0x0000000080800000|100%| O|  |TAMS 0x0000000080800000, 0x0000000080700000| Untracked 
|   8|0x0000000080800000, 0x0000000080900000, 0x0000000080900000|100%| O|  |TAMS 0x0000000080900000, 0x0000000080800000| Complete 
|   9|0x0000000080900000, 0x0000000080a00000, 0x0000000080a00000|100%| O|  |TAMS 0x0000000080a00000, 0x0000000080900000| Complete 
|  10|0x0000000080a00000, 0x0000000080b00000, 0x0000000080b00000|100%| O|  |TAMS 0x0000000080b00000, 0x0000000080a00000| Complete 
|  11|0x0000000080b00000, 0x0000000080c00000, 0x0000000080c00000|100%| O|  |TAMS 0x0000000080c00000, 0x0000000080b00000| Untracked 
|  12|0x0000000080c00000, 0x0000000080d00000, 0x0000000080d00000|100%| O|  |TAMS 0x0000000080d00000, 0x0000000080c00000| Untracked 
|  13|0x0000000080d00000, 0x0000000080e00000, 0x0000000080e00000|100%| O|  |TAMS 0x0000000080e00000, 0x0000000080d00000| Complete 
|  14|0x0000000080e00000, 0x0000000080f00000, 0x0000000080f00000|100%|HS|  |TAMS 0x0000000080f00000, 0x0000000080e00000| Complete 
|  15|0x0000000080f00000, 0x0000000081000000, 0x0000000081000000|100%|HC|  |TAMS 0x0000000081000000, 0x0000000080f00000| Complete 
|  16|0x0000000081000000, 0x0000000081100000, 0x0000000081100000|100%|HS|  |TAMS 0x0000000081100000, 0x0000000081000000| Complete 
|  17|0x0000000081100000, 0x0000000081200000, 0x0000000081200000|100%|HC|  |TAMS 0x0000000081200000, 0x0000000081100000| Complete 
|  18|0x0000000081200000, 0x0000000081300000, 0x0000000081300000|100%|HC|  |TAMS 0x0000000081300000, 0x0000000081200000| Complete 
|  19|0x0000000081300000, 0x0000000081400000, 0x0000000081400000|100%|HS|  |TAMS 0x0000000081400000, 0x0000000081300000| Complete 
|  20|0x0000000081400000, 0x0000000081500000, 0x0000000081500000|100%|HS|  |TAMS 0x0000000081500000, 0x0000000081400000| Complete 
|  21|0x0000000081500000, 0x0000000081600000, 0x0000000081600000|100%|HC|  |TAMS 0x0000000081600000, 0x0000000081500000| Complete 
|  22|0x0000000081600000, 0x0000000081700000, 0x0000000081700000|100%|HC|  |TAMS 0x0000000081700000, 0x0000000081600000| Complete 
|  23|0x0000000081700000, 0x0000000081800000, 0x0000000081800000|100%|HC|  |TAMS 0x0000000081800000, 0x0000000081700000| Complete 
|  24|0x0000000081800000, 0x0000000081900000, 0x0000000081900000|100%| O|  |TAMS 0x0000000081900000, 0x0000000081800000| Untracked 
|  25|0x0000000081900000, 0x0000000081a00000, 0x0000000081a00000|100%| O|  |TAMS 0x0000000081a00000, 0x0000000081900000| Complete 
|  26|0x0000000081a00000, 0x0000000081b00000, 0x0000000081b00000|100%| O|  |TAMS 0x0000000081b00000, 0x0000000081a00000| Untracked 
|  27|0x0000000081b00000, 0x0000000081c00000, 0x0000000081c00000|100%| O|  |TAMS 0x0000000081c00000, 0x0000000081b00000| Complete 
|  28|0x0000000081c00000, 0x0000000081d00000, 0x0000000081d00000|100%| O|  |TAMS 0x0000000081d00000, 0x0000000081c00000| Untracked 
|  29|0x0000000081d00000, 0x0000000081e00000, 0x0000000081e00000|100%| O|  |TAMS 0x0000000081e00000, 0x0000000081d00000| Untracked 
|  30|0x0000000081e00000, 0x0000000081f00000, 0x0000000081f00000|100%| O|  |TAMS 0x0000000081f00000, 0x0000000081e00000| Untracked 
|  31|0x0000000081f00000, 0x0000000082000000, 0x0000000082000000|100%| O|  |TAMS 0x0000000082000000, 0x0000000081f00000| Complete 
|  32|0x0000000082000000, 0x0000000082100000, 0x0000000082100000|100%| O|  |TAMS 0x0000000082100000, 0x0000000082000000| Complete 
|  33|0x0000000082100000, 0x0000000082200000, 0x0000000082200000|100%| O|  |TAMS 0x0000000082200000, 0x0000000082100000| Complete 
|  34|0x0000000082200000, 0x0000000082300000, 0x0000000082300000|100%| O|  |TAMS 0x0000000082300000, 0x0000000082200000| Complete 
|  35|0x0000000082300000, 0x0000000082400000, 0x0000000082400000|100%|HS|  |TAMS 0x0000000082400000, 0x0000000082300000| Complete 
|  36|0x0000000082400000, 0x0000000082500000, 0x0000000082500000|100%|HS|  |TAMS 0x0000000082500000, 0x0000000082400000| Complete 
|  37|0x0000000082500000, 0x0000000082600000, 0x0000000082600000|100%|HC|  |TAMS 0x0000000082600000, 0x0000000082500000| Complete 
|  38|0x0000000082600000, 0x0000000082700000, 0x0000000082700000|100%|HC|  |TAMS 0x0000000082700000, 0x0000000082600000| Complete 
|  39|0x0000000082700000, 0x0000000082800000, 0x0000000082800000|100%| O|  |TAMS 0x0000000082800000, 0x0000000082700000| Untracked 
|  40|0x0000000082800000, 0x0000000082900000, 0x0000000082900000|100%|HS|  |TAMS 0x0000000082900000, 0x0000000082800000| Complete 
|  41|0x0000000082900000, 0x0000000082a00000, 0x0000000082a00000|100%|HC|  |TAMS 0x0000000082a00000, 0x0000000082900000| Complete 
|  42|0x0000000082a00000, 0x0000000082b00000, 0x0000000082b00000|100%|HC|  |TAMS 0x0000000082b00000, 0x0000000082a00000| Complete 
|  43|0x0000000082b00000, 0x0000000082c00000, 0x0000000082c00000|100%|HC|  |TAMS 0x0000000082c00000, 0x0000000082b00000| Complete 
|  44|0x0000000082c00000, 0x0000000082d00000, 0x0000000082d00000|100%| O|  |TAMS 0x0000000082d00000, 0x0000000082c00000| Complete 
|  45|0x0000000082d00000, 0x0000000082e00000, 0x0000000082e00000|100%| O|  |TAMS 0x0000000082e00000, 0x0000000082d00000| Complete 
|  46|0x0000000082e00000, 0x0000000082f00000, 0x0000000082f00000|100%| O|  |TAMS 0x0000000082f00000, 0x0000000082e00000| Untracked 
|  47|0x0000000082f00000, 0x0000000083000000, 0x0000000083000000|100%| O|  |TAMS 0x0000000083000000, 0x0000000082f00000| Complete 
|  48|0x0000000083000000, 0x0000000083065400, 0x0000000083100000| 39%| O|  |TAMS 0x0000000083065400, 0x0000000083000000| Untracked 
|  49|0x0000000083100000, 0x0000000083200000, 0x0000000083200000|100%| O|  |TAMS 0x0000000083200000, 0x0000000083100000| Complete 
|  50|0x0000000083200000, 0x0000000083300000, 0x0000000083300000|100%| O|  |TAMS 0x0000000083300000, 0x0000000083200000| Untracked 
|  51|0x0000000083300000, 0x0000000083400000, 0x0000000083400000|100%| O|  |TAMS 0x0000000083400000, 0x0000000083300000| Complete 
|  52|0x0000000083400000, 0x0000000083500000, 0x0000000083500000|100%| O|  |TAMS 0x0000000083500000, 0x0000000083400000| Untracked 
|  53|0x0000000083500000, 0x0000000083600000, 0x0000000083600000|100%| O|  |TAMS 0x0000000083600000, 0x0000000083500000| Untracked 
|  54|0x0000000083600000, 0x0000000083700000, 0x0000000083700000|100%| O|  |TAMS 0x0000000083700000, 0x0000000083600000| Untracked 
|  55|0x0000000083700000, 0x0000000083800000, 0x0000000083800000|100%|HS|  |TAMS 0x0000000083800000, 0x0000000083700000| Complete 
|  56|0x0000000083800000, 0x0000000083900000, 0x0000000083900000|100%|HS|  |TAMS 0x0000000083900000, 0x0000000083800000| Complete 
|  57|0x0000000083900000, 0x0000000083a00000, 0x0000000083a00000|100%|HS|  |TAMS 0x0000000083a00000, 0x0000000083900000| Complete 
|  58|0x0000000083a00000, 0x0000000083b00000, 0x0000000083b00000|100%|HC|  |TAMS 0x0000000083b00000, 0x0000000083a00000| Complete 
|  59|0x0000000083b00000, 0x0000000083c00000, 0x0000000083c00000|100%| O|  |TAMS 0x0000000083c00000, 0x0000000083b00000| Complete 
|  60|0x0000000083c00000, 0x0000000083d00000, 0x0000000083d00000|100%| O|  |TAMS 0x0000000083d00000, 0x0000000083c00000| Complete 
|  61|0x0000000083d00000, 0x0000000083e00000, 0x0000000083e00000|100%| O|  |TAMS 0x0000000083e00000, 0x0000000083d00000| Untracked 
|  62|0x0000000083e00000, 0x0000000083f00000, 0x0000000083f00000|100%| O|  |TAMS 0x0000000083f00000, 0x0000000083e00000| Complete 
|  63|0x0000000083f00000, 0x0000000084000000, 0x0000000084000000|100%| O|  |TAMS 0x0000000084000000, 0x0000000083f00000| Untracked 
|  64|0x0000000084000000, 0x0000000084100000, 0x0000000084100000|100%| O|  |TAMS 0x0000000084100000, 0x0000000084000000| Untracked 
|  65|0x0000000084100000, 0x0000000084200000, 0x0000000084200000|100%| O|  |TAMS 0x0000000084200000, 0x0000000084100000| Untracked 
|  66|0x0000000084200000, 0x0000000084300000, 0x0000000084300000|100%| O|  |TAMS 0x0000000084300000, 0x0000000084200000| Untracked 
|  67|0x0000000084300000, 0x0000000084400000, 0x0000000084400000|100%| O|  |TAMS 0x0000000084400000, 0x0000000084300000| Untracked 
|  68|0x0000000084400000, 0x0000000084500000, 0x0000000084500000|100%| O|  |TAMS 0x0000000084500000, 0x0000000084400000| Untracked 
|  69|0x0000000084500000, 0x0000000084600000, 0x0000000084600000|100%| O|  |TAMS 0x0000000084600000, 0x0000000084500000| Untracked 
|  70|0x0000000084600000, 0x0000000084700000, 0x0000000084700000|100%| O|  |TAMS 0x0000000084700000, 0x0000000084600000| Complete 
|  71|0x0000000084700000, 0x0000000084800000, 0x0000000084800000|100%| O|  |TAMS 0x0000000084800000, 0x0000000084700000| Complete 
|  72|0x0000000084800000, 0x0000000084900000, 0x0000000084900000|100%| O|  |TAMS 0x0000000084900000, 0x0000000084800000| Untracked 
|  73|0x0000000084900000, 0x0000000084a00000, 0x0000000084a00000|100%| O|  |TAMS 0x0000000084a00000, 0x0000000084900000| Complete 
|  74|0x0000000084a00000, 0x0000000084b00000, 0x0000000084b00000|100%| O|  |TAMS 0x0000000084b00000, 0x0000000084a00000| Complete 
|  75|0x0000000084b00000, 0x0000000084c00000, 0x0000000084c00000|100%| O|  |TAMS 0x0000000084c00000, 0x0000000084b00000| Complete 
|  76|0x0000000084c00000, 0x0000000084d00000, 0x0000000084d00000|100%| O|  |TAMS 0x0000000084d00000, 0x0000000084c00000| Complete 
|  77|0x0000000084d00000, 0x0000000084e00000, 0x0000000084e00000|100%|HS|  |TAMS 0x0000000084e00000, 0x0000000084d00000| Complete 
|  78|0x0000000084e00000, 0x0000000084f00000, 0x0000000084f00000|100%|HC|  |TAMS 0x0000000084f00000, 0x0000000084e00000| Complete 
|  79|0x0000000084f00000, 0x0000000085000000, 0x0000000085000000|100%|HS|  |TAMS 0x0000000085000000, 0x0000000084f00000| Complete 
|  80|0x0000000085000000, 0x0000000085100000, 0x0000000085100000|100%|HC|  |TAMS 0x0000000085100000, 0x0000000085000000| Complete 
|  81|0x0000000085100000, 0x0000000085200000, 0x0000000085200000|100%|HC|  |TAMS 0x0000000085200000, 0x0000000085100000| Complete 
|  82|0x0000000085200000, 0x0000000085300000, 0x0000000085300000|100%|HS|  |TAMS 0x0000000085300000, 0x0000000085200000| Complete 
|  83|0x0000000085300000, 0x0000000085400000, 0x0000000085400000|100%|HS|  |TAMS 0x0000000085400000, 0x0000000085300000| Complete 
|  84|0x0000000085400000, 0x0000000085500000, 0x0000000085500000|100%|HC|  |TAMS 0x0000000085500000, 0x0000000085400000| Complete 
|  85|0x0000000085500000, 0x0000000085600000, 0x0000000085600000|100%|HC|  |TAMS 0x0000000085600000, 0x0000000085500000| Complete 
|  86|0x0000000085600000, 0x0000000085700000, 0x0000000085700000|100%|HC|  |TAMS 0x0000000085700000, 0x0000000085600000| Complete 
|  87|0x0000000085700000, 0x0000000085800000, 0x0000000085800000|100%| O|  |TAMS 0x0000000085800000, 0x0000000085700000| Complete 
|  88|0x0000000085800000, 0x0000000085900000, 0x0000000085900000|100%| O|  |TAMS 0x0000000085900000, 0x0000000085800000| Complete 
|  89|0x0000000085900000, 0x0000000085a00000, 0x0000000085a00000|100%|HS|  |TAMS 0x0000000085900000, 0x0000000085900000| Complete 
|  90|0x0000000085a00000, 0x0000000085b00000, 0x0000000085b00000|100%| O|  |TAMS 0x0000000085b00000, 0x0000000085a00000| Untracked 
|  91|0x0000000085b00000, 0x0000000085c00000, 0x0000000085c00000|100%| O|  |TAMS 0x0000000085c00000, 0x0000000085b00000| Untracked 
|  92|0x0000000085c00000, 0x0000000085d00000, 0x0000000085d00000|100%| O|  |TAMS 0x0000000085d00000, 0x0000000085c00000| Complete 
|  93|0x0000000085d00000, 0x0000000085e00000, 0x0000000085e00000|100%| O|  |TAMS 0x0000000085e00000, 0x0000000085d00000| Untracked 
|  94|0x0000000085e00000, 0x0000000085f00000, 0x0000000085f00000|100%| O|  |TAMS 0x0000000085f00000, 0x0000000085e00000| Complete 
|  95|0x0000000085f00000, 0x0000000086000000, 0x0000000086000000|100%| O|  |TAMS 0x0000000086000000, 0x0000000085f00000| Complete 
|  96|0x0000000086000000, 0x0000000086100000, 0x0000000086100000|100%| O|  |TAMS 0x0000000086100000, 0x0000000086000000| Complete 
|  97|0x0000000086100000, 0x0000000086200000, 0x0000000086200000|100%| O|  |TAMS 0x0000000086200000, 0x0000000086100000| Complete 
|  98|0x0000000086200000, 0x0000000086300000, 0x0000000086300000|100%| O|  |TAMS 0x0000000086300000, 0x0000000086200000| Untracked 
|  99|0x0000000086300000, 0x0000000086400000, 0x0000000086400000|100%| O|  |TAMS 0x0000000086400000, 0x0000000086300000| Untracked 
| 100|0x0000000086400000, 0x0000000086500000, 0x0000000086500000|100%| O|  |TAMS 0x0000000086500000, 0x0000000086400000| Untracked 
| 101|0x0000000086500000, 0x0000000086600000, 0x0000000086600000|100%| O|  |TAMS 0x0000000086600000, 0x0000000086500000| Complete 
| 102|0x0000000086600000, 0x0000000086700000, 0x0000000086700000|100%| O|  |TAMS 0x0000000086700000, 0x0000000086600000| Complete 
| 103|0x0000000086700000, 0x0000000086800000, 0x0000000086800000|100%| O|  |TAMS 0x0000000086800000, 0x0000000086700000| Untracked 
| 104|0x0000000086800000, 0x0000000086900000, 0x0000000086900000|100%| O|  |TAMS 0x0000000086900000, 0x0000000086800000| Complete 
| 105|0x0000000086900000, 0x0000000086a00000, 0x0000000086a00000|100%|HS|  |TAMS 0x0000000086900000, 0x0000000086900000| Complete 
| 106|0x0000000086a00000, 0x0000000086b00000, 0x0000000086b00000|100%| O|  |TAMS 0x0000000086b00000, 0x0000000086a00000| Complete 
| 107|0x0000000086b00000, 0x0000000086c00000, 0x0000000086c00000|100%| O|  |TAMS 0x0000000086c00000, 0x0000000086b00000| Untracked 
| 108|0x0000000086c00000, 0x0000000086d00000, 0x0000000086d00000|100%| O|  |TAMS 0x0000000086d00000, 0x0000000086c00000| Complete 
| 109|0x0000000086d00000, 0x0000000086e00000, 0x0000000086e00000|100%|HS|  |TAMS 0x0000000086d00000, 0x0000000086d00000| Complete 
| 110|0x0000000086e00000, 0x0000000086f00000, 0x0000000086f00000|100%| O|  |TAMS 0x0000000086f00000, 0x0000000086e00000| Complete 
| 111|0x0000000086f00000, 0x0000000087000000, 0x0000000087000000|100%| O|  |TAMS 0x0000000087000000, 0x0000000086f00000| Untracked 
| 112|0x0000000087000000, 0x0000000087100000, 0x0000000087100000|100%| O|  |TAMS 0x0000000087100000, 0x0000000087000000| Untracked 
| 113|0x0000000087100000, 0x0000000087200000, 0x0000000087200000|100%| O|  |TAMS 0x0000000087200000, 0x0000000087100000| Untracked 
| 114|0x0000000087200000, 0x0000000087300000, 0x0000000087300000|100%| O|  |TAMS 0x0000000087300000, 0x0000000087200000| Complete 
| 115|0x0000000087300000, 0x0000000087400000, 0x0000000087400000|100%| O|  |TAMS 0x0000000087400000, 0x0000000087300000| Complete 
| 116|0x0000000087400000, 0x0000000087500000, 0x0000000087500000|100%| O|  |TAMS 0x0000000087500000, 0x0000000087400000| Complete 
| 117|0x0000000087500000, 0x0000000087600000, 0x0000000087600000|100%| O|  |TAMS 0x0000000087600000, 0x0000000087500000| Complete 
| 118|0x0000000087600000, 0x0000000087700000, 0x0000000087700000|100%| O|  |TAMS 0x0000000087700000, 0x0000000087600000| Untracked 
| 119|0x0000000087700000, 0x0000000087800000, 0x0000000087800000|100%| O|  |TAMS 0x0000000087800000, 0x0000000087700000| Untracked 
| 120|0x0000000087800000, 0x0000000087900000, 0x0000000087900000|100%| O|  |TAMS 0x0000000087900000, 0x0000000087800000| Complete 
| 121|0x0000000087900000, 0x0000000087a00000, 0x0000000087a00000|100%| O|  |TAMS 0x0000000087a00000, 0x0000000087900000| Complete 
| 122|0x0000000087a00000, 0x0000000087b00000, 0x0000000087b00000|100%| O|  |TAMS 0x0000000087b00000, 0x0000000087a00000| Untracked 
| 123|0x0000000087b00000, 0x0000000087c00000, 0x0000000087c00000|100%| O|  |TAMS 0x0000000087c00000, 0x0000000087b00000| Untracked 
| 124|0x0000000087c00000, 0x0000000087d00000, 0x0000000087d00000|100%| O|  |TAMS 0x0000000087d00000, 0x0000000087c00000| Untracked 
| 125|0x0000000087d00000, 0x0000000087e00000, 0x0000000087e00000|100%| O|  |TAMS 0x0000000087e00000, 0x0000000087d00000| Untracked 
| 126|0x0000000087e00000, 0x0000000087f00000, 0x0000000087f00000|100%| O|  |TAMS 0x0000000087f00000, 0x0000000087e00000| Untracked 
| 127|0x0000000087f00000, 0x0000000088000000, 0x0000000088000000|100%| O|  |TAMS 0x0000000088000000, 0x0000000087f00000| Untracked 
| 128|0x0000000088000000, 0x0000000088100000, 0x0000000088100000|100%| O|  |TAMS 0x0000000088100000, 0x0000000088000000| Untracked 
| 129|0x0000000088100000, 0x0000000088100000, 0x0000000088200000|  0%| F|  |TAMS 0x0000000088100000, 0x0000000088100000| Untracked 
| 130|0x0000000088200000, 0x0000000088200000, 0x0000000088300000|  0%| F|  |TAMS 0x0000000088200000, 0x0000000088200000| Untracked 
| 131|0x0000000088300000, 0x0000000088400000, 0x0000000088400000|100%| O|  |TAMS 0x0000000088400000, 0x0000000088300000| Untracked 
| 132|0x0000000088400000, 0x0000000088400000, 0x0000000088500000|  0%| F|  |TAMS 0x0000000088400000, 0x0000000088400000| Untracked 
| 133|0x0000000088500000, 0x0000000088600000, 0x0000000088600000|100%| O|  |TAMS 0x0000000088600000, 0x0000000088500000| Untracked 
| 134|0x0000000088600000, 0x0000000088700000, 0x0000000088700000|100%| O|  |TAMS 0x0000000088700000, 0x0000000088600000| Complete 
| 135|0x0000000088700000, 0x0000000088800000, 0x0000000088800000|100%| O|  |TAMS 0x0000000088800000, 0x0000000088700000| Untracked 
| 136|0x0000000088800000, 0x0000000088900000, 0x0000000088900000|100%| O|  |TAMS 0x0000000088900000, 0x0000000088800000| Complete 
| 137|0x0000000088900000, 0x0000000088900000, 0x0000000088a00000|  0%| F|  |TAMS 0x0000000088900000, 0x0000000088900000| Untracked 
| 138|0x0000000088a00000, 0x0000000088a00000, 0x0000000088b00000|  0%| F|  |TAMS 0x0000000088a00000, 0x0000000088a00000| Untracked 
| 139|0x0000000088b00000, 0x0000000088b00000, 0x0000000088c00000|  0%| F|  |TAMS 0x0000000088b00000, 0x0000000088b00000| Untracked 
| 140|0x0000000088c00000, 0x0000000088c00000, 0x0000000088d00000|  0%| F|  |TAMS 0x0000000088c00000, 0x0000000088c00000| Untracked 
| 141|0x0000000088d00000, 0x0000000088d00000, 0x0000000088e00000|  0%| F|  |TAMS 0x0000000088d00000, 0x0000000088d00000| Untracked 
| 142|0x0000000088e00000, 0x0000000088e00000, 0x0000000088f00000|  0%| F|  |TAMS 0x0000000088e00000, 0x0000000088e00000| Untracked 
| 143|0x0000000088f00000, 0x0000000088f00000, 0x0000000089000000|  0%| F|  |TAMS 0x0000000088f00000, 0x0000000088f00000| Untracked 
| 144|0x0000000089000000, 0x0000000089000000, 0x0000000089100000|  0%| F|  |TAMS 0x0000000089000000, 0x0000000089000000| Untracked 
| 145|0x0000000089100000, 0x0000000089100000, 0x0000000089200000|  0%| F|  |TAMS 0x0000000089100000, 0x0000000089100000| Untracked 
| 146|0x0000000089200000, 0x0000000089200000, 0x0000000089300000|  0%| F|  |TAMS 0x0000000089200000, 0x0000000089200000| Untracked 
| 147|0x0000000089300000, 0x0000000089300000, 0x0000000089400000|  0%| F|  |TAMS 0x0000000089300000, 0x0000000089300000| Untracked 
| 148|0x0000000089400000, 0x0000000089400000, 0x0000000089500000|  0%| F|  |TAMS 0x0000000089400000, 0x0000000089400000| Untracked 
| 149|0x0000000089500000, 0x0000000089500000, 0x0000000089600000|  0%| F|  |TAMS 0x0000000089500000, 0x0000000089500000| Untracked 
| 150|0x0000000089600000, 0x0000000089600000, 0x0000000089700000|  0%| F|  |TAMS 0x0000000089600000, 0x0000000089600000| Untracked 
| 151|0x0000000089700000, 0x0000000089700000, 0x0000000089800000|  0%| F|  |TAMS 0x0000000089700000, 0x0000000089700000| Untracked 
| 152|0x0000000089800000, 0x0000000089800000, 0x0000000089900000|  0%| F|  |TAMS 0x0000000089800000, 0x0000000089800000| Untracked 
| 153|0x0000000089900000, 0x0000000089900000, 0x0000000089a00000|  0%| F|  |TAMS 0x0000000089900000, 0x0000000089900000| Untracked 
| 154|0x0000000089a00000, 0x0000000089a00000, 0x0000000089b00000|  0%| F|  |TAMS 0x0000000089a00000, 0x0000000089a00000| Untracked 
| 155|0x0000000089b00000, 0x0000000089b00000, 0x0000000089c00000|  0%| F|  |TAMS 0x0000000089b00000, 0x0000000089b00000| Untracked 
| 156|0x0000000089c00000, 0x0000000089c00000, 0x0000000089d00000|  0%| F|  |TAMS 0x0000000089c00000, 0x0000000089c00000| Untracked 
| 157|0x0000000089d00000, 0x0000000089d00000, 0x0000000089e00000|  0%| F|  |TAMS 0x0000000089d00000, 0x0000000089d00000| Untracked 
| 158|0x0000000089e00000, 0x0000000089e00000, 0x0000000089f00000|  0%| F|  |TAMS 0x0000000089e00000, 0x0000000089e00000| Untracked 
| 159|0x0000000089f00000, 0x0000000089f00000, 0x000000008a000000|  0%| F|  |TAMS 0x0000000089f00000, 0x0000000089f00000| Untracked 
| 160|0x000000008a000000, 0x000000008a000000, 0x000000008a100000|  0%| F|  |TAMS 0x000000008a000000, 0x000000008a000000| Untracked 
| 161|0x000000008a100000, 0x000000008a100000, 0x000000008a200000|  0%| F|  |TAMS 0x000000008a100000, 0x000000008a100000| Untracked 
| 162|0x000000008a200000, 0x000000008a200000, 0x000000008a300000|  0%| F|  |TAMS 0x000000008a200000, 0x000000008a200000| Untracked 
| 163|0x000000008a300000, 0x000000008a300000, 0x000000008a400000|  0%| F|  |TAMS 0x000000008a300000, 0x000000008a300000| Untracked 
| 164|0x000000008a400000, 0x000000008a400000, 0x000000008a500000|  0%| F|  |TAMS 0x000000008a400000, 0x000000008a400000| Untracked 
| 165|0x000000008a500000, 0x000000008a500000, 0x000000008a600000|  0%| F|  |TAMS 0x000000008a500000, 0x000000008a500000| Untracked 
| 166|0x000000008a600000, 0x000000008a600000, 0x000000008a700000|  0%| F|  |TAMS 0x000000008a600000, 0x000000008a600000| Untracked 
| 167|0x000000008a700000, 0x000000008a700000, 0x000000008a800000|  0%| F|  |TAMS 0x000000008a700000, 0x000000008a700000| Untracked 
| 168|0x000000008a800000, 0x000000008a800000, 0x000000008a900000|  0%| F|  |TAMS 0x000000008a800000, 0x000000008a800000| Untracked 
| 169|0x000000008a900000, 0x000000008a900000, 0x000000008aa00000|  0%| F|  |TAMS 0x000000008a900000, 0x000000008a900000| Untracked 
| 170|0x000000008aa00000, 0x000000008aa00000, 0x000000008ab00000|  0%| F|  |TAMS 0x000000008aa00000, 0x000000008aa00000| Untracked 
| 171|0x000000008ab00000, 0x000000008ab00000, 0x000000008ac00000|  0%| F|  |TAMS 0x000000008ab00000, 0x000000008ab00000| Untracked 
| 172|0x000000008ac00000, 0x000000008ac00000, 0x000000008ad00000|  0%| F|  |TAMS 0x000000008ac00000, 0x000000008ac00000| Untracked 
| 173|0x000000008ad00000, 0x000000008ad00000, 0x000000008ae00000|  0%| F|  |TAMS 0x000000008ad00000, 0x000000008ad00000| Untracked 
| 174|0x000000008ae00000, 0x000000008ae00000, 0x000000008af00000|  0%| F|  |TAMS 0x000000008ae00000, 0x000000008ae00000| Untracked 
| 175|0x000000008af00000, 0x000000008af00000, 0x000000008b000000|  0%| F|  |TAMS 0x000000008af00000, 0x000000008af00000| Untracked 
| 176|0x000000008b000000, 0x000000008b000000, 0x000000008b100000|  0%| F|  |TAMS 0x000000008b000000, 0x000000008b000000| Untracked 
| 177|0x000000008b100000, 0x000000008b100000, 0x000000008b200000|  0%| F|  |TAMS 0x000000008b100000, 0x000000008b100000| Untracked 
| 178|0x000000008b200000, 0x000000008b200000, 0x000000008b300000|  0%| F|  |TAMS 0x000000008b200000, 0x000000008b200000| Untracked 
| 179|0x000000008b300000, 0x000000008b300000, 0x000000008b400000|  0%| F|  |TAMS 0x000000008b300000, 0x000000008b300000| Untracked 
| 180|0x000000008b400000, 0x000000008b400000, 0x000000008b500000|  0%| F|  |TAMS 0x000000008b400000, 0x000000008b400000| Untracked 
| 181|0x000000008b500000, 0x000000008b500000, 0x000000008b600000|  0%| F|  |TAMS 0x000000008b500000, 0x000000008b500000| Untracked 
| 182|0x000000008b600000, 0x000000008b600000, 0x000000008b700000|  0%| F|  |TAMS 0x000000008b600000, 0x000000008b600000| Untracked 
| 183|0x000000008b700000, 0x000000008b700000, 0x000000008b800000|  0%| F|  |TAMS 0x000000008b700000, 0x000000008b700000| Untracked 
| 184|0x000000008b800000, 0x000000008b800000, 0x000000008b900000|  0%| F|  |TAMS 0x000000008b800000, 0x000000008b800000| Untracked 
| 185|0x000000008b900000, 0x000000008b900000, 0x000000008ba00000|  0%| F|  |TAMS 0x000000008b900000, 0x000000008b900000| Untracked 
| 186|0x000000008ba00000, 0x000000008ba00000, 0x000000008bb00000|  0%| F|  |TAMS 0x000000008ba00000, 0x000000008ba00000| Untracked 
| 187|0x000000008bb00000, 0x000000008bb00000, 0x000000008bc00000|  0%| F|  |TAMS 0x000000008bb00000, 0x000000008bb00000| Untracked 
| 188|0x000000008bc00000, 0x000000008bc00000, 0x000000008bd00000|  0%| F|  |TAMS 0x000000008bc00000, 0x000000008bc00000| Untracked 
| 189|0x000000008bd00000, 0x000000008bd00000, 0x000000008be00000|  0%| F|  |TAMS 0x000000008bd00000, 0x000000008bd00000| Untracked 
| 190|0x000000008be00000, 0x000000008be00000, 0x000000008bf00000|  0%| F|  |TAMS 0x000000008be00000, 0x000000008be00000| Untracked 
| 191|0x000000008bf00000, 0x000000008bf00000, 0x000000008c000000|  0%| F|  |TAMS 0x000000008bf00000, 0x000000008bf00000| Untracked 
| 192|0x000000008c000000, 0x000000008c000000, 0x000000008c100000|  0%| F|  |TAMS 0x000000008c000000, 0x000000008c000000| Untracked 
| 193|0x000000008c100000, 0x000000008c100000, 0x000000008c200000|  0%| F|  |TAMS 0x000000008c100000, 0x000000008c100000| Untracked 
| 194|0x000000008c200000, 0x000000008c200000, 0x000000008c300000|  0%| F|  |TAMS 0x000000008c200000, 0x000000008c200000| Untracked 
| 195|0x000000008c300000, 0x000000008c300000, 0x000000008c400000|  0%| F|  |TAMS 0x000000008c300000, 0x000000008c300000| Untracked 
| 196|0x000000008c400000, 0x000000008c400000, 0x000000008c500000|  0%| F|  |TAMS 0x000000008c400000, 0x000000008c400000| Untracked 
| 197|0x000000008c500000, 0x000000008c500000, 0x000000008c600000|  0%| F|  |TAMS 0x000000008c500000, 0x000000008c500000| Untracked 
| 198|0x000000008c600000, 0x000000008c600000, 0x000000008c700000|  0%| F|  |TAMS 0x000000008c600000, 0x000000008c600000| Untracked 
| 199|0x000000008c700000, 0x000000008c700000, 0x000000008c800000|  0%| F|  |TAMS 0x000000008c700000, 0x000000008c700000| Untracked 
| 200|0x000000008c800000, 0x000000008c800000, 0x000000008c900000|  0%| F|  |TAMS 0x000000008c800000, 0x000000008c800000| Untracked 
| 201|0x000000008c900000, 0x000000008c900000, 0x000000008ca00000|  0%| F|  |TAMS 0x000000008c900000, 0x000000008c900000| Untracked 
| 202|0x000000008ca00000, 0x000000008ca00000, 0x000000008cb00000|  0%| F|  |TAMS 0x000000008ca00000, 0x000000008ca00000| Untracked 
| 203|0x000000008cb00000, 0x000000008cbe2220, 0x000000008cc00000| 88%| S|CS|TAMS 0x000000008cb00000, 0x000000008cb00000| Complete 
| 204|0x000000008cc00000, 0x000000008cd00000, 0x000000008cd00000|100%| S|CS|TAMS 0x000000008cc00000, 0x000000008cc00000| Complete 
| 205|0x000000008cd00000, 0x000000008cd00000, 0x000000008ce00000|  0%| F|  |TAMS 0x000000008cd00000, 0x000000008cd00000| Untracked 
| 206|0x000000008ce00000, 0x000000008ce00000, 0x000000008cf00000|  0%| F|  |TAMS 0x000000008ce00000, 0x000000008ce00000| Untracked 
| 207|0x000000008cf00000, 0x000000008d000000, 0x000000008d000000|100%| E|CS|TAMS 0x000000008cf00000, 0x000000008cf00000| Complete 
| 208|0x000000008d000000, 0x000000008d100000, 0x000000008d100000|100%| E|CS|TAMS 0x000000008d000000, 0x000000008d000000| Complete 
| 209|0x000000008d100000, 0x000000008d200000, 0x000000008d200000|100%| E|CS|TAMS 0x000000008d100000, 0x000000008d100000| Complete 
| 210|0x000000008d200000, 0x000000008d300000, 0x000000008d300000|100%| E|CS|TAMS 0x000000008d200000, 0x000000008d200000| Complete 
| 211|0x000000008d300000, 0x000000008d400000, 0x000000008d400000|100%| E|CS|TAMS 0x000000008d300000, 0x000000008d300000| Complete 
| 212|0x000000008d400000, 0x000000008d500000, 0x000000008d500000|100%| E|  |TAMS 0x000000008d400000, 0x000000008d400000| Complete 
| 213|0x000000008d500000, 0x000000008d600000, 0x000000008d600000|100%| E|CS|TAMS 0x000000008d500000, 0x000000008d500000| Complete 
| 214|0x000000008d600000, 0x000000008d700000, 0x000000008d700000|100%| E|CS|TAMS 0x000000008d600000, 0x000000008d600000| Complete 

Card table byte_map: [0x000001eef63b0000,0x000001eef67b0000] _byte_map_base: 0x000001eef5fb0000

Marking Bits (Prev, Next): (CMBitMap*) 0x000001eee2ec26c8, (CMBitMap*) 0x000001eee2ec2700
 Prev Bits: [0x000001eef6bb0000, 0x000001eef8bb0000)
 Next Bits: [0x000001eef8bb0000, 0x000001eefabb0000)

Polling page: 0x000001eee1450000

Metaspace:

Usage:
  Non-class:     98.23 MB capacity,    96.64 MB ( 98%) used,     1.29 MB (  1%) free+waste,   310.63 KB ( <1%) overhead. 
      Class:     14.87 MB capacity,    13.89 MB ( 93%) used,   867.63 KB (  6%) free+waste,   133.81 KB ( <1%) overhead. 
       Both:    113.10 MB capacity,   110.53 MB ( 98%) used,     2.14 MB (  2%) free+waste,   444.44 KB ( <1%) overhead. 

Virtual space:
  Non-class space:      100.00 MB reserved,      98.72 MB ( 99%) committed 
      Class space:        1.00 GB reserved,      15.07 MB (  1%) committed 
             Both:        1.10 GB reserved,     113.79 MB ( 10%) committed 

Chunk freelists:
   Non-Class:  374.00 KB
       Class:  165.00 KB
        Both:  539.00 KB

MaxMetaspaceSize: 17179869184.00 GB
CompressedClassSpaceSize: 1.00 GB
Initial GC threshold: 20.80 MB
Current GC threshold: 189.66 MB
CDS: off

CodeHeap 'non-profiled nmethods': size=120064Kb used=11803Kb max_used=12182Kb free=108260Kb
 bounds [0x000001eeee450000, 0x000001eeef050000, 0x000001eef5990000]
CodeHeap 'profiled nmethods': size=120000Kb used=37236Kb max_used=37876Kb free=82763Kb
 bounds [0x000001eee6f20000, 0x000001eee9420000, 0x000001eeee450000]
CodeHeap 'non-nmethods': size=5696Kb used=2459Kb max_used=2531Kb free=3236Kb
 bounds [0x000001eee6990000, 0x000001eee6c20000, 0x000001eee6f20000]
 total_blobs=17073 nmethods=16098 adapters=886
 compilation: enabled
              stopped_count=0, restarted_count=0
 full_count=0

Compilation events (20 events):
Event: 5164.092 Thread 0x000001eefd1dc800 nmethod 16944 0x000001eee7038310 code [0x000001eee7038fe0, 0x000001eee7044138]
Event: 5164.092 Thread 0x000001eefd1dc800 16952       3       org.apache.xerces.impl.dtd.XMLElementDecl::<init> (37 bytes)
Event: 5164.093 Thread 0x000001eefd1dc800 nmethod 16952 0x000001eee6fb1110 code [0x000001eee6fb1300, 0x000001eee6fb17b8]
Event: 5164.093 Thread 0x000001eefd1dc800 16945       3       org.apache.xerces.util.ParserConfigurationSettings::<init> (54 bytes)
Event: 5164.093 Thread 0x000001eefd1dc800 nmethod 16945 0x000001eee702f290 code [0x000001eee702f4e0, 0x000001eee702ff98]
Event: 5164.093 Thread 0x000001eefd1dc800 16946       3       org.apache.xerces.util.SymbolTable::<init> (9 bytes)
Event: 5164.093 Thread 0x000001eefd1dc800 nmethod 16946 0x000001eee702ee90 code [0x000001eee702f060, 0x000001eee702f1a8]
Event: 5164.093 Thread 0x000001eefd1dc800 16947       3       org.apache.xerces.util.SymbolTable::<init> (134 bytes)
Event: 5164.094 Thread 0x000001eefd1dc800 nmethod 16947 0x000001eee74ea090 code [0x000001eee74ea3c0, 0x000001eee74eb828]
Event: 5164.094 Thread 0x000001eefd1dc800 16948       3       org.apache.xerces.impl.XMLEntityManager::<init> (6 bytes)
Event: 5164.094 Thread 0x000001eefd1dc800 nmethod 16948 0x000001eee73ee610 code [0x000001eee73ee7c0, 0x000001eee73ee8e8]
Event: 5164.094 Thread 0x000001eefd1dc800 16949       3       org.apache.xerces.impl.XMLEntityManager::<init> (173 bytes)
Event: 5164.095 Thread 0x000001eefd1dc800 nmethod 16949 0x000001eee7209a10 code [0x000001eee7209d60, 0x000001eee720b3e8]
Event: 5164.095 Thread 0x000001eefd1dc800 16950       3       org.apache.xerces.impl.XMLEntityManager$CharacterBufferPool::<init> (8 bytes)
Event: 5164.095 Thread 0x000001eefd1dc800 nmethod 16950 0x000001eee74e9b90 code [0x000001eee74e9d60, 0x000001eee74e9f68]
Event: 5164.382 Thread 0x000001eefd1dc800 16954       3       org.apache.xerces.impl.XMLDocumentFragmentScannerImpl::scanXMLDeclOrTextDecl (151 bytes)
Event: 5164.383 Thread 0x000001eefd1dc800 nmethod 16954 0x000001eee702e010 code [0x000001eee702e240, 0x000001eee702e948]
Event: 5164.386 Thread 0x000001eefd1dc800 16956       3       org.apache.xerces.dom.CoreDocumentImpl::getNodeListCache (69 bytes)
Event: 5164.386 Thread 0x000001eefd1dc800 nmethod 16956 0x000001eee752c310 code [0x000001eee752c4e0, 0x000001eee752c918]
Event: 5164.386 Thread 0x000001eefd1dc800 16955       3       org.apache.xerces.impl.XMLEntityManager$CharacterBufferPool::returnBuffer (73 bytes)

GC Heap History (20 events):
Event: 153.443 GC heap after
{Heap after GC invocations=34 (full 0):
 garbage-first heap   total 220160K, used 123394K [0x0000000080000000, 0x0000000100000000)
  region size 1024K, 6 young (6144K), 6 survivors (6144K)
 Metaspace       used 107049K, capacity 109661K, committed 109868K, reserved 1144832K
  class space    used 13682K, capacity 14624K, committed 14668K, reserved 1048576K
}
Event: 174.037 GC heap before
{Heap before GC invocations=34 (full 0):
 garbage-first heap   total 220160K, used 185858K [0x0000000080000000, 0x0000000100000000)
  region size 1024K, 67 young (68608K), 6 survivors (6144K)
 Metaspace       used 107985K, capacity 110626K, committed 110764K, reserved 1144832K
  class space    used 13767K, capacity 14723K, committed 14796K, reserved 1048576K
}
Event: 174.045 GC heap after
{Heap after GC invocations=35 (full 0):
 garbage-first heap   total 220160K, used 125479K [0x0000000080000000, 0x0000000100000000)
  region size 1024K, 5 young (5120K), 5 survivors (5120K)
 Metaspace       used 107985K, capacity 110626K, committed 110764K, reserved 1144832K
  class space    used 13767K, capacity 14723K, committed 14796K, reserved 1048576K
}
Event: 2366.016 GC heap before
{Heap before GC invocations=36 (full 0):
 garbage-first heap   total 220160K, used 185895K [0x0000000080000000, 0x0000000100000000)
  region size 1024K, 65 young (66560K), 5 survivors (5120K)
 Metaspace       used 108978K, capacity 111887K, committed 112172K, reserved 1146880K
  class space    used 13862K, capacity 14878K, committed 14924K, reserved 1048576K
}
Event: 2366.063 GC heap after
{Heap after GC invocations=37 (full 0):
 garbage-first heap   total 220160K, used 126301K [0x0000000080000000, 0x0000000100000000)
  region size 1024K, 4 young (4096K), 4 survivors (4096K)
 Metaspace       used 108978K, capacity 111887K, committed 112172K, reserved 1146880K
  class space    used 13862K, capacity 14878K, committed 14924K, reserved 1048576K
}
Event: 5142.010 GC heap before
{Heap before GC invocations=37 (full 0):
 garbage-first heap   total 220160K, used 186717K [0x0000000080000000, 0x0000000100000000)
  region size 1024K, 64 young (65536K), 4 survivors (4096K)
 Metaspace       used 109143K, capacity 112033K, committed 112172K, reserved 1146880K
  class space    used 13877K, capacity 14896K, committed 14924K, reserved 1048576K
}
Event: 5142.092 GC heap after
{Heap after GC invocations=38 (full 0):
 garbage-first heap   total 220160K, used 126892K [0x0000000080000000, 0x0000000100000000)
  region size 1024K, 4 young (4096K), 4 survivors (4096K)
 Metaspace       used 109143K, capacity 112033K, committed 112172K, reserved 1146880K
  class space    used 13877K, capacity 14896K, committed 14924K, reserved 1048576K
}
Event: 5143.878 GC heap before
{Heap before GC invocations=39 (full 0):
 garbage-first heap   total 220160K, used 187308K [0x0000000080000000, 0x0000000100000000)
  region size 1024K, 64 young (65536K), 4 survivors (4096K)
 Metaspace       used 110037K, capacity 112714K, committed 113708K, reserved 1148928K
  class space    used 13885K, capacity 14798K, committed 15180K, reserved 1048576K
}
Event: 5143.896 GC heap after
{Heap after GC invocations=40 (full 0):
 garbage-first heap   total 220160K, used 132752K [0x0000000080000000, 0x0000000100000000)
  region size 1024K, 8 young (8192K), 8 survivors (8192K)
 Metaspace       used 110037K, capacity 112714K, committed 113708K, reserved 1148928K
  class space    used 13885K, capacity 14798K, committed 15180K, reserved 1048576K
}
Event: 5143.945 GC heap before
{Heap before GC invocations=40 (full 0):
 garbage-first heap   total 220160K, used 134800K [0x0000000080000000, 0x0000000100000000)
  region size 1024K, 10 young (10240K), 8 survivors (8192K)
 Metaspace       used 110156K, capacity 112822K, committed 113964K, reserved 1148928K
  class space    used 13901K, capacity 14834K, committed 15180K, reserved 1048576K
}
Event: 5143.980 GC heap after
{Heap after GC invocations=41 (full 0):
 garbage-first heap   total 220160K, used 130460K [0x0000000080000000, 0x0000000100000000)
  region size 1024K, 2 young (2048K), 2 survivors (2048K)
 Metaspace       used 110156K, capacity 112822K, committed 113964K, reserved 1148928K
  class space    used 13901K, capacity 14834K, committed 15180K, reserved 1048576K
}
Event: 5146.478 GC heap before
{Heap before GC invocations=41 (full 0):
 garbage-first heap   total 220160K, used 183708K [0x0000000080000000, 0x0000000100000000)
  region size 1024K, 55 young (56320K), 2 survivors (2048K)
 Metaspace       used 111963K, capacity 114773K, committed 115372K, reserved 1148928K
  class space    used 14122K, capacity 15135K, committed 15308K, reserved 1048576K
}
Event: 5146.487 GC heap after
{Heap after GC invocations=42 (full 0):
 garbage-first heap   total 220160K, used 134176K [0x0000000080000000, 0x0000000100000000)
  region size 1024K, 5 young (5120K), 5 survivors (5120K)
 Metaspace       used 111963K, capacity 114773K, committed 115372K, reserved 1148928K
  class space    used 14122K, capacity 15135K, committed 15308K, reserved 1048576K
}
Event: 5156.265 GC heap before
{Heap before GC invocations=43 (full 0):
 garbage-first heap   total 220160K, used 184352K [0x0000000080000000, 0x0000000100000000)
  region size 1024K, 55 young (56320K), 5 survivors (5120K)
 Metaspace       used 113058K, capacity 115691K, committed 116268K, reserved 1150976K
  class space    used 14226K, capacity 15228K, committed 15436K, reserved 1048576K
}
Event: 5157.269 GC heap after
{Heap after GC invocations=44 (full 0):
 garbage-first heap   total 220160K, used 136873K [0x0000000080000000, 0x0000000100000000)
  region size 1024K, 4 young (4096K), 4 survivors (4096K)
 Metaspace       used 113058K, capacity 115691K, committed 116268K, reserved 1150976K
  class space    used 14226K, capacity 15228K, committed 15436K, reserved 1048576K
}
Event: 5160.861 GC heap before
{Heap before GC invocations=44 (full 0):
 garbage-first heap   total 220160K, used 143017K [0x0000000080000000, 0x0000000100000000)
  region size 1024K, 10 young (10240K), 4 survivors (4096K)
 Metaspace       used 113115K, capacity 115755K, committed 116524K, reserved 1150976K
  class space    used 14226K, capacity 15228K, committed 15436K, reserved 1048576K
}
Event: 5161.320 GC heap after
{Heap after GC invocations=45 (full 0):
 garbage-first heap   total 220160K, used 133430K [0x0000000080000000, 0x0000000100000000)
  region size 1024K, 2 young (2048K), 2 survivors (2048K)
 Metaspace       used 113115K, capacity 115755K, committed 116524K, reserved 1150976K
  class space    used 14226K, capacity 15228K, committed 15436K, reserved 1048576K
}
Event: 5162.166 GC heap before
{Heap before GC invocations=45 (full 0):
 garbage-first heap   total 220160K, used 140598K [0x0000000080000000, 0x0000000100000000)
  region size 1024K, 10 young (10240K), 2 survivors (2048K)
 Metaspace       used 113139K, capacity 115755K, committed 116524K, reserved 1150976K
  class space    used 14226K, capacity 15228K, committed 15436K, reserved 1048576K
}
Event: 5162.896 GC heap after
{Heap after GC invocations=46 (full 0):
 garbage-first heap   total 220160K, used 132096K [0x0000000080000000, 0x0000000100000000)
  region size 1024K, 2 young (2048K), 2 survivors (2048K)
 Metaspace       used 113139K, capacity 115755K, committed 116524K, reserved 1150976K
  class space    used 14226K, capacity 15228K, committed 15436K, reserved 1048576K
}
Event: 5164.423 GC heap before
{Heap before GC invocations=46 (full 0):
 garbage-first heap   total 220160K, used 140288K [0x0000000080000000, 0x0000000100000000)
  region size 1024K, 10 young (10240K), 2 survivors (2048K)
 Metaspace       used 113156K, capacity 115755K, committed 116524K, reserved 1150976K
  class space    used 14226K, capacity 15228K, committed 15436K, reserved 1048576K
}

Deoptimization events (20 events):
Event: 5151.359 Thread 0x000001ee80f82000 Uncommon trap: trap_request=0xffffff4d fr.pc=0x000001eeee465b84 relative=0x00000000000002c4
Event: 5151.359 Thread 0x000001ee80f82000 Uncommon trap: reason=unstable_if action=reinterpret pc=0x000001eeee465b84 method=java.lang.String.getChars(II[CI)V @ 23 c2
Event: 5151.359 Thread 0x000001ee80f82000 DEOPT PACKING pc=0x000001eeee465b84 sp=0x000000d19b1f9dd0
Event: 5151.359 Thread 0x000001ee80f82000 DEOPT UNPACKING pc=0x000001eee69985af sp=0x000000d19b1f9d90 mode 2
Event: 5151.698 Thread 0x000001ee80f82000 Uncommon trap: trap_request=0xffffff4d fr.pc=0x000001eeee574588 relative=0x0000000000000268
Event: 5151.698 Thread 0x000001ee80f82000 Uncommon trap: reason=unstable_if action=reinterpret pc=0x000001eeee574588 method=java.lang.AbstractStringBuilder.appendChars([CII)V @ 43 c2
Event: 5151.699 Thread 0x000001ee80f82000 DEOPT PACKING pc=0x000001eeee574588 sp=0x000000d19b1f9c90
Event: 5151.701 Thread 0x000001ee80f82000 DEOPT UNPACKING pc=0x000001eee69985af sp=0x000000d19b1f9c08 mode 2
Event: 5151.701 Thread 0x000001ee80f82000 Uncommon trap: trap_request=0xffffff4d fr.pc=0x000001eeee4f4348 relative=0x0000000000000388
Event: 5151.701 Thread 0x000001ee80f82000 Uncommon trap: reason=unstable_if action=reinterpret pc=0x000001eeee4f4348 method=java.lang.StringBuilder.toString()Ljava/lang/String; @ 4 c2
Event: 5151.701 Thread 0x000001ee80f82000 DEOPT PACKING pc=0x000001eeee4f4348 sp=0x000000d19b1f9d40
Event: 5151.701 Thread 0x000001ee80f82000 DEOPT UNPACKING pc=0x000001eee69985af sp=0x000000d19b1f9d20 mode 2
Event: 5155.140 Thread 0x000001ee80f82000 DEOPT PACKING pc=0x000001eee6f66f1e sp=0x000000d19b1f9d10
Event: 5155.140 Thread 0x000001ee80f82000 DEOPT UNPACKING pc=0x000001eee69d9d0e sp=0x000000d19b1f9250 mode 0
Event: 5156.110 Thread 0x000001ee80f82000 Uncommon trap: trap_request=0xffffff4d fr.pc=0x000001eeee8bc580 relative=0x00000000000005a0
Event: 5156.110 Thread 0x000001ee80f82000 Uncommon trap: reason=unstable_if action=reinterpret pc=0x000001eeee8bc580 method=org.apache.xerces.impl.XMLEntityScanner.scanLiteral(ILorg/apache/xerces/xni/XMLString;)I @ 43 c2
Event: 5156.110 Thread 0x000001ee80f82000 DEOPT PACKING pc=0x000001eeee8bc580 sp=0x000000d19b1f9a00
Event: 5156.110 Thread 0x000001ee80f82000 DEOPT UNPACKING pc=0x000001eee69985af sp=0x000000d19b1f9980 mode 2
Event: 5162.929 Thread 0x000001ee80f82000 DEOPT PACKING pc=0x000001eee6fc9dc6 sp=0x000000d19b1f9b60
Event: 5162.929 Thread 0x000001ee80f82000 DEOPT UNPACKING pc=0x000001eee69d9d0e sp=0x000000d19b1f8fc0 mode 0

Classes redefined (0 events):
No events

Internal exceptions (20 events):
Event: 5143.691 Thread 0x000001ee8402f000 Exception <a 'sun/nio/fs/WindowsException'{0x000000008a8be1a0}> (0x000000008a8be1a0) thrown at [./src/hotspot/share/prims/jni.cpp, line 615]
Event: 5143.691 Thread 0x000001ee8402f000 Exception <a 'sun/nio/fs/WindowsException'{0x000000008a8bf568}> (0x000000008a8bf568) thrown at [./src/hotspot/share/prims/jni.cpp, line 615]
Event: 5143.691 Thread 0x000001ee8402f000 Exception <a 'sun/nio/fs/WindowsException'{0x000000008a8c0930}> (0x000000008a8c0930) thrown at [./src/hotspot/share/prims/jni.cpp, line 615]
Event: 5143.743 Thread 0x000001ee8402f000 Exception <a 'java/lang/NoSuchMethodError'{0x000000008a333830}: 'java.lang.Object java.lang.invoke.Invokers$Holder.linkToTargetMethod(java.lang.Object, int, int, java.lang.Object)'> (0x000000008a333830) thrown at [./src/hotspot/share/interpreter/linkResolver.cpp, line 773]
Event: 5144.013 Thread 0x000001ee8402c800 Exception <a 'java/lang/NoSuchMethodError'{0x000000008d687da0}: <clinit>> (0x000000008d687da0) thrown at [./src/hotspot/share/prims/jni.cpp, line 1365]
Event: 5144.015 Thread 0x000001ee8402c800 Exception <a 'java/lang/NoSuchMethodError'{0x000000008d6922f0}: <clinit>> (0x000000008d6922f0) thrown at [./src/hotspot/share/prims/jni.cpp, line 1365]
Event: 5144.017 Thread 0x000001ee8402c800 Exception <a 'java/lang/NoSuchMethodError'{0x000000008d50f808}: <clinit>> (0x000000008d50f808) thrown at [./src/hotspot/share/prims/jni.cpp, line 1365]
Event: 5144.023 Thread 0x000001ee8402c800 Exception <a 'java/lang/NoSuchMethodError'{0x000000008d523100}: <clinit>> (0x000000008d523100) thrown at [./src/hotspot/share/prims/jni.cpp, line 1365]
Event: 5144.023 Thread 0x000001ee8402c800 Exception <a 'java/lang/NoSuchMethodError'{0x000000008d5243d8}: <clinit>> (0x000000008d5243d8) thrown at [./src/hotspot/share/prims/jni.cpp, line 1365]
Event: 5144.057 Thread 0x000001ee80f80000 Exception <a 'java/lang/NoSuchMethodError'{0x000000008d19b128}: <clinit>> (0x000000008d19b128) thrown at [./src/hotspot/share/prims/jni.cpp, line 1365]
Event: 5144.060 Thread 0x000001ee80f80000 Exception <a 'java/lang/NoSuchMethodError'{0x000000008d1c7e18}: <clinit>> (0x000000008d1c7e18) thrown at [./src/hotspot/share/prims/jni.cpp, line 1365]
Event: 5144.066 Thread 0x000001ee80f80000 Exception <a 'java/lang/NoSuchMethodError'{0x000000008d1ea6f8}: <clinit>> (0x000000008d1ea6f8) thrown at [./src/hotspot/share/prims/jni.cpp, line 1365]
Event: 5144.609 Thread 0x000001ee8402c800 Exception <a 'java/lang/NoSuchMethodError'{0x000000008cf65358}: <clinit>> (0x000000008cf65358) thrown at [./src/hotspot/share/prims/jni.cpp, line 1365]
Event: 5144.609 Thread 0x000001ee80f7f800 Exception <a 'java/lang/NoSuchMethodError'{0x000000008cf5a788}: 'java.lang.Object java.lang.invoke.DirectMethodHandle$Holder.invokeInterface(java.lang.Object, java.lang.Object, int)'> (0x000000008cf5a788) thrown at [./src/hotspot/share/interpreter/linkResolver.cpp, line 773]
Event: 5144.611 Thread 0x000001ee80f7f800 Exception <a 'java/lang/NoSuchMethodError'{0x000000008cf72e08}: 'void java.lang.invoke.DirectMethodHandle$Holder.invokeStatic(java.lang.Object, java.lang.Object, java.lang.Object, int)'> (0x000000008cf72e08) thrown at [./src/hotspot/share/interpreter/linkResolver.cpp, line 773]
Event: 5144.860 Thread 0x000001ee80f7f800 Implicit null exception at 0x000001eeee838377 to 0x000001eeee838500
Event: 5144.867 Thread 0x000001ee80e35000 Implicit null exception at 0x000001eeee90b6a5 to 0x000001eeee90f94c
Event: 5144.871 Thread 0x000001ee80f7f800 Implicit null exception at 0x000001eeeeeeddf3 to 0x000001eeeeeeee14
Event: 5145.578 Thread 0x000001ee80f7f800 Exception <a 'java/lang/NoSuchMethodError'{0x000000008b4fd3f0}: 'int java.lang.invoke.DirectMethodHandle$Holder.invokeStaticInit(java.lang.Object, java.lang.Object, java.lang.Object, java.lang.Object, java.lang.Object)'> (0x000000008b4fd3f0) thrown at [./src/hotspot/share/interpreter/linkResolver.cpp, line 773]
Event: 5145.668 Thread 0x000001ee8402c800 Exception <a 'java/lang/NoSuchMethodError'{0x000000008afc0c98}: <clinit>> (0x000000008afc0c98) thrown at [./src/hotspot/share/prims/jni.cpp, line 1365]

Events (20 events):
Event: 5151.265 loading class com/android/resources/UiMode done
Event: 5151.265 loading class com/android/resources/NightMode
Event: 5151.265 loading class com/android/resources/NightMode done
Event: 5151.265 loading class com/android/resources/TouchScreen
Event: 5151.265 loading class com/android/resources/TouchScreen done
Event: 5151.266 loading class com/android/resources/KeyboardState
Event: 5151.266 loading class com/android/resources/KeyboardState done
Event: 5151.266 loading class com/android/resources/Keyboard
Event: 5151.266 loading class com/android/resources/Keyboard done
Event: 5151.302 loading class com/android/resources/NavigationState
Event: 5151.302 loading class com/android/resources/NavigationState done
Event: 5151.303 loading class com/android/resources/Navigation
Event: 5151.303 loading class com/android/resources/Navigation done
Event: 5156.265 Executing VM operation: G1CollectForAllocation
Event: 5157.269 Executing VM operation: G1CollectForAllocation done
Event: 5160.854 Executing VM operation: G1CollectForAllocation
Event: 5161.320 Executing VM operation: G1CollectForAllocation done
Event: 5162.166 Executing VM operation: G1CollectForAllocation
Event: 5162.913 Executing VM operation: G1CollectForAllocation done
Event: 5164.398 Executing VM operation: G1CollectForAllocation


Dynamic libraries:
0x00007ff7d87c0000 - 0x00007ff7d87ca000 	C:\Program Files\Android\Android Studio\jre\bin\java.exe
0x00007ff8c6cb0000 - 0x00007ff8c6ea8000 	C:\Windows\SYSTEM32\ntdll.dll
0x00007ff8c6a60000 - 0x00007ff8c6b1d000 	C:\Windows\System32\KERNEL32.DLL
0x00007ff8c47e0000 - 0x00007ff8c4ab2000 	C:\Windows\System32\KERNELBASE.dll
0x00007ff8c4500000 - 0x00007ff8c4600000 	C:\Windows\System32\ucrtbase.dll
0x00007ff8c1010000 - 0x00007ff8c1029000 	C:\Program Files\Android\Android Studio\jre\bin\jli.dll
0x00007ff8bd7e0000 - 0x00007ff8bd7f7000 	C:\Program Files\Android\Android Studio\jre\bin\VCRUNTIME140.dll
0x00007ff8c5320000 - 0x00007ff8c54bd000 	C:\Windows\System32\USER32.dll
0x00007ff8ad710000 - 0x00007ff8ad9aa000 	C:\Windows\WinSxS\amd64_microsoft.windows.common-controls_6595b64144ccf1df_6.0.19041.1110_none_60b5254171f9507e\COMCTL32.dll
0x00007ff8c5d50000 - 0x00007ff8c5dee000 	C:\Windows\System32\msvcrt.dll
0x00007ff8c4390000 - 0x00007ff8c43b2000 	C:\Windows\System32\win32u.dll
0x00007ff8c6900000 - 0x00007ff8c692b000 	C:\Windows\System32\GDI32.dll
0x00007ff8c46a0000 - 0x00007ff8c47af000 	C:\Windows\System32\gdi32full.dll
0x00007ff8c4600000 - 0x00007ff8c469d000 	C:\Windows\System32\msvcp_win.dll
0x00007ff8c5cf0000 - 0x00007ff8c5d20000 	C:\Windows\System32\IMM32.DLL
0x00007ff88d100000 - 0x00007ff88d19d000 	C:\Program Files\Android\Android Studio\jre\bin\msvcp140.dll
0x00007ff875d00000 - 0x00007ff8767e5000 	C:\Program Files\Android\Android Studio\jre\bin\server\jvm.dll
0x00007ff8c4de0000 - 0x00007ff8c4e8e000 	C:\Windows\System32\ADVAPI32.dll
0x00007ff8c67a0000 - 0x00007ff8c683c000 	C:\Windows\System32\sechost.dll
0x00007ff8c6930000 - 0x00007ff8c6a55000 	C:\Windows\System32\RPCRT4.dll
0x00007ff8c5250000 - 0x00007ff8c5258000 	C:\Windows\System32\PSAPI.DLL
0x00007ff8aa310000 - 0x00007ff8aa337000 	C:\Windows\SYSTEM32\WINMM.dll
0x00007ff8bcca0000 - 0x00007ff8bccaa000 	C:\Windows\SYSTEM32\VERSION.dll
0x00007ff8bfc10000 - 0x00007ff8bfc19000 	C:\Windows\SYSTEM32\WSOCK32.dll
0x00007ff8c4d70000 - 0x00007ff8c4ddb000 	C:\Windows\System32\WS2_32.dll
0x00007ff8c2ba0000 - 0x00007ff8c2bb2000 	C:\Windows\SYSTEM32\kernel.appcore.dll
0x00007ff8bad80000 - 0x00007ff8bad91000 	C:\Program Files\Android\Android Studio\jre\bin\verify.dll
0x00007ff8c1f80000 - 0x00007ff8c2164000 	C:\Windows\SYSTEM32\DBGHELP.DLL
0x00007ff8c0180000 - 0x00007ff8c01ac000 	C:\Windows\SYSTEM32\dbgcore.DLL
0x00007ff8c43c0000 - 0x00007ff8c4442000 	C:\Windows\System32\bcryptPrimitives.dll
0x00007ff8b0980000 - 0x00007ff8b09a9000 	C:\Program Files\Android\Android Studio\jre\bin\java.dll
0x00007ff8bf9d0000 - 0x00007ff8bf9db000 	C:\Program Files\Android\Android Studio\jre\bin\jimage.dll
0x00007ff8babc0000 - 0x00007ff8babd8000 	C:\Program Files\Android\Android Studio\jre\bin\zip.dll
0x00007ff8c5f20000 - 0x00007ff8c6663000 	C:\Windows\System32\SHELL32.dll
0x00007ff8c23f0000 - 0x00007ff8c2b81000 	C:\Windows\SYSTEM32\windows.storage.dll
0x00007ff8c4ef0000 - 0x00007ff8c5244000 	C:\Windows\System32\combase.dll
0x00007ff8c3c30000 - 0x00007ff8c3c60000 	C:\Windows\SYSTEM32\Wldp.dll
0x00007ff8c5260000 - 0x00007ff8c530d000 	C:\Windows\System32\SHCORE.dll
0x00007ff8c5c90000 - 0x00007ff8c5ce5000 	C:\Windows\System32\shlwapi.dll
0x00007ff8c42d0000 - 0x00007ff8c42ef000 	C:\Windows\SYSTEM32\profapi.dll
0x00007ff8b95f0000 - 0x00007ff8b960a000 	C:\Program Files\Android\Android Studio\jre\bin\net.dll
0x00007ff8bf0b0000 - 0x00007ff8bf1bd000 	C:\Windows\SYSTEM32\WINHTTP.dll
0x00007ff8abf70000 - 0x00007ff8abf86000 	C:\Windows\system32\PrxerDrv.dll
0x00007ff8c3a10000 - 0x00007ff8c3a7a000 	C:\Windows\system32\mswsock.dll
0x00007ff8b0440000 - 0x00007ff8b0454000 	C:\Program Files\Android\Android Studio\jre\bin\nio.dll
0x00007ff8bf880000 - 0x00007ff8bf8a7000 	C:\Users\EACMS\.gradle\native\e1d6ef7f7dcc3fd88c89a11ec53ec762bb8ba0a96d01ffa2cd45eb1d1d8dd5c5\windows-amd64\native-platform.dll
0x00007ff88cfb0000 - 0x00007ff88d0f4000 	C:\Users\EACMS\.gradle\native\5664cfc778a61ccfe75a443a1ab52a65af34e5dc3c78e0209fed803814484fcb\windows-amd64\native-platform-file-events.dll
0x00007ff8bc5c0000 - 0x00007ff8bc5ca000 	C:\Program Files\Android\Android Studio\jre\bin\management.dll
0x00007ff8bc5a0000 - 0x00007ff8bc5ad000 	C:\Program Files\Android\Android Studio\jre\bin\management_ext.dll
0x00007ff8c3c70000 - 0x00007ff8c3c88000 	C:\Windows\SYSTEM32\CRYPTSP.dll
0x00007ff8c3350000 - 0x00007ff8c3384000 	C:\Windows\system32\rsaenh.dll
0x00007ff8c47b0000 - 0x00007ff8c47d7000 	C:\Windows\System32\bcrypt.dll
0x00007ff8c4250000 - 0x00007ff8c427e000 	C:\Windows\SYSTEM32\USERENV.dll
0x00007ff8c3ba0000 - 0x00007ff8c3bac000 	C:\Windows\SYSTEM32\CRYPTBASE.dll
0x00007ff8c3720000 - 0x00007ff8c375b000 	C:\Windows\SYSTEM32\IPHLPAPI.DLL
0x00007ff8c5310000 - 0x00007ff8c5318000 	C:\Windows\System32\NSI.dll
0x00007ff8baa80000 - 0x00007ff8baa97000 	C:\Windows\SYSTEM32\dhcpcsvc6.DLL
0x00007ff8b74f0000 - 0x00007ff8b750d000 	C:\Windows\SYSTEM32\dhcpcsvc.DLL
0x00007ff8c3760000 - 0x00007ff8c382a000 	C:\Windows\SYSTEM32\DNSAPI.dll
0x00007ff8abf50000 - 0x00007ff8abf62000 	C:\Windows\System32\PrxerNsp.dll
0x00007ff895160000 - 0x00007ff895187000 	C:\Program Files\Android\Android Studio\jre\bin\sunec.dll
0x00007ff8baa70000 - 0x00007ff8baa7a000 	C:\Windows\System32\rasadhlp.dll
0x00007ff8ba770000 - 0x00007ff8ba7f0000 	C:\Windows\System32\fwpuclnt.dll

dbghelp: loaded successfully - version: 4.0.5 - missing functions: none
symbol engine: initialized successfully - sym options: 0x614 - pdb path: .;C:\Program Files\Android\Android Studio\jre\bin;C:\Windows\SYSTEM32;C:\Windows\WinSxS\amd64_microsoft.windows.common-controls_6595b64144ccf1df_6.0.19041.1110_none_60b5254171f9507e;C:\Program Files\Android\Android Studio\jre\bin\server;C:\Users\EACMS\.gradle\native\e1d6ef7f7dcc3fd88c89a11ec53ec762bb8ba0a96d01ffa2cd45eb1d1d8dd5c5\windows-amd64;C:\Users\EACMS\.gradle\native\5664cfc778a61ccfe75a443a1ab52a65af34e5dc3c78e0209fed803814484fcb\windows-amd64

VM Arguments:
jvm_args: --add-opens=java.base/java.util=ALL-UNNAMED --add-opens=java.base/java.lang=ALL-UNNAMED --add-opens=java.base/java.lang.invoke=ALL-UNNAMED --add-opens=java.base/java.util=ALL-UNNAMED --add-opens=java.prefs/java.util.prefs=ALL-UNNAMED --add-opens=java.prefs/java.util.prefs=ALL-UNNAMED --add-opens=java.base/java.nio.charset=ALL-UNNAMED --add-opens=java.base/java.net=ALL-UNNAMED --add-opens=java.base/java.util.concurrent.atomic=ALL-UNNAMED -Xmx2048m -Dfile.encoding=UTF-8 -Duser.country=US -Duser.language=en -Duser.variant 
java_command: org.gradle.launcher.daemon.bootstrap.GradleDaemon 7.3.3
java_class_path (initial): C:\Users\EACMS\.gradle\wrapper\dists\gradle-7.3.3-bin\6a41zxkdtcxs8rphpq6y0069z\gradle-7.3.3\lib\gradle-launcher-7.3.3.jar
Launcher Type: SUN_STANDARD

[Global flags]
     intx CICompilerCount                          = 3                                         {product} {ergonomic}
     uint ConcGCThreads                            = 1                                         {product} {ergonomic}
     uint G1ConcRefinementThreads                  = 4                                         {product} {ergonomic}
   size_t G1HeapRegionSize                         = 1048576                                   {product} {ergonomic}
    uintx GCDrainStackTargetSize                   = 64                                        {product} {ergonomic}
   size_t InitialHeapSize                          = 130023424                                 {product} {ergonomic}
   size_t MarkStackSize                            = 4194304                                   {product} {ergonomic}
   size_t MaxHeapSize                              = 2147483648                                {product} {command line}
   size_t MaxNewSize                               = 1287651328                                {product} {ergonomic}
   size_t MinHeapDeltaBytes                        = 1048576                                   {product} {ergonomic}
    uintx NonNMethodCodeHeapSize                   = 5830732                                {pd product} {ergonomic}
    uintx NonProfiledCodeHeapSize                  = 122913754                              {pd product} {ergonomic}
    uintx ProfiledCodeHeapSize                     = 122913754                              {pd product} {ergonomic}
    uintx ReservedCodeCacheSize                    = 251658240                              {pd product} {ergonomic}
     bool SegmentedCodeCache                       = true                                      {product} {ergonomic}
     bool UseCompressedClassPointers               = true                                 {lp64_product} {ergonomic}
     bool UseCompressedOops                        = true                                 {lp64_product} {ergonomic}
     bool UseG1GC                                  = true                                      {product} {ergonomic}
     bool UseLargePagesIndividualAllocation        = false                                  {pd product} {ergonomic}

Logging:
Log output configuration:
 #0: stdout all=warning uptime,level,tags
 #1: stderr all=off uptime,level,tags

Environment Variables:
JAVA_HOME=C:\Program Files\Java\jdk-16.0.1
PATH=C:\Program Files\Common Files\Oracle\Java\javapath;C:\Windows\system32;C:\Windows;C:\Windows\System32\Wbem;C:\Windows\System32\WindowsPowerShell\v1.0\;C:\Windows\System32\OpenSSH\;C:\Program Files\Java\jdk-16.0.1\bin\;C:\Program Files\apache-maven-3.8.1\bin\;C:\Program Files\apache-maven-3.8.1\bin;d:\Program Files\Git\cmd;D:\Program Files\nodejs\;D:\Program Files\MongoDB\Server\4.4\;C:\Users\EACMS\AppData\Local\Microsoft\WindowsApps;C:\Users\EACMS\AppData\Local\Programs\Microsoft VS Code\bin;C:\Users\EACMS\AppData\Roaming\npm;C:\Program Files\MongoDB\Server\4.4;C:\Program Files\MongoDB\Server\4.4\bin;C:\Users\EACMS\Documents\flutter\bin;d:\Program Files\heroku\bin;C:\Program Files\JetBrains\IntelliJ IDEA 2021.2.3\bin;;D:\sqllite3
USERNAME=EACMS
OS=Windows_NT
PROCESSOR_IDENTIFIER=Intel64 Family 6 Model 140 Stepping 1, GenuineIntel



---------------  S Y S T E M  ---------------

OS: Windows 10 , 64 bit Build 19041 (10.0.19041.1889)
OS uptime: 3 days 23:38 hours
Hyper-V role detected

CPU:total 4 (initial active 4) (2 cores per cpu, 2 threads per core) family 6 model 140 stepping 1 microcode 0xa4, cmov, cx8, fxsr, mmx, sse, sse2, sse3, ssse3, sse4.1, sse4.2, popcnt, avx, avx2, aes, clmul, erms, 3dnowpref, lzcnt, ht, tsc, tscinvbit, bmi1, bmi2, adx, evex, sha, fma

Memory: 4k page, system-wide physical 7918M (167M free)
TotalPageFile size 12014M (AvailPageFile size 3M)
current process WorkingSet (physical memory assigned to process): 360M, peak: 541M
current process commit charge ("private bytes"): 544M, peak: 572M

vm_info: OpenJDK 64-Bit Server VM (11.0.12+7-b1504.28-7817840) for windows-amd64 JRE (11.0.12+7-b1504.28-7817840), built on Oct 13 2021 22:12:33 by "builder" with MS VC++ 14.0 (VS2015)

END.
